-- Found ament_cmake: 2.7.5 (/opt/ros/kilted/share/ament_cmake/cmake)
-- Found gz_transport_vendor: 0.2.4 (/ws_aic/install/share/gz_transport_vendor/cmake)
-- Looking for gz-transport14 -- found version 14.2.0
-- Searching for dependencies of gz-transport14
-- Found Protobuf: /usr/lib/x86_64-linux-gnu/libprotobuf.so (found version "3.21.12") 
-- Config-file not installed for ZeroMQ -- checking for pkg-config
-- Checking for module 'libzmq >= 4'
--   Found libzmq, version 4.3.5
-- Found ZeroMQ: TRUE (Required is at least version "4") 
-- Checking for module 'uuid'
--   Found uuid, version 2.39.3
-- Found UUID: TRUE  
-- Looking for gz-utils3 -- found version 3.1.1
-- Searching for dependencies of gz-utils3
-- Searching for <gz-utils3> component [cli]
-- Looking for gz-utils3-cli -- found version 3.1.1
-- Searching for dependencies of gz-utils3-cli
-- Looking for gz-msgs11 -- found version 11.1.0
-- Searching for dependencies of gz-msgs11
-- Looking for gz-utils3 -- found version 3.1.1
-- Looking for gz-math8 -- found version 8.2.0
-- Searching for dependencies of gz-math8
-- Looking for gz-utils3 -- found version 3.1.1
-- Checking for module 'tinyxml2'
--   Found tinyxml2, version 10.0.0
-- Looking for gz-msgs11 -- found version 11.1.0
-- Found ament_lint_auto: 0.19.2 (/opt/ros/kilted/share/ament_lint_auto/cmake)
-- Configuring done (0.7s)
-- Generating done (0.0s)
-- Build files have been written to: /home/ubuntu/ws_aic/src/aic/build/aic_gazebo_transport_bridge
[ 50%] Building CXX object CMakeFiles/aic_gz_transport_bridge.dir/src/aic_gz_transport_bridge.cc.o
[100%] Linking CXX executable aic_gz_transport_bridge
[100%] Built target aic_gz_transport_bridge
-- Install configuration: ""
-- Installing: /home/ubuntu/ws_aic/src/aic/install/lib/aic_gazebo_transport_bridge/aic_gz_transport_bridge
-- Set non-toolchain portion of runtime path of "/home/ubuntu/ws_aic/src/aic/install/lib/aic_gazebo_transport_bridge/aic_gz_transport_bridge" to ""
-- Installing: /home/ubuntu/ws_aic/src/aic/install/share/ament_index/resource_index/package_run_dependencies/aic_gazebo_transport_bridge
-- Installing: /home/ubuntu/ws_aic/src/aic/install/share/ament_index/resource_index/parent_prefix_path/aic_gazebo_transport_bridge
-- Installing: /home/ubuntu/ws_aic/src/aic/install/share/aic_gazebo_transport_bridge/environment/ament_prefix_path.sh
-- Installing: /home/ubuntu/ws_aic/src/aic/install/share/aic_gazebo_transport_bridge/environment/ament_prefix_path.dsv
-- Installing: /home/ubuntu/ws_aic/src/aic/install/share/aic_gazebo_transport_bridge/environment/path.sh
-- Installing: /home/ubuntu/ws_aic/src/aic/install/share/aic_gazebo_transport_bridge/environment/path.dsv
-- Installing: /home/ubuntu/ws_aic/src/aic/install/share/aic_gazebo_transport_bridge/local_setup.bash
-- Installing: /home/ubuntu/ws_aic/src/aic/install/share/aic_gazebo_transport_bridge/local_setup.sh
-- Installing: /home/ubuntu/ws_aic/src/aic/install/share/aic_gazebo_transport_bridge/local_setup.zsh
-- Installing: /home/ubuntu/ws_aic/src/aic/install/share/aic_gazebo_transport_bridge/local_setup.dsv
-- Installing: /home/ubuntu/ws_aic/src/aic/install/share/aic_gazebo_transport_bridge/package.dsv
-- Installing: /home/ubuntu/ws_aic/src/aic/install/share/ament_index/resource_index/packages/aic_gazebo_transport_bridge
-- Installing: /home/ubuntu/ws_aic/src/aic/install/share/aic_gazebo_transport_bridge/cmake/aic_gazebo_transport_bridgeConfig.cmake
-- Installing: /home/ubuntu/ws_aic/src/aic/install/share/aic_gazebo_transport_bridge/cmake/aic_gazebo_transport_bridgeConfig-version.cmake
-- Installing: /home/ubuntu/ws_aic/src/aic/install/share/aic_gazebo_transport_bridge/package.xml
