[0.012s] Invoking command in '/home/ubuntu/ws_aic/src/aic/build/aic_gazebo_transport_bridge': CMAKE_PREFIX_PATH=${CMAKE_PREFIX_PATH}:/opt/ros/kilted /usr/bin/cmake /home/ubuntu/ws_aic/src/aic/aic_utils/aic_gazebo_transport_bridge -DCMAKE_INSTALL_PREFIX=/home/ubuntu/ws_aic/src/aic/install
[0.026s] -- Found ament_cmake: 2.7.5 (/opt/ros/kilted/share/ament_cmake/cmake)
[0.221s] -- Found gz_transport_vendor: 0.2.4 (/ws_aic/install/share/gz_transport_vendor/cmake)
[0.239s] -- Looking for gz-transport14 -- found version 14.2.0
[0.246s] -- Searching for dependencies of gz-transport14
[0.377s] -- Found Protobuf: /usr/lib/x86_64-linux-gnu/libprotobuf.so (found version "3.21.12") 
[0.397s] -- Config-file not installed for ZeroMQ -- checking for pkg-config
[0.402s] -- Checking for module 'libzmq >= 4'
[0.416s] --   Found libzmq, version 4.3.5
[0.456s] -- Found ZeroMQ: TRUE (Required is at least version "4") 
[0.462s] -- Checking for module 'uuid'
[0.475s] --   Found uuid, version 2.39.3
[0.508s] -- Found UUID: TRUE  
[0.510s] -- Looking for gz-utils3 -- found version 3.1.1
[0.510s] -- Searching for dependencies of gz-utils3
[0.510s] -- Searching for <gz-utils3> component [cli]
[0.512s] -- Looking for gz-utils3-cli -- found version 3.1.1
[0.512s] -- Searching for dependencies of gz-utils3-cli
[0.514s] -- Looking for gz-msgs11 -- found version 11.1.0
[0.514s] -- Searching for dependencies of gz-msgs11
[0.541s] -- Looking for gz-utils3 -- found version 3.1.1
[0.543s] -- Looking for gz-math8 -- found version 8.2.0
[0.543s] -- Searching for dependencies of gz-math8
[0.543s] -- Looking for gz-utils3 -- found version 3.1.1
[0.548s] -- Checking for module 'tinyxml2'
[0.562s] --   Found tinyxml2, version 10.0.0
[0.598s] -- Looking for gz-msgs11 -- found version 11.1.0
[0.603s] -- Found ament_lint_auto: 0.19.2 (/opt/ros/kilted/share/ament_lint_auto/cmake)
[0.684s] -- Configuring done (0.7s)
[0.691s] -- Generating done (0.0s)
[0.693s] -- Build files have been written to: /home/ubuntu/ws_aic/src/aic/build/aic_gazebo_transport_bridge
[0.698s] Invoked command in '/home/ubuntu/ws_aic/src/aic/build/aic_gazebo_transport_bridge' returned '0': CMAKE_PREFIX_PATH=${CMAKE_PREFIX_PATH}:/opt/ros/kilted /usr/bin/cmake /home/ubuntu/ws_aic/src/aic/aic_utils/aic_gazebo_transport_bridge -DCMAKE_INSTALL_PREFIX=/home/ubuntu/ws_aic/src/aic/install
[0.699s] Invoking command in '/home/ubuntu/ws_aic/src/aic/build/aic_gazebo_transport_bridge': CMAKE_PREFIX_PATH=${CMAKE_PREFIX_PATH}:/opt/ros/kilted /usr/bin/cmake --build /home/ubuntu/ws_aic/src/aic/build/aic_gazebo_transport_bridge -- -j8 -l8
[0.751s] [ 50%] Building CXX object CMakeFiles/aic_gz_transport_bridge.dir/src/aic_gz_transport_bridge.cc.o
[2.655s] [100%] Linking CXX executable aic_gz_transport_bridge
[2.764s] [100%] Built target aic_gz_transport_bridge
[2.775s] Invoked command in '/home/ubuntu/ws_aic/src/aic/build/aic_gazebo_transport_bridge' returned '0': CMAKE_PREFIX_PATH=${CMAKE_PREFIX_PATH}:/opt/ros/kilted /usr/bin/cmake --build /home/ubuntu/ws_aic/src/aic/build/aic_gazebo_transport_bridge -- -j8 -l8
[2.784s] Invoking command in '/home/ubuntu/ws_aic/src/aic/build/aic_gazebo_transport_bridge': CMAKE_PREFIX_PATH=${CMAKE_PREFIX_PATH}:/opt/ros/kilted /usr/bin/cmake --install /home/ubuntu/ws_aic/src/aic/build/aic_gazebo_transport_bridge
[2.792s] -- Install configuration: ""
[2.792s] -- Installing: /home/ubuntu/ws_aic/src/aic/install/lib/aic_gazebo_transport_bridge/aic_gz_transport_bridge
[2.793s] -- Set non-toolchain portion of runtime path of "/home/ubuntu/ws_aic/src/aic/install/lib/aic_gazebo_transport_bridge/aic_gz_transport_bridge" to ""
[2.793s] -- Installing: /home/ubuntu/ws_aic/src/aic/install/share/ament_index/resource_index/package_run_dependencies/aic_gazebo_transport_bridge
[2.793s] -- Installing: /home/ubuntu/ws_aic/src/aic/install/share/ament_index/resource_index/parent_prefix_path/aic_gazebo_transport_bridge
[2.794s] -- Installing: /home/ubuntu/ws_aic/src/aic/install/share/aic_gazebo_transport_bridge/environment/ament_prefix_path.sh
[2.794s] -- Installing: /home/ubuntu/ws_aic/src/aic/install/share/aic_gazebo_transport_bridge/environment/ament_prefix_path.dsv
[2.794s] -- Installing: /home/ubuntu/ws_aic/src/aic/install/share/aic_gazebo_transport_bridge/environment/path.sh
[2.794s] -- Installing: /home/ubuntu/ws_aic/src/aic/install/share/aic_gazebo_transport_bridge/environment/path.dsv
[2.794s] -- Installing: /home/ubuntu/ws_aic/src/aic/install/share/aic_gazebo_transport_bridge/local_setup.bash
[2.794s] -- Installing: /home/ubuntu/ws_aic/src/aic/install/share/aic_gazebo_transport_bridge/local_setup.sh
[2.795s] -- Installing: /home/ubuntu/ws_aic/src/aic/install/share/aic_gazebo_transport_bridge/local_setup.zsh
[2.795s] -- Installing: /home/ubuntu/ws_aic/src/aic/install/share/aic_gazebo_transport_bridge/local_setup.dsv
[2.795s] -- Installing: /home/ubuntu/ws_aic/src/aic/install/share/aic_gazebo_transport_bridge/package.dsv
[2.795s] -- Installing: /home/ubuntu/ws_aic/src/aic/install/share/ament_index/resource_index/packages/aic_gazebo_transport_bridge
[2.795s] -- Installing: /home/ubuntu/ws_aic/src/aic/install/share/aic_gazebo_transport_bridge/cmake/aic_gazebo_transport_bridgeConfig.cmake
[2.796s] -- Installing: /home/ubuntu/ws_aic/src/aic/install/share/aic_gazebo_transport_bridge/cmake/aic_gazebo_transport_bridgeConfig-version.cmake
[2.796s] -- Installing: /home/ubuntu/ws_aic/src/aic/install/share/aic_gazebo_transport_bridge/package.xml
[2.797s] Invoked command in '/home/ubuntu/ws_aic/src/aic/build/aic_gazebo_transport_bridge' returned '0': CMAKE_PREFIX_PATH=${CMAKE_PREFIX_PATH}:/opt/ros/kilted /usr/bin/cmake --install /home/ubuntu/ws_aic/src/aic/build/aic_gazebo_transport_bridge
