[0.010s] Invoking command in '/workspace/ws_aic/src/aic/build/aic_bringup': AMENT_PREFIX_PATH=/workspace/ws_aic/install_live:${AMENT_PREFIX_PATH} CMAKE_PREFIX_PATH=/workspace/ws_aic/install_live:/ws_aic/install:/opt/ros/kilted/opt/sdformat_vendor:/opt/ros/kilted/opt/gz_math_vendor:/opt/ros/kilted/opt/gz_utils_vendor:/opt/ros/kilted/opt/gz_tools_vendor:/opt/ros/kilted/opt/gz_ogre_next_vendor:/opt/ros/kilted/opt/gz_dartsim_vendor:/opt/ros/kilted/opt/gz_cmake_vendor:/opt/ros/kilted /usr/bin/cmake /workspace/ws_aic/src/aic/aic_bringup -DCMAKE_INSTALL_PREFIX=/workspace/ws_aic/install_live
[0.066s] -- The C compiler identification is GNU 13.3.0
[0.121s] -- The CXX compiler identification is GNU 13.3.0
[0.138s] -- Detecting C compiler ABI info
[0.230s] -- Detecting C compiler ABI info - done
[0.238s] -- Check for working C compiler: /usr/bin/cc - skipped
[0.239s] -- Detecting C compile features
[0.239s] -- Detecting C compile features - done
[0.249s] -- Detecting CXX compiler ABI info
[0.351s] -- Detecting CXX compiler ABI info - done
[0.359s] -- Check for working CXX compiler: /usr/bin/c++ - skipped
[0.360s] -- Detecting CXX compile features
[0.360s] -- Detecting CXX compile features - done
[0.366s] -- Found ament_cmake: 2.7.5 (/opt/ros/kilted/share/ament_cmake/cmake)
[0.515s] -- Found Python3: /usr/bin/python3 (found version "3.12.3") found components: Interpreter 
[0.729s] -- Configuring done (0.7s)
[0.733s] -- Generating done (0.0s)
[0.735s] -- Build files have been written to: /workspace/ws_aic/src/aic/build/aic_bringup
[0.740s] Invoked command in '/workspace/ws_aic/src/aic/build/aic_bringup' returned '0': AMENT_PREFIX_PATH=/workspace/ws_aic/install_live:${AMENT_PREFIX_PATH} CMAKE_PREFIX_PATH=/workspace/ws_aic/install_live:/ws_aic/install:/opt/ros/kilted/opt/sdformat_vendor:/opt/ros/kilted/opt/gz_math_vendor:/opt/ros/kilted/opt/gz_utils_vendor:/opt/ros/kilted/opt/gz_tools_vendor:/opt/ros/kilted/opt/gz_ogre_next_vendor:/opt/ros/kilted/opt/gz_dartsim_vendor:/opt/ros/kilted/opt/gz_cmake_vendor:/opt/ros/kilted /usr/bin/cmake /workspace/ws_aic/src/aic/aic_bringup -DCMAKE_INSTALL_PREFIX=/workspace/ws_aic/install_live
[0.741s] Invoking command in '/workspace/ws_aic/src/aic/build/aic_bringup': AMENT_PREFIX_PATH=/workspace/ws_aic/install_live:${AMENT_PREFIX_PATH} CMAKE_PREFIX_PATH=/workspace/ws_aic/install_live:/ws_aic/install:/opt/ros/kilted/opt/sdformat_vendor:/opt/ros/kilted/opt/gz_math_vendor:/opt/ros/kilted/opt/gz_utils_vendor:/opt/ros/kilted/opt/gz_tools_vendor:/opt/ros/kilted/opt/gz_ogre_next_vendor:/opt/ros/kilted/opt/gz_dartsim_vendor:/opt/ros/kilted/opt/gz_cmake_vendor:/opt/ros/kilted /usr/bin/cmake --build /workspace/ws_aic/src/aic/build/aic_bringup -- -j8 -l8
[0.784s] Invoked command in '/workspace/ws_aic/src/aic/build/aic_bringup' returned '0': AMENT_PREFIX_PATH=/workspace/ws_aic/install_live:${AMENT_PREFIX_PATH} CMAKE_PREFIX_PATH=/workspace/ws_aic/install_live:/ws_aic/install:/opt/ros/kilted/opt/sdformat_vendor:/opt/ros/kilted/opt/gz_math_vendor:/opt/ros/kilted/opt/gz_utils_vendor:/opt/ros/kilted/opt/gz_tools_vendor:/opt/ros/kilted/opt/gz_ogre_next_vendor:/opt/ros/kilted/opt/gz_dartsim_vendor:/opt/ros/kilted/opt/gz_cmake_vendor:/opt/ros/kilted /usr/bin/cmake --build /workspace/ws_aic/src/aic/build/aic_bringup -- -j8 -l8
[0.784s] Invoking command in '/workspace/ws_aic/src/aic/build/aic_bringup': AMENT_PREFIX_PATH=/workspace/ws_aic/install_live:${AMENT_PREFIX_PATH} CMAKE_PREFIX_PATH=/workspace/ws_aic/install_live:/ws_aic/install:/opt/ros/kilted/opt/sdformat_vendor:/opt/ros/kilted/opt/gz_math_vendor:/opt/ros/kilted/opt/gz_utils_vendor:/opt/ros/kilted/opt/gz_tools_vendor:/opt/ros/kilted/opt/gz_ogre_next_vendor:/opt/ros/kilted/opt/gz_dartsim_vendor:/opt/ros/kilted/opt/gz_cmake_vendor:/opt/ros/kilted /usr/bin/cmake --install /workspace/ws_aic/src/aic/build/aic_bringup
[0.793s] -- Install configuration: ""
[0.794s] -- Up-to-date: /workspace/ws_aic/install_live/share/aic_bringup/config
[0.794s] -- Up-to-date: /workspace/ws_aic/install_live/share/aic_bringup/config/ros_gz_bridge_config.yaml
[0.794s] -- Up-to-date: /workspace/ws_aic/install_live/share/aic_bringup/config/aic_ros2_controllers.yaml
[0.794s] -- Up-to-date: /workspace/ws_aic/install_live/share/aic_bringup/launch
[0.794s] -- Up-to-date: /workspace/ws_aic/install_live/share/aic_bringup/launch/spawn_task_board.launch.py
[0.794s] -- Up-to-date: /workspace/ws_aic/install_live/share/aic_bringup/launch/spawn_cable.launch.py
[0.794s] -- Up-to-date: /workspace/ws_aic/install_live/share/aic_bringup/launch/aic_gz_bringup.launch.py
[0.794s] -- Up-to-date: /workspace/ws_aic/install_live/share/aic_bringup/rviz
[0.794s] -- Up-to-date: /workspace/ws_aic/install_live/share/aic_bringup/rviz/aic.rviz
[0.795s] -- Up-to-date: /workspace/ws_aic/install_live/lib/aic_bringup/test_impedance.py
[0.795s] -- Up-to-date: /workspace/ws_aic/install_live/lib/aic_bringup/home_robot.py
[0.795s] -- Installing: /workspace/ws_aic/install_live/share/aic_bringup/environment/gz_config_path.dsv
[0.795s] -- Installing: /workspace/ws_aic/install_live/share/ament_index/resource_index/package_run_dependencies/aic_bringup
[0.795s] -- Installing: /workspace/ws_aic/install_live/share/ament_index/resource_index/parent_prefix_path/aic_bringup
[0.795s] -- Up-to-date: /workspace/ws_aic/install_live/share/aic_bringup/environment/ament_prefix_path.sh
[0.795s] -- Installing: /workspace/ws_aic/install_live/share/aic_bringup/environment/ament_prefix_path.dsv
[0.795s] -- Up-to-date: /workspace/ws_aic/install_live/share/aic_bringup/environment/path.sh
[0.795s] -- Installing: /workspace/ws_aic/install_live/share/aic_bringup/environment/path.dsv
[0.795s] -- Installing: /workspace/ws_aic/install_live/share/aic_bringup/local_setup.bash
[0.796s] -- Installing: /workspace/ws_aic/install_live/share/aic_bringup/local_setup.sh
[0.796s] -- Installing: /workspace/ws_aic/install_live/share/aic_bringup/local_setup.zsh
[0.796s] -- Installing: /workspace/ws_aic/install_live/share/aic_bringup/local_setup.dsv
[0.796s] -- Installing: /workspace/ws_aic/install_live/share/aic_bringup/package.dsv
[0.796s] -- Installing: /workspace/ws_aic/install_live/share/ament_index/resource_index/packages/aic_bringup
[0.796s] -- Installing: /workspace/ws_aic/install_live/share/aic_bringup/cmake/aic_bringupConfig.cmake
[0.797s] -- Installing: /workspace/ws_aic/install_live/share/aic_bringup/cmake/aic_bringupConfig-version.cmake
[0.797s] -- Up-to-date: /workspace/ws_aic/install_live/share/aic_bringup/package.xml
[0.798s] Invoked command in '/workspace/ws_aic/src/aic/build/aic_bringup' returned '0': AMENT_PREFIX_PATH=/workspace/ws_aic/install_live:${AMENT_PREFIX_PATH} CMAKE_PREFIX_PATH=/workspace/ws_aic/install_live:/ws_aic/install:/opt/ros/kilted/opt/sdformat_vendor:/opt/ros/kilted/opt/gz_math_vendor:/opt/ros/kilted/opt/gz_utils_vendor:/opt/ros/kilted/opt/gz_tools_vendor:/opt/ros/kilted/opt/gz_ogre_next_vendor:/opt/ros/kilted/opt/gz_dartsim_vendor:/opt/ros/kilted/opt/gz_cmake_vendor:/opt/ros/kilted /usr/bin/cmake --install /workspace/ws_aic/src/aic/build/aic_bringup
