[0.000000] (-) TimerEvent: {}
[0.000182] (-) JobUnselected: {'identifier': 'aic_adapter'}
[0.000218] (-) JobUnselected: {'identifier': 'aic_assets'}
[0.000242] (-) JobUnselected: {'identifier': 'aic_bringup'}
[0.000261] (-) JobUnselected: {'identifier': 'aic_control_interfaces'}
[0.000278] (-) JobUnselected: {'identifier': 'aic_controller'}
[0.000295] (-) JobUnselected: {'identifier': 'aic_description'}
[0.000310] (-) JobUnselected: {'identifier': 'aic_engine'}
[0.000326] (-) JobUnselected: {'identifier': 'aic_engine_interfaces'}
[0.000341] (-) JobUnselected: {'identifier': 'aic_example_policies'}
[0.000356] (-) JobUnselected: {'identifier': 'aic_gazebo'}
[0.000371] (-) JobUnselected: {'identifier': 'aic_model'}
[0.000386] (-) JobUnselected: {'identifier': 'aic_model_interfaces'}
[0.000400] (-) JobUnselected: {'identifier': 'aic_mujoco'}
[0.000415] (-) JobUnselected: {'identifier': 'aic_scoring'}
[0.000429] (-) JobUnselected: {'identifier': 'aic_task'}
[0.000443] (-) JobUnselected: {'identifier': 'aic_task_interfaces'}
[0.000457] (-) JobUnselected: {'identifier': 'aic_teleoperation'}
[0.000471] (-) JobUnselected: {'identifier': 'lerobot_robot_aic'}
[0.000488] (aic_gazebo_transport_bridge) JobQueued: {'identifier': 'aic_gazebo_transport_bridge', 'dependencies': OrderedDict()}
[0.000871] (aic_gazebo_transport_bridge) JobStarted: {'identifier': 'aic_gazebo_transport_bridge'}
[0.011569] (aic_gazebo_transport_bridge) JobProgress: {'identifier': 'aic_gazebo_transport_bridge', 'progress': 'cmake'}
[0.012117] (aic_gazebo_transport_bridge) Command: {'cmd': ['/usr/bin/cmake', '/home/ubuntu/ws_aic/src/aic/aic_utils/aic_gazebo_transport_bridge', '-DCMAKE_INSTALL_PREFIX=/home/ubuntu/ws_aic/src/aic/install'], 'cwd': '/home/ubuntu/ws_aic/src/aic/build/aic_gazebo_transport_bridge', 'env': OrderedDict({'GZ_SIM_SYSTEM_PLUGIN_PATH': '/ws_aic/install/lib/aic_gazebo/', 'GZ_SIM_RESOURCE_PATH': '/ws_aic/install/share/aic_assets/models:/ws_aic/install/share', 'USER': 'root', 'GZ_CONFIG_PATH': '/ws_aic/install/share/gz:/opt/ros/kilted/opt/sdformat_vendor/share/gz', 'XAUTHLOCALHOSTNAME': '', 'HOSTNAME': 'aic_eval.ip-172-31-65-30', 'ROS_PACKAGE_PATH': '/ws_aic/install', 'SHLVL': '0', 'LD_LIBRARY_PATH': '/ws_aic/install/lib:/opt/ros/kilted/opt/zenoh_cpp_vendor/lib:/opt/ros/kilted/opt/sdformat_vendor/lib:/opt/ros/kilted/opt/gz_math_vendor/lib:/opt/ros/kilted/opt/gz_utils_vendor/lib:/opt/ros/kilted/opt/rviz_ogre_vendor/lib:/opt/ros/kilted/lib/x86_64-linux-gnu:/opt/ros/kilted/opt/gz_tools_vendor/lib:/opt/ros/kilted/opt/gz_ogre_next_vendor/lib:/opt/ros/kilted/opt/gz_dartsim_vendor/lib:/opt/ros/kilted/opt/gz_cmake_vendor/lib:/opt/ros/kilted/lib', 'HOME': '/home/ubuntu', 'OLDPWD': '/', 'ROS_PYTHON_VERSION': '3', 'container': 'sudo docker', 'COLCON_PREFIX_PATH': '/ws_aic/install', 'ROS_DISTRO': 'kilted', '_': '/usr/bin/colcon', 'ROS_VERSION': '2', 'PKG_CONFIG_PATH': '/ws_aic/install/lib/x86_64-linux-gnu/pkgconfig:/ws_aic/install/lib/pkgconfig', 'TERMINFO_DIRS': '/usr/share/terminfo:/run/host/usr/share/terminfo', 'PATH': '/ws_aic/install/bin:/opt/ros/kilted/opt/gz_tools_vendor/bin:/opt/ros/kilted/opt/gz_ogre_next_vendor/bin:/opt/ros/kilted/bin:/usr/local/sbin:/usr/local/bin:/usr/sbin:/usr/bin:/sbin:/bin', 'DISPLAY': '', 'LANG': 'C.UTF-8', 'XAUTHORITY': '', 'AMENT_PREFIX_PATH': '/ws_aic/install:/opt/ros/kilted', 'SHELL': '/bin/bash', 'ROS_AUTOMATIC_DISCOVERY_RANGE': 'SUBNET', 'PWD': '/home/ubuntu/ws_aic/src/aic/build/aic_gazebo_transport_bridge', 'LC_ALL': 'C.UTF-8', 'PYTHONPATH': '/ws_aic/install/lib/python3.12/site-packages:/opt/ros/kilted/lib/python3.12/site-packages', 'COLCON': '1', 'CMAKE_PREFIX_PATH': '/ws_aic/install:/opt/ros/kilted/opt/sdformat_vendor:/opt/ros/kilted/opt/gz_math_vendor:/opt/ros/kilted/opt/gz_utils_vendor:/opt/ros/kilted/opt/gz_tools_vendor:/opt/ros/kilted/opt/gz_ogre_next_vendor:/opt/ros/kilted/opt/gz_dartsim_vendor:/opt/ros/kilted/opt/gz_cmake_vendor:/opt/ros/kilted'}), 'shell': False}
[0.026772] (aic_gazebo_transport_bridge) StdoutLine: {'line': b'-- Found ament_cmake: 2.7.5 (/opt/ros/kilted/share/ament_cmake/cmake)\n'}
[0.099803] (-) TimerEvent: {}
[0.199933] (-) TimerEvent: {}
[0.222142] (aic_gazebo_transport_bridge) StdoutLine: {'line': b'-- Found gz_transport_vendor: 0.2.4 (/ws_aic/install/share/gz_transport_vendor/cmake)\n'}
[0.239425] (aic_gazebo_transport_bridge) StdoutLine: {'line': b'-- Looking for gz-transport14 -- found version 14.2.0\n'}
[0.246371] (aic_gazebo_transport_bridge) StdoutLine: {'line': b'-- Searching for dependencies of gz-transport14\n'}
[0.300025] (-) TimerEvent: {}
[0.377834] (aic_gazebo_transport_bridge) StdoutLine: {'line': b'-- Found Protobuf: /usr/lib/x86_64-linux-gnu/libprotobuf.so (found version "3.21.12") \n'}
[0.397765] (aic_gazebo_transport_bridge) StdoutLine: {'line': b'-- Config-file not installed for ZeroMQ -- checking for pkg-config\n'}
[0.400100] (-) TimerEvent: {}
[0.402992] (aic_gazebo_transport_bridge) StdoutLine: {'line': b"-- Checking for module 'libzmq >= 4'\n"}
[0.416744] (aic_gazebo_transport_bridge) StdoutLine: {'line': b'--   Found libzmq, version 4.3.5\n'}
[0.457120] (aic_gazebo_transport_bridge) StdoutLine: {'line': b'-- Found ZeroMQ: TRUE (Required is at least version "4") \n'}
[0.462636] (aic_gazebo_transport_bridge) StdoutLine: {'line': b"-- Checking for module 'uuid'\n"}
[0.476054] (aic_gazebo_transport_bridge) StdoutLine: {'line': b'--   Found uuid, version 2.39.3\n'}
[0.500185] (-) TimerEvent: {}
[0.508779] (aic_gazebo_transport_bridge) StdoutLine: {'line': b'-- Found UUID: TRUE  \n'}
[0.510383] (aic_gazebo_transport_bridge) StdoutLine: {'line': b'-- Looking for gz-utils3 -- found version 3.1.1\n'}
[0.510599] (aic_gazebo_transport_bridge) StdoutLine: {'line': b'-- Searching for dependencies of gz-utils3\n'}
[0.511057] (aic_gazebo_transport_bridge) StdoutLine: {'line': b'-- Searching for <gz-utils3> component [cli]\n'}
[0.512570] (aic_gazebo_transport_bridge) StdoutLine: {'line': b'-- Looking for gz-utils3-cli -- found version 3.1.1\n'}
[0.512770] (aic_gazebo_transport_bridge) StdoutLine: {'line': b'-- Searching for dependencies of gz-utils3-cli\n'}
[0.514639] (aic_gazebo_transport_bridge) StdoutLine: {'line': b'-- Looking for gz-msgs11 -- found version 11.1.0\n'}
[0.514800] (aic_gazebo_transport_bridge) StdoutLine: {'line': b'-- Searching for dependencies of gz-msgs11\n'}
[0.541847] (aic_gazebo_transport_bridge) StdoutLine: {'line': b'-- Looking for gz-utils3 -- found version 3.1.1\n'}
[0.543402] (aic_gazebo_transport_bridge) StdoutLine: {'line': b'-- Looking for gz-math8 -- found version 8.2.0\n'}
[0.543579] (aic_gazebo_transport_bridge) StdoutLine: {'line': b'-- Searching for dependencies of gz-math8\n'}
[0.543928] (aic_gazebo_transport_bridge) StdoutLine: {'line': b'-- Looking for gz-utils3 -- found version 3.1.1\n'}
[0.549023] (aic_gazebo_transport_bridge) StdoutLine: {'line': b"-- Checking for module 'tinyxml2'\n"}
[0.562964] (aic_gazebo_transport_bridge) StdoutLine: {'line': b'--   Found tinyxml2, version 10.0.0\n'}
[0.598382] (aic_gazebo_transport_bridge) StdoutLine: {'line': b'-- Looking for gz-msgs11 -- found version 11.1.0\n'}
[0.600269] (-) TimerEvent: {}
[0.603654] (aic_gazebo_transport_bridge) StdoutLine: {'line': b'-- Found ament_lint_auto: 0.19.2 (/opt/ros/kilted/share/ament_lint_auto/cmake)\n'}
[0.684694] (aic_gazebo_transport_bridge) StdoutLine: {'line': b'-- Configuring done (0.7s)\n'}
[0.691479] (aic_gazebo_transport_bridge) StdoutLine: {'line': b'-- Generating done (0.0s)\n'}
[0.693785] (aic_gazebo_transport_bridge) StdoutLine: {'line': b'-- Build files have been written to: /home/ubuntu/ws_aic/src/aic/build/aic_gazebo_transport_bridge\n'}
[0.698844] (aic_gazebo_transport_bridge) CommandEnded: {'returncode': 0}
[0.699393] (aic_gazebo_transport_bridge) JobProgress: {'identifier': 'aic_gazebo_transport_bridge', 'progress': 'build'}
[0.700093] (aic_gazebo_transport_bridge) Command: {'cmd': ['/usr/bin/cmake', '--build', '/home/ubuntu/ws_aic/src/aic/build/aic_gazebo_transport_bridge', '--', '-j8', '-l8'], 'cwd': '/home/ubuntu/ws_aic/src/aic/build/aic_gazebo_transport_bridge', 'env': OrderedDict({'GZ_SIM_SYSTEM_PLUGIN_PATH': '/ws_aic/install/lib/aic_gazebo/', 'GZ_SIM_RESOURCE_PATH': '/ws_aic/install/share/aic_assets/models:/ws_aic/install/share', 'USER': 'root', 'GZ_CONFIG_PATH': '/ws_aic/install/share/gz:/opt/ros/kilted/opt/sdformat_vendor/share/gz', 'XAUTHLOCALHOSTNAME': '', 'HOSTNAME': 'aic_eval.ip-172-31-65-30', 'ROS_PACKAGE_PATH': '/ws_aic/install', 'SHLVL': '0', 'LD_LIBRARY_PATH': '/ws_aic/install/lib:/opt/ros/kilted/opt/zenoh_cpp_vendor/lib:/opt/ros/kilted/opt/sdformat_vendor/lib:/opt/ros/kilted/opt/gz_math_vendor/lib:/opt/ros/kilted/opt/gz_utils_vendor/lib:/opt/ros/kilted/opt/rviz_ogre_vendor/lib:/opt/ros/kilted/lib/x86_64-linux-gnu:/opt/ros/kilted/opt/gz_tools_vendor/lib:/opt/ros/kilted/opt/gz_ogre_next_vendor/lib:/opt/ros/kilted/opt/gz_dartsim_vendor/lib:/opt/ros/kilted/opt/gz_cmake_vendor/lib:/opt/ros/kilted/lib', 'HOME': '/home/ubuntu', 'OLDPWD': '/', 'ROS_PYTHON_VERSION': '3', 'container': 'sudo docker', 'COLCON_PREFIX_PATH': '/ws_aic/install', 'ROS_DISTRO': 'kilted', '_': '/usr/bin/colcon', 'ROS_VERSION': '2', 'PKG_CONFIG_PATH': '/ws_aic/install/lib/x86_64-linux-gnu/pkgconfig:/ws_aic/install/lib/pkgconfig', 'TERMINFO_DIRS': '/usr/share/terminfo:/run/host/usr/share/terminfo', 'PATH': '/ws_aic/install/bin:/opt/ros/kilted/opt/gz_tools_vendor/bin:/opt/ros/kilted/opt/gz_ogre_next_vendor/bin:/opt/ros/kilted/bin:/usr/local/sbin:/usr/local/bin:/usr/sbin:/usr/bin:/sbin:/bin', 'DISPLAY': '', 'LANG': 'C.UTF-8', 'XAUTHORITY': '', 'AMENT_PREFIX_PATH': '/ws_aic/install:/opt/ros/kilted', 'SHELL': '/bin/bash', 'ROS_AUTOMATIC_DISCOVERY_RANGE': 'SUBNET', 'PWD': '/home/ubuntu/ws_aic/src/aic/build/aic_gazebo_transport_bridge', 'LC_ALL': 'C.UTF-8', 'PYTHONPATH': '/ws_aic/install/lib/python3.12/site-packages:/opt/ros/kilted/lib/python3.12/site-packages', 'COLCON': '1', 'CMAKE_PREFIX_PATH': '/ws_aic/install:/opt/ros/kilted/opt/sdformat_vendor:/opt/ros/kilted/opt/gz_math_vendor:/opt/ros/kilted/opt/gz_utils_vendor:/opt/ros/kilted/opt/gz_tools_vendor:/opt/ros/kilted/opt/gz_ogre_next_vendor:/opt/ros/kilted/opt/gz_dartsim_vendor:/opt/ros/kilted/opt/gz_cmake_vendor:/opt/ros/kilted'}), 'shell': False}
[0.700420] (-) TimerEvent: {}
[0.751356] (aic_gazebo_transport_bridge) StdoutLine: {'line': b'[ 50%] Building CXX object CMakeFiles/aic_gz_transport_bridge.dir/src/aic_gz_transport_bridge.cc.o\n'}
[0.800519] (-) TimerEvent: {}
[0.900655] (-) TimerEvent: {}
[1.000800] (-) TimerEvent: {}
[1.100946] (-) TimerEvent: {}
[1.201096] (-) TimerEvent: {}
[1.301247] (-) TimerEvent: {}
[1.401405] (-) TimerEvent: {}
[1.501558] (-) TimerEvent: {}
[1.601739] (-) TimerEvent: {}
[1.701899] (-) TimerEvent: {}
[1.802063] (-) TimerEvent: {}
[1.902223] (-) TimerEvent: {}
[2.002391] (-) TimerEvent: {}
[2.102571] (-) TimerEvent: {}
[2.202749] (-) TimerEvent: {}
[2.302885] (-) TimerEvent: {}
[2.403010] (-) TimerEvent: {}
[2.503138] (-) TimerEvent: {}
[2.603270] (-) TimerEvent: {}
[2.656104] (aic_gazebo_transport_bridge) StdoutLine: {'line': b'[100%] Linking CXX executable aic_gz_transport_bridge\n'}
[2.703395] (-) TimerEvent: {}
[2.764758] (aic_gazebo_transport_bridge) StdoutLine: {'line': b'[100%] Built target aic_gz_transport_bridge\n'}
[2.775400] (aic_gazebo_transport_bridge) CommandEnded: {'returncode': 0}
[2.776045] (aic_gazebo_transport_bridge) JobProgress: {'identifier': 'aic_gazebo_transport_bridge', 'progress': 'install'}
[2.784860] (aic_gazebo_transport_bridge) Command: {'cmd': ['/usr/bin/cmake', '--install', '/home/ubuntu/ws_aic/src/aic/build/aic_gazebo_transport_bridge'], 'cwd': '/home/ubuntu/ws_aic/src/aic/build/aic_gazebo_transport_bridge', 'env': OrderedDict({'GZ_SIM_SYSTEM_PLUGIN_PATH': '/ws_aic/install/lib/aic_gazebo/', 'GZ_SIM_RESOURCE_PATH': '/ws_aic/install/share/aic_assets/models:/ws_aic/install/share', 'USER': 'root', 'GZ_CONFIG_PATH': '/ws_aic/install/share/gz:/opt/ros/kilted/opt/sdformat_vendor/share/gz', 'XAUTHLOCALHOSTNAME': '', 'HOSTNAME': 'aic_eval.ip-172-31-65-30', 'ROS_PACKAGE_PATH': '/ws_aic/install', 'SHLVL': '0', 'LD_LIBRARY_PATH': '/ws_aic/install/lib:/opt/ros/kilted/opt/zenoh_cpp_vendor/lib:/opt/ros/kilted/opt/sdformat_vendor/lib:/opt/ros/kilted/opt/gz_math_vendor/lib:/opt/ros/kilted/opt/gz_utils_vendor/lib:/opt/ros/kilted/opt/rviz_ogre_vendor/lib:/opt/ros/kilted/lib/x86_64-linux-gnu:/opt/ros/kilted/opt/gz_tools_vendor/lib:/opt/ros/kilted/opt/gz_ogre_next_vendor/lib:/opt/ros/kilted/opt/gz_dartsim_vendor/lib:/opt/ros/kilted/opt/gz_cmake_vendor/lib:/opt/ros/kilted/lib', 'HOME': '/home/ubuntu', 'OLDPWD': '/', 'ROS_PYTHON_VERSION': '3', 'container': 'sudo docker', 'COLCON_PREFIX_PATH': '/ws_aic/install', 'ROS_DISTRO': 'kilted', '_': '/usr/bin/colcon', 'ROS_VERSION': '2', 'PKG_CONFIG_PATH': '/ws_aic/install/lib/x86_64-linux-gnu/pkgconfig:/ws_aic/install/lib/pkgconfig', 'TERMINFO_DIRS': '/usr/share/terminfo:/run/host/usr/share/terminfo', 'PATH': '/ws_aic/install/bin:/opt/ros/kilted/opt/gz_tools_vendor/bin:/opt/ros/kilted/opt/gz_ogre_next_vendor/bin:/opt/ros/kilted/bin:/usr/local/sbin:/usr/local/bin:/usr/sbin:/usr/bin:/sbin:/bin', 'DISPLAY': '', 'LANG': 'C.UTF-8', 'XAUTHORITY': '', 'AMENT_PREFIX_PATH': '/ws_aic/install:/opt/ros/kilted', 'SHELL': '/bin/bash', 'ROS_AUTOMATIC_DISCOVERY_RANGE': 'SUBNET', 'PWD': '/home/ubuntu/ws_aic/src/aic/build/aic_gazebo_transport_bridge', 'LC_ALL': 'C.UTF-8', 'PYTHONPATH': '/ws_aic/install/lib/python3.12/site-packages:/opt/ros/kilted/lib/python3.12/site-packages', 'COLCON': '1', 'CMAKE_PREFIX_PATH': '/ws_aic/install:/opt/ros/kilted/opt/sdformat_vendor:/opt/ros/kilted/opt/gz_math_vendor:/opt/ros/kilted/opt/gz_utils_vendor:/opt/ros/kilted/opt/gz_tools_vendor:/opt/ros/kilted/opt/gz_ogre_next_vendor:/opt/ros/kilted/opt/gz_dartsim_vendor:/opt/ros/kilted/opt/gz_cmake_vendor:/opt/ros/kilted'}), 'shell': False}
[2.792682] (aic_gazebo_transport_bridge) StdoutLine: {'line': b'-- Install configuration: ""\n'}
[2.792890] (aic_gazebo_transport_bridge) StdoutLine: {'line': b'-- Installing: /home/ubuntu/ws_aic/src/aic/install/lib/aic_gazebo_transport_bridge/aic_gz_transport_bridge\n'}
[2.793718] (aic_gazebo_transport_bridge) StdoutLine: {'line': b'-- Set non-toolchain portion of runtime path of "/home/ubuntu/ws_aic/src/aic/install/lib/aic_gazebo_transport_bridge/aic_gz_transport_bridge" to ""\n'}
[2.793902] (aic_gazebo_transport_bridge) StdoutLine: {'line': b'-- Installing: /home/ubuntu/ws_aic/src/aic/install/share/ament_index/resource_index/package_run_dependencies/aic_gazebo_transport_bridge\n'}
[2.794122] (aic_gazebo_transport_bridge) StdoutLine: {'line': b'-- Installing: /home/ubuntu/ws_aic/src/aic/install/share/ament_index/resource_index/parent_prefix_path/aic_gazebo_transport_bridge\n'}
[2.794346] (aic_gazebo_transport_bridge) StdoutLine: {'line': b'-- Installing: /home/ubuntu/ws_aic/src/aic/install/share/aic_gazebo_transport_bridge/environment/ament_prefix_path.sh\n'}
[2.794531] (aic_gazebo_transport_bridge) StdoutLine: {'line': b'-- Installing: /home/ubuntu/ws_aic/src/aic/install/share/aic_gazebo_transport_bridge/environment/ament_prefix_path.dsv\n'}
[2.794762] (aic_gazebo_transport_bridge) StdoutLine: {'line': b'-- Installing: /home/ubuntu/ws_aic/src/aic/install/share/aic_gazebo_transport_bridge/environment/path.sh\n'}
[2.794915] (aic_gazebo_transport_bridge) StdoutLine: {'line': b'-- Installing: /home/ubuntu/ws_aic/src/aic/install/share/aic_gazebo_transport_bridge/environment/path.dsv\n'}
[2.795062] (aic_gazebo_transport_bridge) StdoutLine: {'line': b'-- Installing: /home/ubuntu/ws_aic/src/aic/install/share/aic_gazebo_transport_bridge/local_setup.bash\n'}
[2.795226] (aic_gazebo_transport_bridge) StdoutLine: {'line': b'-- Installing: /home/ubuntu/ws_aic/src/aic/install/share/aic_gazebo_transport_bridge/local_setup.sh\n'}
[2.795396] (aic_gazebo_transport_bridge) StdoutLine: {'line': b'-- Installing: /home/ubuntu/ws_aic/src/aic/install/share/aic_gazebo_transport_bridge/local_setup.zsh\n'}
[2.795570] (aic_gazebo_transport_bridge) StdoutLine: {'line': b'-- Installing: /home/ubuntu/ws_aic/src/aic/install/share/aic_gazebo_transport_bridge/local_setup.dsv\n'}
[2.795759] (aic_gazebo_transport_bridge) StdoutLine: {'line': b'-- Installing: /home/ubuntu/ws_aic/src/aic/install/share/aic_gazebo_transport_bridge/package.dsv\n'}
[2.795992] (aic_gazebo_transport_bridge) StdoutLine: {'line': b'-- Installing: /home/ubuntu/ws_aic/src/aic/install/share/ament_index/resource_index/packages/aic_gazebo_transport_bridge\n'}
[2.796203] (aic_gazebo_transport_bridge) StdoutLine: {'line': b'-- Installing: /home/ubuntu/ws_aic/src/aic/install/share/aic_gazebo_transport_bridge/cmake/aic_gazebo_transport_bridgeConfig.cmake\n'}
[2.796349] (aic_gazebo_transport_bridge) StdoutLine: {'line': b'-- Installing: /home/ubuntu/ws_aic/src/aic/install/share/aic_gazebo_transport_bridge/cmake/aic_gazebo_transport_bridgeConfig-version.cmake\n'}
[2.796510] (aic_gazebo_transport_bridge) StdoutLine: {'line': b'-- Installing: /home/ubuntu/ws_aic/src/aic/install/share/aic_gazebo_transport_bridge/package.xml\n'}
[2.798002] (aic_gazebo_transport_bridge) CommandEnded: {'returncode': 0}
[2.803911] (-) TimerEvent: {}
[2.812759] (aic_gazebo_transport_bridge) JobEnded: {'identifier': 'aic_gazebo_transport_bridge', 'rc': 0}
[2.813341] (-) EventReactorShutdown: {}
