[0.098s] DEBUG:colcon:Command line arguments: ['/usr/bin/colcon', 'build', '--packages-select', 'aic_gazebo_transport_bridge', '--merge-install', '--install-base', '/home/ubuntu/ws_aic/src/aic/install', '--build-base', '/home/ubuntu/ws_aic/src/aic/build', '--base-paths', '/home/ubuntu/ws_aic/src/aic']
[0.098s] DEBUG:colcon:Parsed command line arguments: Namespace(log_base=None, log_level=None, verb_name='build', build_base='/home/ubuntu/ws_aic/src/aic/build', install_base='/home/ubuntu/ws_aic/src/aic/install', merge_install=True, symlink_install=False, test_result_base=None, continue_on_error=False, executor='parallel', parallel_workers=8, event_handlers=None, ignore_user_meta=False, metas=['./colcon.meta'], base_paths=['/home/ubuntu/ws_aic/src/aic'], packages_ignore=None, packages_ignore_regex=None, paths=None, packages_up_to=None, packages_up_to_regex=None, packages_above=None, packages_above_and_dependencies=None, packages_above_depth=None, packages_select_by_dep=None, packages_skip_by_dep=None, packages_skip_up_to=None, packages_select_build_failed=False, packages_skip_build_finished=False, packages_select_test_failures=False, packages_skip_test_passed=False, packages_select=['aic_gazebo_transport_bridge'], packages_skip=None, packages_select_regex=None, packages_skip_regex=None, packages_start=None, packages_end=None, cmake_args=None, cmake_target=None, cmake_target_skip_unavailable=False, cmake_clean_cache=False, cmake_clean_first=False, cmake_force_configure=False, ament_cmake_args=None, catkin_cmake_args=None, catkin_skip_building_tests=False, mixin_files=None, mixin=None, verb_parser=<colcon_mixin.mixin.mixin_argument.MixinArgumentDecorator object at 0x7e87b0e55f10>, verb_extension=<colcon_core.verb.build.BuildVerb object at 0x7e87b0e55be0>, main=<bound method BuildVerb.main of <colcon_core.verb.build.BuildVerb object at 0x7e87b0e55be0>>, mixin_verb=('build',))
[0.135s] Level 1:colcon.colcon_core.package_discovery:discover_packages(colcon_meta) check parameters
[0.135s] Level 1:colcon.colcon_core.package_discovery:discover_packages(recursive) check parameters
[0.135s] Level 1:colcon.colcon_core.package_discovery:discover_packages(ignore) check parameters
[0.135s] Level 1:colcon.colcon_core.package_discovery:discover_packages(path) check parameters
[0.135s] Level 1:colcon.colcon_core.package_discovery:discover_packages(recursive) discover
[0.135s] INFO:colcon.colcon_core.package_discovery:Crawling recursively for packages in '/home/ubuntu/ws_aic/src/aic'
[0.135s] Level 1:colcon.colcon_core.package_identification:_identify(/home/ubuntu/ws_aic/src/aic) by extensions ['ignore', 'ignore_ament_install']
[0.135s] Level 1:colcon.colcon_core.package_identification:_identify(/home/ubuntu/ws_aic/src/aic) by extension 'ignore'
[0.135s] Level 1:colcon.colcon_core.package_identification:_identify(/home/ubuntu/ws_aic/src/aic) by extension 'ignore_ament_install'
[0.135s] Level 1:colcon.colcon_core.package_identification:_identify(/home/ubuntu/ws_aic/src/aic) by extensions ['colcon_pkg']
[0.135s] Level 1:colcon.colcon_core.package_identification:_identify(/home/ubuntu/ws_aic/src/aic) by extension 'colcon_pkg'
[0.135s] Level 1:colcon.colcon_core.package_identification:_identify(/home/ubuntu/ws_aic/src/aic) by extensions ['colcon_meta']
[0.135s] Level 1:colcon.colcon_core.package_identification:_identify(/home/ubuntu/ws_aic/src/aic) by extension 'colcon_meta'
[0.135s] Level 1:colcon.colcon_core.package_identification:_identify(/home/ubuntu/ws_aic/src/aic) by extensions ['ros']
[0.135s] Level 1:colcon.colcon_core.package_identification:_identify(/home/ubuntu/ws_aic/src/aic) by extension 'ros'
[0.158s] Level 1:colcon.colcon_core.package_identification:_identify(/home/ubuntu/ws_aic/src/aic) by extensions ['cmake', 'python']
[0.158s] Level 1:colcon.colcon_core.package_identification:_identify(/home/ubuntu/ws_aic/src/aic) by extension 'cmake'
[0.158s] Level 1:colcon.colcon_core.package_identification:_identify(/home/ubuntu/ws_aic/src/aic) by extension 'python'
[0.158s] Level 1:colcon.colcon_core.package_identification:_identify(/home/ubuntu/ws_aic/src/aic) by extensions ['python_setup_py']
[0.158s] Level 1:colcon.colcon_core.package_identification:_identify(/home/ubuntu/ws_aic/src/aic) by extension 'python_setup_py'
[0.158s] Level 1:colcon.colcon_core.package_identification:_identify(/home/ubuntu/ws_aic/src/aic/aic_adapter) by extensions ['ignore', 'ignore_ament_install']
[0.158s] Level 1:colcon.colcon_core.package_identification:_identify(/home/ubuntu/ws_aic/src/aic/aic_adapter) by extension 'ignore'
[0.158s] Level 1:colcon.colcon_core.package_identification:_identify(/home/ubuntu/ws_aic/src/aic/aic_adapter) by extension 'ignore_ament_install'
[0.158s] Level 1:colcon.colcon_core.package_identification:_identify(/home/ubuntu/ws_aic/src/aic/aic_adapter) by extensions ['colcon_pkg']
[0.158s] Level 1:colcon.colcon_core.package_identification:_identify(/home/ubuntu/ws_aic/src/aic/aic_adapter) by extension 'colcon_pkg'
[0.158s] Level 1:colcon.colcon_core.package_identification:_identify(/home/ubuntu/ws_aic/src/aic/aic_adapter) by extensions ['colcon_meta']
[0.158s] Level 1:colcon.colcon_core.package_identification:_identify(/home/ubuntu/ws_aic/src/aic/aic_adapter) by extension 'colcon_meta'
[0.158s] Level 1:colcon.colcon_core.package_identification:_identify(/home/ubuntu/ws_aic/src/aic/aic_adapter) by extensions ['ros']
[0.158s] Level 1:colcon.colcon_core.package_identification:_identify(/home/ubuntu/ws_aic/src/aic/aic_adapter) by extension 'ros'
[0.161s] DEBUG:colcon.colcon_core.package_identification:Package '/home/ubuntu/ws_aic/src/aic/aic_adapter' with type 'ros.ament_cmake' and name 'aic_adapter'
[0.161s] Level 1:colcon.colcon_core.package_identification:_identify(/home/ubuntu/ws_aic/src/aic/aic_assets) by extensions ['ignore', 'ignore_ament_install']
[0.161s] Level 1:colcon.colcon_core.package_identification:_identify(/home/ubuntu/ws_aic/src/aic/aic_assets) by extension 'ignore'
[0.161s] Level 1:colcon.colcon_core.package_identification:_identify(/home/ubuntu/ws_aic/src/aic/aic_assets) by extension 'ignore_ament_install'
[0.161s] Level 1:colcon.colcon_core.package_identification:_identify(/home/ubuntu/ws_aic/src/aic/aic_assets) by extensions ['colcon_pkg']
[0.162s] Level 1:colcon.colcon_core.package_identification:_identify(/home/ubuntu/ws_aic/src/aic/aic_assets) by extension 'colcon_pkg'
[0.162s] Level 1:colcon.colcon_core.package_identification:_identify(/home/ubuntu/ws_aic/src/aic/aic_assets) by extensions ['colcon_meta']
[0.162s] Level 1:colcon.colcon_core.package_identification:_identify(/home/ubuntu/ws_aic/src/aic/aic_assets) by extension 'colcon_meta'
[0.162s] Level 1:colcon.colcon_core.package_identification:_identify(/home/ubuntu/ws_aic/src/aic/aic_assets) by extensions ['ros']
[0.162s] Level 1:colcon.colcon_core.package_identification:_identify(/home/ubuntu/ws_aic/src/aic/aic_assets) by extension 'ros'
[0.162s] DEBUG:colcon.colcon_core.package_identification:Package '/home/ubuntu/ws_aic/src/aic/aic_assets' with type 'ros.ament_cmake' and name 'aic_assets'
[0.162s] Level 1:colcon.colcon_core.package_identification:_identify(/home/ubuntu/ws_aic/src/aic/aic_bringup) by extensions ['ignore', 'ignore_ament_install']
[0.162s] Level 1:colcon.colcon_core.package_identification:_identify(/home/ubuntu/ws_aic/src/aic/aic_bringup) by extension 'ignore'
[0.162s] Level 1:colcon.colcon_core.package_identification:_identify(/home/ubuntu/ws_aic/src/aic/aic_bringup) by extension 'ignore_ament_install'
[0.162s] Level 1:colcon.colcon_core.package_identification:_identify(/home/ubuntu/ws_aic/src/aic/aic_bringup) by extensions ['colcon_pkg']
[0.162s] Level 1:colcon.colcon_core.package_identification:_identify(/home/ubuntu/ws_aic/src/aic/aic_bringup) by extension 'colcon_pkg'
[0.162s] Level 1:colcon.colcon_core.package_identification:_identify(/home/ubuntu/ws_aic/src/aic/aic_bringup) by extensions ['colcon_meta']
[0.162s] Level 1:colcon.colcon_core.package_identification:_identify(/home/ubuntu/ws_aic/src/aic/aic_bringup) by extension 'colcon_meta'
[0.162s] Level 1:colcon.colcon_core.package_identification:_identify(/home/ubuntu/ws_aic/src/aic/aic_bringup) by extensions ['ros']
[0.163s] Level 1:colcon.colcon_core.package_identification:_identify(/home/ubuntu/ws_aic/src/aic/aic_bringup) by extension 'ros'
[0.163s] DEBUG:colcon.colcon_core.package_identification:Package '/home/ubuntu/ws_aic/src/aic/aic_bringup' with type 'ros.ament_cmake' and name 'aic_bringup'
[0.163s] Level 1:colcon.colcon_core.package_identification:_identify(/home/ubuntu/ws_aic/src/aic/aic_controller) by extensions ['ignore', 'ignore_ament_install']
[0.163s] Level 1:colcon.colcon_core.package_identification:_identify(/home/ubuntu/ws_aic/src/aic/aic_controller) by extension 'ignore'
[0.163s] Level 1:colcon.colcon_core.package_identification:_identify(/home/ubuntu/ws_aic/src/aic/aic_controller) by extension 'ignore_ament_install'
[0.163s] Level 1:colcon.colcon_core.package_identification:_identify(/home/ubuntu/ws_aic/src/aic/aic_controller) by extensions ['colcon_pkg']
[0.163s] Level 1:colcon.colcon_core.package_identification:_identify(/home/ubuntu/ws_aic/src/aic/aic_controller) by extension 'colcon_pkg'
[0.163s] Level 1:colcon.colcon_core.package_identification:_identify(/home/ubuntu/ws_aic/src/aic/aic_controller) by extensions ['colcon_meta']
[0.163s] Level 1:colcon.colcon_core.package_identification:_identify(/home/ubuntu/ws_aic/src/aic/aic_controller) by extension 'colcon_meta'
[0.163s] Level 1:colcon.colcon_core.package_identification:_identify(/home/ubuntu/ws_aic/src/aic/aic_controller) by extensions ['ros']
[0.163s] Level 1:colcon.colcon_core.package_identification:_identify(/home/ubuntu/ws_aic/src/aic/aic_controller) by extension 'ros'
[0.165s] DEBUG:colcon.colcon_core.package_identification:Package '/home/ubuntu/ws_aic/src/aic/aic_controller' with type 'ros.ament_cmake' and name 'aic_controller'
[0.165s] Level 1:colcon.colcon_core.package_identification:_identify(/home/ubuntu/ws_aic/src/aic/aic_description) by extensions ['ignore', 'ignore_ament_install']
[0.165s] Level 1:colcon.colcon_core.package_identification:_identify(/home/ubuntu/ws_aic/src/aic/aic_description) by extension 'ignore'
[0.165s] Level 1:colcon.colcon_core.package_identification:_identify(/home/ubuntu/ws_aic/src/aic/aic_description) by extension 'ignore_ament_install'
[0.165s] Level 1:colcon.colcon_core.package_identification:_identify(/home/ubuntu/ws_aic/src/aic/aic_description) by extensions ['colcon_pkg']
[0.165s] Level 1:colcon.colcon_core.package_identification:_identify(/home/ubuntu/ws_aic/src/aic/aic_description) by extension 'colcon_pkg'
[0.165s] Level 1:colcon.colcon_core.package_identification:_identify(/home/ubuntu/ws_aic/src/aic/aic_description) by extensions ['colcon_meta']
[0.165s] Level 1:colcon.colcon_core.package_identification:_identify(/home/ubuntu/ws_aic/src/aic/aic_description) by extension 'colcon_meta'
[0.165s] Level 1:colcon.colcon_core.package_identification:_identify(/home/ubuntu/ws_aic/src/aic/aic_description) by extensions ['ros']
[0.165s] Level 1:colcon.colcon_core.package_identification:_identify(/home/ubuntu/ws_aic/src/aic/aic_description) by extension 'ros'
[0.166s] DEBUG:colcon.colcon_core.package_identification:Package '/home/ubuntu/ws_aic/src/aic/aic_description' with type 'ros.ament_cmake' and name 'aic_description'
[0.166s] Level 1:colcon.colcon_core.package_identification:_identify(/home/ubuntu/ws_aic/src/aic/aic_engine) by extensions ['ignore', 'ignore_ament_install']
[0.166s] Level 1:colcon.colcon_core.package_identification:_identify(/home/ubuntu/ws_aic/src/aic/aic_engine) by extension 'ignore'
[0.166s] Level 1:colcon.colcon_core.package_identification:_identify(/home/ubuntu/ws_aic/src/aic/aic_engine) by extension 'ignore_ament_install'
[0.166s] Level 1:colcon.colcon_core.package_identification:_identify(/home/ubuntu/ws_aic/src/aic/aic_engine) by extensions ['colcon_pkg']
[0.166s] Level 1:colcon.colcon_core.package_identification:_identify(/home/ubuntu/ws_aic/src/aic/aic_engine) by extension 'colcon_pkg'
[0.166s] Level 1:colcon.colcon_core.package_identification:_identify(/home/ubuntu/ws_aic/src/aic/aic_engine) by extensions ['colcon_meta']
[0.166s] Level 1:colcon.colcon_core.package_identification:_identify(/home/ubuntu/ws_aic/src/aic/aic_engine) by extension 'colcon_meta'
[0.166s] Level 1:colcon.colcon_core.package_identification:_identify(/home/ubuntu/ws_aic/src/aic/aic_engine) by extensions ['ros']
[0.166s] Level 1:colcon.colcon_core.package_identification:_identify(/home/ubuntu/ws_aic/src/aic/aic_engine) by extension 'ros'
[0.167s] DEBUG:colcon.colcon_core.package_identification:Package '/home/ubuntu/ws_aic/src/aic/aic_engine' with type 'ros.ament_cmake' and name 'aic_engine'
[0.167s] Level 1:colcon.colcon_core.package_identification:_identify(/home/ubuntu/ws_aic/src/aic/aic_example_policies) by extensions ['ignore', 'ignore_ament_install']
[0.167s] Level 1:colcon.colcon_core.package_identification:_identify(/home/ubuntu/ws_aic/src/aic/aic_example_policies) by extension 'ignore'
[0.168s] Level 1:colcon.colcon_core.package_identification:_identify(/home/ubuntu/ws_aic/src/aic/aic_example_policies) by extension 'ignore_ament_install'
[0.168s] Level 1:colcon.colcon_core.package_identification:_identify(/home/ubuntu/ws_aic/src/aic/aic_example_policies) by extensions ['colcon_pkg']
[0.168s] Level 1:colcon.colcon_core.package_identification:_identify(/home/ubuntu/ws_aic/src/aic/aic_example_policies) by extension 'colcon_pkg'
[0.168s] Level 1:colcon.colcon_core.package_identification:_identify(/home/ubuntu/ws_aic/src/aic/aic_example_policies) by extensions ['colcon_meta']
[0.168s] Level 1:colcon.colcon_core.package_identification:_identify(/home/ubuntu/ws_aic/src/aic/aic_example_policies) by extension 'colcon_meta'
[0.168s] Level 1:colcon.colcon_core.package_identification:_identify(/home/ubuntu/ws_aic/src/aic/aic_example_policies) by extensions ['ros']
[0.168s] Level 1:colcon.colcon_core.package_identification:_identify(/home/ubuntu/ws_aic/src/aic/aic_example_policies) by extension 'ros'
[0.169s] DEBUG:colcon.colcon_core.package_identification:Package '/home/ubuntu/ws_aic/src/aic/aic_example_policies' with type 'ros.ament_python' and name 'aic_example_policies'
[0.169s] Level 1:colcon.colcon_core.package_identification:_identify(/home/ubuntu/ws_aic/src/aic/aic_gazebo) by extensions ['ignore', 'ignore_ament_install']
[0.169s] Level 1:colcon.colcon_core.package_identification:_identify(/home/ubuntu/ws_aic/src/aic/aic_gazebo) by extension 'ignore'
[0.169s] Level 1:colcon.colcon_core.package_identification:_identify(/home/ubuntu/ws_aic/src/aic/aic_gazebo) by extension 'ignore_ament_install'
[0.169s] Level 1:colcon.colcon_core.package_identification:_identify(/home/ubuntu/ws_aic/src/aic/aic_gazebo) by extensions ['colcon_pkg']
[0.169s] Level 1:colcon.colcon_core.package_identification:_identify(/home/ubuntu/ws_aic/src/aic/aic_gazebo) by extension 'colcon_pkg'
[0.169s] Level 1:colcon.colcon_core.package_identification:_identify(/home/ubuntu/ws_aic/src/aic/aic_gazebo) by extensions ['colcon_meta']
[0.169s] Level 1:colcon.colcon_core.package_identification:_identify(/home/ubuntu/ws_aic/src/aic/aic_gazebo) by extension 'colcon_meta'
[0.169s] Level 1:colcon.colcon_core.package_identification:_identify(/home/ubuntu/ws_aic/src/aic/aic_gazebo) by extensions ['ros']
[0.169s] Level 1:colcon.colcon_core.package_identification:_identify(/home/ubuntu/ws_aic/src/aic/aic_gazebo) by extension 'ros'
[0.170s] DEBUG:colcon.colcon_core.package_identification:Package '/home/ubuntu/ws_aic/src/aic/aic_gazebo' with type 'ros.ament_cmake' and name 'aic_gazebo'
[0.170s] Level 1:colcon.colcon_core.package_identification:_identify(/home/ubuntu/ws_aic/src/aic/aic_gym_gz) by extensions ['ignore', 'ignore_ament_install']
[0.170s] Level 1:colcon.colcon_core.package_identification:_identify(/home/ubuntu/ws_aic/src/aic/aic_gym_gz) by extension 'ignore'
[0.170s] Level 1:colcon.colcon_core.package_identification:_identify(/home/ubuntu/ws_aic/src/aic/aic_gym_gz) by extension 'ignore_ament_install'
[0.170s] Level 1:colcon.colcon_core.package_identification:_identify(/home/ubuntu/ws_aic/src/aic/aic_gym_gz) by extensions ['colcon_pkg']
[0.170s] Level 1:colcon.colcon_core.package_identification:_identify(/home/ubuntu/ws_aic/src/aic/aic_gym_gz) by extension 'colcon_pkg'
[0.170s] Level 1:colcon.colcon_core.package_identification:_identify(/home/ubuntu/ws_aic/src/aic/aic_gym_gz) by extensions ['colcon_meta']
[0.170s] Level 1:colcon.colcon_core.package_identification:_identify(/home/ubuntu/ws_aic/src/aic/aic_gym_gz) by extension 'colcon_meta'
[0.170s] Level 1:colcon.colcon_core.package_identification:_identify(/home/ubuntu/ws_aic/src/aic/aic_gym_gz) by extensions ['ros']
[0.170s] Level 1:colcon.colcon_core.package_identification:_identify(/home/ubuntu/ws_aic/src/aic/aic_gym_gz) by extension 'ros'
[0.170s] Level 1:colcon.colcon_core.package_identification:_identify(/home/ubuntu/ws_aic/src/aic/aic_gym_gz) by extensions ['cmake', 'python']
[0.170s] Level 1:colcon.colcon_core.package_identification:_identify(/home/ubuntu/ws_aic/src/aic/aic_gym_gz) by extension 'cmake'
[0.170s] Level 1:colcon.colcon_core.package_identification:_identify(/home/ubuntu/ws_aic/src/aic/aic_gym_gz) by extension 'python'
[0.170s] Level 1:colcon.colcon_core.package_identification:_identify(/home/ubuntu/ws_aic/src/aic/aic_gym_gz) by extensions ['python_setup_py']
[0.170s] Level 1:colcon.colcon_core.package_identification:_identify(/home/ubuntu/ws_aic/src/aic/aic_gym_gz) by extension 'python_setup_py'
[0.171s] Level 1:colcon.colcon_core.package_identification:_identify(/home/ubuntu/ws_aic/src/aic/aic_gym_gz/__pycache__) by extensions ['ignore', 'ignore_ament_install']
[0.171s] Level 1:colcon.colcon_core.package_identification:_identify(/home/ubuntu/ws_aic/src/aic/aic_gym_gz/__pycache__) by extension 'ignore'
[0.171s] Level 1:colcon.colcon_core.package_identification:_identify(/home/ubuntu/ws_aic/src/aic/aic_gym_gz/__pycache__) by extension 'ignore_ament_install'
[0.171s] Level 1:colcon.colcon_core.package_identification:_identify(/home/ubuntu/ws_aic/src/aic/aic_gym_gz/__pycache__) by extensions ['colcon_pkg']
[0.171s] Level 1:colcon.colcon_core.package_identification:_identify(/home/ubuntu/ws_aic/src/aic/aic_gym_gz/__pycache__) by extension 'colcon_pkg'
[0.171s] Level 1:colcon.colcon_core.package_identification:_identify(/home/ubuntu/ws_aic/src/aic/aic_gym_gz/__pycache__) by extensions ['colcon_meta']
[0.171s] Level 1:colcon.colcon_core.package_identification:_identify(/home/ubuntu/ws_aic/src/aic/aic_gym_gz/__pycache__) by extension 'colcon_meta'
[0.171s] Level 1:colcon.colcon_core.package_identification:_identify(/home/ubuntu/ws_aic/src/aic/aic_gym_gz/__pycache__) by extensions ['ros']
[0.171s] Level 1:colcon.colcon_core.package_identification:_identify(/home/ubuntu/ws_aic/src/aic/aic_gym_gz/__pycache__) by extension 'ros'
[0.171s] Level 1:colcon.colcon_core.package_identification:_identify(/home/ubuntu/ws_aic/src/aic/aic_gym_gz/__pycache__) by extensions ['cmake', 'python']
[0.171s] Level 1:colcon.colcon_core.package_identification:_identify(/home/ubuntu/ws_aic/src/aic/aic_gym_gz/__pycache__) by extension 'cmake'
[0.171s] Level 1:colcon.colcon_core.package_identification:_identify(/home/ubuntu/ws_aic/src/aic/aic_gym_gz/__pycache__) by extension 'python'
[0.171s] Level 1:colcon.colcon_core.package_identification:_identify(/home/ubuntu/ws_aic/src/aic/aic_gym_gz/__pycache__) by extensions ['python_setup_py']
[0.171s] Level 1:colcon.colcon_core.package_identification:_identify(/home/ubuntu/ws_aic/src/aic/aic_gym_gz/__pycache__) by extension 'python_setup_py'
[0.171s] Level 1:colcon.colcon_core.package_identification:_identify(/home/ubuntu/ws_aic/src/aic/aic_gym_gz/docs) by extensions ['ignore', 'ignore_ament_install']
[0.171s] Level 1:colcon.colcon_core.package_identification:_identify(/home/ubuntu/ws_aic/src/aic/aic_gym_gz/docs) by extension 'ignore'
[0.171s] Level 1:colcon.colcon_core.package_identification:_identify(/home/ubuntu/ws_aic/src/aic/aic_gym_gz/docs) by extension 'ignore_ament_install'
[0.171s] Level 1:colcon.colcon_core.package_identification:_identify(/home/ubuntu/ws_aic/src/aic/aic_gym_gz/docs) by extensions ['colcon_pkg']
[0.171s] Level 1:colcon.colcon_core.package_identification:_identify(/home/ubuntu/ws_aic/src/aic/aic_gym_gz/docs) by extension 'colcon_pkg'
[0.172s] Level 1:colcon.colcon_core.package_identification:_identify(/home/ubuntu/ws_aic/src/aic/aic_gym_gz/docs) by extensions ['colcon_meta']
[0.172s] Level 1:colcon.colcon_core.package_identification:_identify(/home/ubuntu/ws_aic/src/aic/aic_gym_gz/docs) by extension 'colcon_meta'
[0.172s] Level 1:colcon.colcon_core.package_identification:_identify(/home/ubuntu/ws_aic/src/aic/aic_gym_gz/docs) by extensions ['ros']
[0.172s] Level 1:colcon.colcon_core.package_identification:_identify(/home/ubuntu/ws_aic/src/aic/aic_gym_gz/docs) by extension 'ros'
[0.172s] Level 1:colcon.colcon_core.package_identification:_identify(/home/ubuntu/ws_aic/src/aic/aic_gym_gz/docs) by extensions ['cmake', 'python']
[0.172s] Level 1:colcon.colcon_core.package_identification:_identify(/home/ubuntu/ws_aic/src/aic/aic_gym_gz/docs) by extension 'cmake'
[0.172s] Level 1:colcon.colcon_core.package_identification:_identify(/home/ubuntu/ws_aic/src/aic/aic_gym_gz/docs) by extension 'python'
[0.172s] Level 1:colcon.colcon_core.package_identification:_identify(/home/ubuntu/ws_aic/src/aic/aic_gym_gz/docs) by extensions ['python_setup_py']
[0.172s] Level 1:colcon.colcon_core.package_identification:_identify(/home/ubuntu/ws_aic/src/aic/aic_gym_gz/docs) by extension 'python_setup_py'
[0.172s] Level 1:colcon.colcon_core.package_identification:_identify(/home/ubuntu/ws_aic/src/aic/aic_gym_gz/tests) by extensions ['ignore', 'ignore_ament_install']
[0.172s] Level 1:colcon.colcon_core.package_identification:_identify(/home/ubuntu/ws_aic/src/aic/aic_gym_gz/tests) by extension 'ignore'
[0.172s] Level 1:colcon.colcon_core.package_identification:_identify(/home/ubuntu/ws_aic/src/aic/aic_gym_gz/tests) by extension 'ignore_ament_install'
[0.172s] Level 1:colcon.colcon_core.package_identification:_identify(/home/ubuntu/ws_aic/src/aic/aic_gym_gz/tests) by extensions ['colcon_pkg']
[0.172s] Level 1:colcon.colcon_core.package_identification:_identify(/home/ubuntu/ws_aic/src/aic/aic_gym_gz/tests) by extension 'colcon_pkg'
[0.172s] Level 1:colcon.colcon_core.package_identification:_identify(/home/ubuntu/ws_aic/src/aic/aic_gym_gz/tests) by extensions ['colcon_meta']
[0.172s] Level 1:colcon.colcon_core.package_identification:_identify(/home/ubuntu/ws_aic/src/aic/aic_gym_gz/tests) by extension 'colcon_meta'
[0.172s] Level 1:colcon.colcon_core.package_identification:_identify(/home/ubuntu/ws_aic/src/aic/aic_gym_gz/tests) by extensions ['ros']
[0.172s] Level 1:colcon.colcon_core.package_identification:_identify(/home/ubuntu/ws_aic/src/aic/aic_gym_gz/tests) by extension 'ros'
[0.172s] Level 1:colcon.colcon_core.package_identification:_identify(/home/ubuntu/ws_aic/src/aic/aic_gym_gz/tests) by extensions ['cmake', 'python']
[0.172s] Level 1:colcon.colcon_core.package_identification:_identify(/home/ubuntu/ws_aic/src/aic/aic_gym_gz/tests) by extension 'cmake'
[0.172s] Level 1:colcon.colcon_core.package_identification:_identify(/home/ubuntu/ws_aic/src/aic/aic_gym_gz/tests) by extension 'python'
[0.173s] Level 1:colcon.colcon_core.package_identification:_identify(/home/ubuntu/ws_aic/src/aic/aic_gym_gz/tests) by extensions ['python_setup_py']
[0.173s] Level 1:colcon.colcon_core.package_identification:_identify(/home/ubuntu/ws_aic/src/aic/aic_gym_gz/tests) by extension 'python_setup_py'
[0.173s] Level 1:colcon.colcon_core.package_identification:_identify(/home/ubuntu/ws_aic/src/aic/aic_gym_gz/tests/__pycache__) by extensions ['ignore', 'ignore_ament_install']
[0.173s] Level 1:colcon.colcon_core.package_identification:_identify(/home/ubuntu/ws_aic/src/aic/aic_gym_gz/tests/__pycache__) by extension 'ignore'
[0.173s] Level 1:colcon.colcon_core.package_identification:_identify(/home/ubuntu/ws_aic/src/aic/aic_gym_gz/tests/__pycache__) by extension 'ignore_ament_install'
[0.173s] Level 1:colcon.colcon_core.package_identification:_identify(/home/ubuntu/ws_aic/src/aic/aic_gym_gz/tests/__pycache__) by extensions ['colcon_pkg']
[0.173s] Level 1:colcon.colcon_core.package_identification:_identify(/home/ubuntu/ws_aic/src/aic/aic_gym_gz/tests/__pycache__) by extension 'colcon_pkg'
[0.173s] Level 1:colcon.colcon_core.package_identification:_identify(/home/ubuntu/ws_aic/src/aic/aic_gym_gz/tests/__pycache__) by extensions ['colcon_meta']
[0.173s] Level 1:colcon.colcon_core.package_identification:_identify(/home/ubuntu/ws_aic/src/aic/aic_gym_gz/tests/__pycache__) by extension 'colcon_meta'
[0.173s] Level 1:colcon.colcon_core.package_identification:_identify(/home/ubuntu/ws_aic/src/aic/aic_gym_gz/tests/__pycache__) by extensions ['ros']
[0.173s] Level 1:colcon.colcon_core.package_identification:_identify(/home/ubuntu/ws_aic/src/aic/aic_gym_gz/tests/__pycache__) by extension 'ros'
[0.173s] Level 1:colcon.colcon_core.package_identification:_identify(/home/ubuntu/ws_aic/src/aic/aic_gym_gz/tests/__pycache__) by extensions ['cmake', 'python']
[0.173s] Level 1:colcon.colcon_core.package_identification:_identify(/home/ubuntu/ws_aic/src/aic/aic_gym_gz/tests/__pycache__) by extension 'cmake'
[0.173s] Level 1:colcon.colcon_core.package_identification:_identify(/home/ubuntu/ws_aic/src/aic/aic_gym_gz/tests/__pycache__) by extension 'python'
[0.173s] Level 1:colcon.colcon_core.package_identification:_identify(/home/ubuntu/ws_aic/src/aic/aic_gym_gz/tests/__pycache__) by extensions ['python_setup_py']
[0.173s] Level 1:colcon.colcon_core.package_identification:_identify(/home/ubuntu/ws_aic/src/aic/aic_gym_gz/tests/__pycache__) by extension 'python_setup_py'
[0.173s] Level 1:colcon.colcon_core.package_identification:_identify(/home/ubuntu/ws_aic/src/aic/aic_interfaces) by extensions ['ignore', 'ignore_ament_install']
[0.173s] Level 1:colcon.colcon_core.package_identification:_identify(/home/ubuntu/ws_aic/src/aic/aic_interfaces) by extension 'ignore'
[0.173s] Level 1:colcon.colcon_core.package_identification:_identify(/home/ubuntu/ws_aic/src/aic/aic_interfaces) by extension 'ignore_ament_install'
[0.174s] Level 1:colcon.colcon_core.package_identification:_identify(/home/ubuntu/ws_aic/src/aic/aic_interfaces) by extensions ['colcon_pkg']
[0.174s] Level 1:colcon.colcon_core.package_identification:_identify(/home/ubuntu/ws_aic/src/aic/aic_interfaces) by extension 'colcon_pkg'
[0.174s] Level 1:colcon.colcon_core.package_identification:_identify(/home/ubuntu/ws_aic/src/aic/aic_interfaces) by extensions ['colcon_meta']
[0.174s] Level 1:colcon.colcon_core.package_identification:_identify(/home/ubuntu/ws_aic/src/aic/aic_interfaces) by extension 'colcon_meta'
[0.174s] Level 1:colcon.colcon_core.package_identification:_identify(/home/ubuntu/ws_aic/src/aic/aic_interfaces) by extensions ['ros']
[0.174s] Level 1:colcon.colcon_core.package_identification:_identify(/home/ubuntu/ws_aic/src/aic/aic_interfaces) by extension 'ros'
[0.174s] Level 1:colcon.colcon_core.package_identification:_identify(/home/ubuntu/ws_aic/src/aic/aic_interfaces) by extensions ['cmake', 'python']
[0.174s] Level 1:colcon.colcon_core.package_identification:_identify(/home/ubuntu/ws_aic/src/aic/aic_interfaces) by extension 'cmake'
[0.174s] Level 1:colcon.colcon_core.package_identification:_identify(/home/ubuntu/ws_aic/src/aic/aic_interfaces) by extension 'python'
[0.174s] Level 1:colcon.colcon_core.package_identification:_identify(/home/ubuntu/ws_aic/src/aic/aic_interfaces) by extensions ['python_setup_py']
[0.174s] Level 1:colcon.colcon_core.package_identification:_identify(/home/ubuntu/ws_aic/src/aic/aic_interfaces) by extension 'python_setup_py'
[0.174s] Level 1:colcon.colcon_core.package_identification:_identify(/home/ubuntu/ws_aic/src/aic/aic_interfaces/aic_control_interfaces) by extensions ['ignore', 'ignore_ament_install']
[0.174s] Level 1:colcon.colcon_core.package_identification:_identify(/home/ubuntu/ws_aic/src/aic/aic_interfaces/aic_control_interfaces) by extension 'ignore'
[0.174s] Level 1:colcon.colcon_core.package_identification:_identify(/home/ubuntu/ws_aic/src/aic/aic_interfaces/aic_control_interfaces) by extension 'ignore_ament_install'
[0.174s] Level 1:colcon.colcon_core.package_identification:_identify(/home/ubuntu/ws_aic/src/aic/aic_interfaces/aic_control_interfaces) by extensions ['colcon_pkg']
[0.174s] Level 1:colcon.colcon_core.package_identification:_identify(/home/ubuntu/ws_aic/src/aic/aic_interfaces/aic_control_interfaces) by extension 'colcon_pkg'
[0.174s] Level 1:colcon.colcon_core.package_identification:_identify(/home/ubuntu/ws_aic/src/aic/aic_interfaces/aic_control_interfaces) by extensions ['colcon_meta']
[0.174s] Level 1:colcon.colcon_core.package_identification:_identify(/home/ubuntu/ws_aic/src/aic/aic_interfaces/aic_control_interfaces) by extension 'colcon_meta'
[0.174s] Level 1:colcon.colcon_core.package_identification:_identify(/home/ubuntu/ws_aic/src/aic/aic_interfaces/aic_control_interfaces) by extensions ['ros']
[0.174s] Level 1:colcon.colcon_core.package_identification:_identify(/home/ubuntu/ws_aic/src/aic/aic_interfaces/aic_control_interfaces) by extension 'ros'
[0.175s] DEBUG:colcon.colcon_core.package_identification:Package '/home/ubuntu/ws_aic/src/aic/aic_interfaces/aic_control_interfaces' with type 'ros.ament_cmake' and name 'aic_control_interfaces'
[0.175s] Level 1:colcon.colcon_core.package_identification:_identify(/home/ubuntu/ws_aic/src/aic/aic_interfaces/aic_engine_interfaces) by extensions ['ignore', 'ignore_ament_install']
[0.175s] Level 1:colcon.colcon_core.package_identification:_identify(/home/ubuntu/ws_aic/src/aic/aic_interfaces/aic_engine_interfaces) by extension 'ignore'
[0.175s] Level 1:colcon.colcon_core.package_identification:_identify(/home/ubuntu/ws_aic/src/aic/aic_interfaces/aic_engine_interfaces) by extension 'ignore_ament_install'
[0.175s] Level 1:colcon.colcon_core.package_identification:_identify(/home/ubuntu/ws_aic/src/aic/aic_interfaces/aic_engine_interfaces) by extensions ['colcon_pkg']
[0.175s] Level 1:colcon.colcon_core.package_identification:_identify(/home/ubuntu/ws_aic/src/aic/aic_interfaces/aic_engine_interfaces) by extension 'colcon_pkg'
[0.175s] Level 1:colcon.colcon_core.package_identification:_identify(/home/ubuntu/ws_aic/src/aic/aic_interfaces/aic_engine_interfaces) by extensions ['colcon_meta']
[0.175s] Level 1:colcon.colcon_core.package_identification:_identify(/home/ubuntu/ws_aic/src/aic/aic_interfaces/aic_engine_interfaces) by extension 'colcon_meta'
[0.175s] Level 1:colcon.colcon_core.package_identification:_identify(/home/ubuntu/ws_aic/src/aic/aic_interfaces/aic_engine_interfaces) by extensions ['ros']
[0.175s] Level 1:colcon.colcon_core.package_identification:_identify(/home/ubuntu/ws_aic/src/aic/aic_interfaces/aic_engine_interfaces) by extension 'ros'
[0.176s] DEBUG:colcon.colcon_core.package_identification:Package '/home/ubuntu/ws_aic/src/aic/aic_interfaces/aic_engine_interfaces' with type 'ros.ament_cmake' and name 'aic_engine_interfaces'
[0.176s] Level 1:colcon.colcon_core.package_identification:_identify(/home/ubuntu/ws_aic/src/aic/aic_interfaces/aic_model_interfaces) by extensions ['ignore', 'ignore_ament_install']
[0.176s] Level 1:colcon.colcon_core.package_identification:_identify(/home/ubuntu/ws_aic/src/aic/aic_interfaces/aic_model_interfaces) by extension 'ignore'
[0.176s] Level 1:colcon.colcon_core.package_identification:_identify(/home/ubuntu/ws_aic/src/aic/aic_interfaces/aic_model_interfaces) by extension 'ignore_ament_install'
[0.176s] Level 1:colcon.colcon_core.package_identification:_identify(/home/ubuntu/ws_aic/src/aic/aic_interfaces/aic_model_interfaces) by extensions ['colcon_pkg']
[0.176s] Level 1:colcon.colcon_core.package_identification:_identify(/home/ubuntu/ws_aic/src/aic/aic_interfaces/aic_model_interfaces) by extension 'colcon_pkg'
[0.176s] Level 1:colcon.colcon_core.package_identification:_identify(/home/ubuntu/ws_aic/src/aic/aic_interfaces/aic_model_interfaces) by extensions ['colcon_meta']
[0.176s] Level 1:colcon.colcon_core.package_identification:_identify(/home/ubuntu/ws_aic/src/aic/aic_interfaces/aic_model_interfaces) by extension 'colcon_meta'
[0.176s] Level 1:colcon.colcon_core.package_identification:_identify(/home/ubuntu/ws_aic/src/aic/aic_interfaces/aic_model_interfaces) by extensions ['ros']
[0.176s] Level 1:colcon.colcon_core.package_identification:_identify(/home/ubuntu/ws_aic/src/aic/aic_interfaces/aic_model_interfaces) by extension 'ros'
[0.177s] DEBUG:colcon.colcon_core.package_identification:Package '/home/ubuntu/ws_aic/src/aic/aic_interfaces/aic_model_interfaces' with type 'ros.ament_cmake' and name 'aic_model_interfaces'
[0.177s] Level 1:colcon.colcon_core.package_identification:_identify(/home/ubuntu/ws_aic/src/aic/aic_interfaces/aic_task_interfaces) by extensions ['ignore', 'ignore_ament_install']
[0.177s] Level 1:colcon.colcon_core.package_identification:_identify(/home/ubuntu/ws_aic/src/aic/aic_interfaces/aic_task_interfaces) by extension 'ignore'
[0.177s] Level 1:colcon.colcon_core.package_identification:_identify(/home/ubuntu/ws_aic/src/aic/aic_interfaces/aic_task_interfaces) by extension 'ignore_ament_install'
[0.177s] Level 1:colcon.colcon_core.package_identification:_identify(/home/ubuntu/ws_aic/src/aic/aic_interfaces/aic_task_interfaces) by extensions ['colcon_pkg']
[0.177s] Level 1:colcon.colcon_core.package_identification:_identify(/home/ubuntu/ws_aic/src/aic/aic_interfaces/aic_task_interfaces) by extension 'colcon_pkg'
[0.177s] Level 1:colcon.colcon_core.package_identification:_identify(/home/ubuntu/ws_aic/src/aic/aic_interfaces/aic_task_interfaces) by extensions ['colcon_meta']
[0.177s] Level 1:colcon.colcon_core.package_identification:_identify(/home/ubuntu/ws_aic/src/aic/aic_interfaces/aic_task_interfaces) by extension 'colcon_meta'
[0.177s] Level 1:colcon.colcon_core.package_identification:_identify(/home/ubuntu/ws_aic/src/aic/aic_interfaces/aic_task_interfaces) by extensions ['ros']
[0.178s] Level 1:colcon.colcon_core.package_identification:_identify(/home/ubuntu/ws_aic/src/aic/aic_interfaces/aic_task_interfaces) by extension 'ros'
[0.178s] DEBUG:colcon.colcon_core.package_identification:Package '/home/ubuntu/ws_aic/src/aic/aic_interfaces/aic_task_interfaces' with type 'ros.ament_cmake' and name 'aic_task_interfaces'
[0.178s] Level 1:colcon.colcon_core.package_identification:_identify(/home/ubuntu/ws_aic/src/aic/aic_model) by extensions ['ignore', 'ignore_ament_install']
[0.178s] Level 1:colcon.colcon_core.package_identification:_identify(/home/ubuntu/ws_aic/src/aic/aic_model) by extension 'ignore'
[0.178s] Level 1:colcon.colcon_core.package_identification:_identify(/home/ubuntu/ws_aic/src/aic/aic_model) by extension 'ignore_ament_install'
[0.178s] Level 1:colcon.colcon_core.package_identification:_identify(/home/ubuntu/ws_aic/src/aic/aic_model) by extensions ['colcon_pkg']
[0.178s] Level 1:colcon.colcon_core.package_identification:_identify(/home/ubuntu/ws_aic/src/aic/aic_model) by extension 'colcon_pkg'
[0.178s] Level 1:colcon.colcon_core.package_identification:_identify(/home/ubuntu/ws_aic/src/aic/aic_model) by extensions ['colcon_meta']
[0.178s] Level 1:colcon.colcon_core.package_identification:_identify(/home/ubuntu/ws_aic/src/aic/aic_model) by extension 'colcon_meta'
[0.178s] Level 1:colcon.colcon_core.package_identification:_identify(/home/ubuntu/ws_aic/src/aic/aic_model) by extensions ['ros']
[0.178s] Level 1:colcon.colcon_core.package_identification:_identify(/home/ubuntu/ws_aic/src/aic/aic_model) by extension 'ros'
[0.179s] DEBUG:colcon.colcon_core.package_identification:Package '/home/ubuntu/ws_aic/src/aic/aic_model' with type 'ros.ament_python' and name 'aic_model'
[0.179s] Level 1:colcon.colcon_core.package_identification:_identify(/home/ubuntu/ws_aic/src/aic/aic_scoring) by extensions ['ignore', 'ignore_ament_install']
[0.179s] Level 1:colcon.colcon_core.package_identification:_identify(/home/ubuntu/ws_aic/src/aic/aic_scoring) by extension 'ignore'
[0.179s] Level 1:colcon.colcon_core.package_identification:_identify(/home/ubuntu/ws_aic/src/aic/aic_scoring) by extension 'ignore_ament_install'
[0.179s] Level 1:colcon.colcon_core.package_identification:_identify(/home/ubuntu/ws_aic/src/aic/aic_scoring) by extensions ['colcon_pkg']
[0.179s] Level 1:colcon.colcon_core.package_identification:_identify(/home/ubuntu/ws_aic/src/aic/aic_scoring) by extension 'colcon_pkg'
[0.180s] Level 1:colcon.colcon_core.package_identification:_identify(/home/ubuntu/ws_aic/src/aic/aic_scoring) by extensions ['colcon_meta']
[0.180s] Level 1:colcon.colcon_core.package_identification:_identify(/home/ubuntu/ws_aic/src/aic/aic_scoring) by extension 'colcon_meta'
[0.180s] Level 1:colcon.colcon_core.package_identification:_identify(/home/ubuntu/ws_aic/src/aic/aic_scoring) by extensions ['ros']
[0.180s] Level 1:colcon.colcon_core.package_identification:_identify(/home/ubuntu/ws_aic/src/aic/aic_scoring) by extension 'ros'
[0.180s] DEBUG:colcon.colcon_core.package_identification:Package '/home/ubuntu/ws_aic/src/aic/aic_scoring' with type 'ros.ament_cmake' and name 'aic_scoring'
[0.180s] Level 1:colcon.colcon_core.package_identification:_identify(/home/ubuntu/ws_aic/src/aic/aic_utils) by extensions ['ignore', 'ignore_ament_install']
[0.180s] Level 1:colcon.colcon_core.package_identification:_identify(/home/ubuntu/ws_aic/src/aic/aic_utils) by extension 'ignore'
[0.180s] Level 1:colcon.colcon_core.package_identification:_identify(/home/ubuntu/ws_aic/src/aic/aic_utils) by extension 'ignore_ament_install'
[0.180s] Level 1:colcon.colcon_core.package_identification:_identify(/home/ubuntu/ws_aic/src/aic/aic_utils) by extensions ['colcon_pkg']
[0.181s] Level 1:colcon.colcon_core.package_identification:_identify(/home/ubuntu/ws_aic/src/aic/aic_utils) by extension 'colcon_pkg'
[0.181s] Level 1:colcon.colcon_core.package_identification:_identify(/home/ubuntu/ws_aic/src/aic/aic_utils) by extensions ['colcon_meta']
[0.181s] Level 1:colcon.colcon_core.package_identification:_identify(/home/ubuntu/ws_aic/src/aic/aic_utils) by extension 'colcon_meta'
[0.181s] Level 1:colcon.colcon_core.package_identification:_identify(/home/ubuntu/ws_aic/src/aic/aic_utils) by extensions ['ros']
[0.181s] Level 1:colcon.colcon_core.package_identification:_identify(/home/ubuntu/ws_aic/src/aic/aic_utils) by extension 'ros'
[0.181s] Level 1:colcon.colcon_core.package_identification:_identify(/home/ubuntu/ws_aic/src/aic/aic_utils) by extensions ['cmake', 'python']
[0.181s] Level 1:colcon.colcon_core.package_identification:_identify(/home/ubuntu/ws_aic/src/aic/aic_utils) by extension 'cmake'
[0.181s] Level 1:colcon.colcon_core.package_identification:_identify(/home/ubuntu/ws_aic/src/aic/aic_utils) by extension 'python'
[0.181s] Level 1:colcon.colcon_core.package_identification:_identify(/home/ubuntu/ws_aic/src/aic/aic_utils) by extensions ['python_setup_py']
[0.181s] Level 1:colcon.colcon_core.package_identification:_identify(/home/ubuntu/ws_aic/src/aic/aic_utils) by extension 'python_setup_py'
[0.181s] Level 1:colcon.colcon_core.package_identification:_identify(/home/ubuntu/ws_aic/src/aic/aic_utils/aic_gazebo_env) by extensions ['ignore', 'ignore_ament_install']
[0.181s] Level 1:colcon.colcon_core.package_identification:_identify(/home/ubuntu/ws_aic/src/aic/aic_utils/aic_gazebo_env) by extension 'ignore'
[0.181s] Level 1:colcon.colcon_core.package_identification:_identify(/home/ubuntu/ws_aic/src/aic/aic_utils/aic_gazebo_env) by extension 'ignore_ament_install'
[0.181s] Level 1:colcon.colcon_core.package_identification:_identify(/home/ubuntu/ws_aic/src/aic/aic_utils/aic_gazebo_env) by extensions ['colcon_pkg']
[0.181s] Level 1:colcon.colcon_core.package_identification:_identify(/home/ubuntu/ws_aic/src/aic/aic_utils/aic_gazebo_env) by extension 'colcon_pkg'
[0.181s] Level 1:colcon.colcon_core.package_identification:_identify(/home/ubuntu/ws_aic/src/aic/aic_utils/aic_gazebo_env) by extensions ['colcon_meta']
[0.181s] Level 1:colcon.colcon_core.package_identification:_identify(/home/ubuntu/ws_aic/src/aic/aic_utils/aic_gazebo_env) by extension 'colcon_meta'
[0.181s] Level 1:colcon.colcon_core.package_identification:_identify(/home/ubuntu/ws_aic/src/aic/aic_utils/aic_gazebo_env) by extensions ['ros']
[0.181s] Level 1:colcon.colcon_core.package_identification:_identify(/home/ubuntu/ws_aic/src/aic/aic_utils/aic_gazebo_env) by extension 'ros'
[0.181s] Level 1:colcon.colcon_core.package_identification:_identify(/home/ubuntu/ws_aic/src/aic/aic_utils/aic_gazebo_env) by extensions ['cmake', 'python']
[0.181s] Level 1:colcon.colcon_core.package_identification:_identify(/home/ubuntu/ws_aic/src/aic/aic_utils/aic_gazebo_env) by extension 'cmake'
[0.181s] Level 1:colcon.colcon_core.package_identification:_identify(/home/ubuntu/ws_aic/src/aic/aic_utils/aic_gazebo_env) by extension 'python'
[0.182s] Level 1:colcon.colcon_core.package_identification:_identify(/home/ubuntu/ws_aic/src/aic/aic_utils/aic_gazebo_env) by extensions ['python_setup_py']
[0.182s] Level 1:colcon.colcon_core.package_identification:_identify(/home/ubuntu/ws_aic/src/aic/aic_utils/aic_gazebo_env) by extension 'python_setup_py'
[0.182s] Level 1:colcon.colcon_core.package_identification:_identify(/home/ubuntu/ws_aic/src/aic/aic_utils/aic_gazebo_env/aic_gazebo_env) by extensions ['ignore', 'ignore_ament_install']
[0.182s] Level 1:colcon.colcon_core.package_identification:_identify(/home/ubuntu/ws_aic/src/aic/aic_utils/aic_gazebo_env/aic_gazebo_env) by extension 'ignore'
[0.182s] Level 1:colcon.colcon_core.package_identification:_identify(/home/ubuntu/ws_aic/src/aic/aic_utils/aic_gazebo_env/aic_gazebo_env) by extension 'ignore_ament_install'
[0.182s] Level 1:colcon.colcon_core.package_identification:_identify(/home/ubuntu/ws_aic/src/aic/aic_utils/aic_gazebo_env/aic_gazebo_env) by extensions ['colcon_pkg']
[0.182s] Level 1:colcon.colcon_core.package_identification:_identify(/home/ubuntu/ws_aic/src/aic/aic_utils/aic_gazebo_env/aic_gazebo_env) by extension 'colcon_pkg'
[0.182s] Level 1:colcon.colcon_core.package_identification:_identify(/home/ubuntu/ws_aic/src/aic/aic_utils/aic_gazebo_env/aic_gazebo_env) by extensions ['colcon_meta']
[0.182s] Level 1:colcon.colcon_core.package_identification:_identify(/home/ubuntu/ws_aic/src/aic/aic_utils/aic_gazebo_env/aic_gazebo_env) by extension 'colcon_meta'
[0.182s] Level 1:colcon.colcon_core.package_identification:_identify(/home/ubuntu/ws_aic/src/aic/aic_utils/aic_gazebo_env/aic_gazebo_env) by extensions ['ros']
[0.182s] Level 1:colcon.colcon_core.package_identification:_identify(/home/ubuntu/ws_aic/src/aic/aic_utils/aic_gazebo_env/aic_gazebo_env) by extension 'ros'
[0.182s] Level 1:colcon.colcon_core.package_identification:_identify(/home/ubuntu/ws_aic/src/aic/aic_utils/aic_gazebo_env/aic_gazebo_env) by extensions ['cmake', 'python']
[0.182s] Level 1:colcon.colcon_core.package_identification:_identify(/home/ubuntu/ws_aic/src/aic/aic_utils/aic_gazebo_env/aic_gazebo_env) by extension 'cmake'
[0.182s] Level 1:colcon.colcon_core.package_identification:_identify(/home/ubuntu/ws_aic/src/aic/aic_utils/aic_gazebo_env/aic_gazebo_env) by extension 'python'
[0.182s] Level 1:colcon.colcon_core.package_identification:_identify(/home/ubuntu/ws_aic/src/aic/aic_utils/aic_gazebo_env/aic_gazebo_env) by extensions ['python_setup_py']
[0.182s] Level 1:colcon.colcon_core.package_identification:_identify(/home/ubuntu/ws_aic/src/aic/aic_utils/aic_gazebo_env/aic_gazebo_env) by extension 'python_setup_py'
[0.182s] Level 1:colcon.colcon_core.package_identification:_identify(/home/ubuntu/ws_aic/src/aic/aic_utils/aic_gazebo_env/aic_gazebo_env/__pycache__) by extensions ['ignore', 'ignore_ament_install']
[0.182s] Level 1:colcon.colcon_core.package_identification:_identify(/home/ubuntu/ws_aic/src/aic/aic_utils/aic_gazebo_env/aic_gazebo_env/__pycache__) by extension 'ignore'
[0.183s] Level 1:colcon.colcon_core.package_identification:_identify(/home/ubuntu/ws_aic/src/aic/aic_utils/aic_gazebo_env/aic_gazebo_env/__pycache__) by extension 'ignore_ament_install'
[0.183s] Level 1:colcon.colcon_core.package_identification:_identify(/home/ubuntu/ws_aic/src/aic/aic_utils/aic_gazebo_env/aic_gazebo_env/__pycache__) by extensions ['colcon_pkg']
[0.183s] Level 1:colcon.colcon_core.package_identification:_identify(/home/ubuntu/ws_aic/src/aic/aic_utils/aic_gazebo_env/aic_gazebo_env/__pycache__) by extension 'colcon_pkg'
[0.183s] Level 1:colcon.colcon_core.package_identification:_identify(/home/ubuntu/ws_aic/src/aic/aic_utils/aic_gazebo_env/aic_gazebo_env/__pycache__) by extensions ['colcon_meta']
[0.183s] Level 1:colcon.colcon_core.package_identification:_identify(/home/ubuntu/ws_aic/src/aic/aic_utils/aic_gazebo_env/aic_gazebo_env/__pycache__) by extension 'colcon_meta'
[0.183s] Level 1:colcon.colcon_core.package_identification:_identify(/home/ubuntu/ws_aic/src/aic/aic_utils/aic_gazebo_env/aic_gazebo_env/__pycache__) by extensions ['ros']
[0.183s] Level 1:colcon.colcon_core.package_identification:_identify(/home/ubuntu/ws_aic/src/aic/aic_utils/aic_gazebo_env/aic_gazebo_env/__pycache__) by extension 'ros'
[0.183s] Level 1:colcon.colcon_core.package_identification:_identify(/home/ubuntu/ws_aic/src/aic/aic_utils/aic_gazebo_env/aic_gazebo_env/__pycache__) by extensions ['cmake', 'python']
[0.183s] Level 1:colcon.colcon_core.package_identification:_identify(/home/ubuntu/ws_aic/src/aic/aic_utils/aic_gazebo_env/aic_gazebo_env/__pycache__) by extension 'cmake'
[0.183s] Level 1:colcon.colcon_core.package_identification:_identify(/home/ubuntu/ws_aic/src/aic/aic_utils/aic_gazebo_env/aic_gazebo_env/__pycache__) by extension 'python'
[0.183s] Level 1:colcon.colcon_core.package_identification:_identify(/home/ubuntu/ws_aic/src/aic/aic_utils/aic_gazebo_env/aic_gazebo_env/__pycache__) by extensions ['python_setup_py']
[0.183s] Level 1:colcon.colcon_core.package_identification:_identify(/home/ubuntu/ws_aic/src/aic/aic_utils/aic_gazebo_env/aic_gazebo_env/__pycache__) by extension 'python_setup_py'
[0.183s] Level 1:colcon.colcon_core.package_identification:_identify(/home/ubuntu/ws_aic/src/aic/aic_utils/aic_gazebo_env/scripts) by extensions ['ignore', 'ignore_ament_install']
[0.183s] Level 1:colcon.colcon_core.package_identification:_identify(/home/ubuntu/ws_aic/src/aic/aic_utils/aic_gazebo_env/scripts) by extension 'ignore'
[0.183s] Level 1:colcon.colcon_core.package_identification:_identify(/home/ubuntu/ws_aic/src/aic/aic_utils/aic_gazebo_env/scripts) by extension 'ignore_ament_install'
[0.183s] Level 1:colcon.colcon_core.package_identification:_identify(/home/ubuntu/ws_aic/src/aic/aic_utils/aic_gazebo_env/scripts) by extensions ['colcon_pkg']
[0.183s] Level 1:colcon.colcon_core.package_identification:_identify(/home/ubuntu/ws_aic/src/aic/aic_utils/aic_gazebo_env/scripts) by extension 'colcon_pkg'
[0.183s] Level 1:colcon.colcon_core.package_identification:_identify(/home/ubuntu/ws_aic/src/aic/aic_utils/aic_gazebo_env/scripts) by extensions ['colcon_meta']
[0.183s] Level 1:colcon.colcon_core.package_identification:_identify(/home/ubuntu/ws_aic/src/aic/aic_utils/aic_gazebo_env/scripts) by extension 'colcon_meta'
[0.183s] Level 1:colcon.colcon_core.package_identification:_identify(/home/ubuntu/ws_aic/src/aic/aic_utils/aic_gazebo_env/scripts) by extensions ['ros']
[0.183s] Level 1:colcon.colcon_core.package_identification:_identify(/home/ubuntu/ws_aic/src/aic/aic_utils/aic_gazebo_env/scripts) by extension 'ros'
[0.184s] Level 1:colcon.colcon_core.package_identification:_identify(/home/ubuntu/ws_aic/src/aic/aic_utils/aic_gazebo_env/scripts) by extensions ['cmake', 'python']
[0.184s] Level 1:colcon.colcon_core.package_identification:_identify(/home/ubuntu/ws_aic/src/aic/aic_utils/aic_gazebo_env/scripts) by extension 'cmake'
[0.184s] Level 1:colcon.colcon_core.package_identification:_identify(/home/ubuntu/ws_aic/src/aic/aic_utils/aic_gazebo_env/scripts) by extension 'python'
[0.184s] Level 1:colcon.colcon_core.package_identification:_identify(/home/ubuntu/ws_aic/src/aic/aic_utils/aic_gazebo_env/scripts) by extensions ['python_setup_py']
[0.184s] Level 1:colcon.colcon_core.package_identification:_identify(/home/ubuntu/ws_aic/src/aic/aic_utils/aic_gazebo_env/scripts) by extension 'python_setup_py'
[0.184s] Level 1:colcon.colcon_core.package_identification:_identify(/home/ubuntu/ws_aic/src/aic/aic_utils/aic_gazebo_env/tests) by extensions ['ignore', 'ignore_ament_install']
[0.184s] Level 1:colcon.colcon_core.package_identification:_identify(/home/ubuntu/ws_aic/src/aic/aic_utils/aic_gazebo_env/tests) by extension 'ignore'
[0.184s] Level 1:colcon.colcon_core.package_identification:_identify(/home/ubuntu/ws_aic/src/aic/aic_utils/aic_gazebo_env/tests) by extension 'ignore_ament_install'
[0.184s] Level 1:colcon.colcon_core.package_identification:_identify(/home/ubuntu/ws_aic/src/aic/aic_utils/aic_gazebo_env/tests) by extensions ['colcon_pkg']
[0.184s] Level 1:colcon.colcon_core.package_identification:_identify(/home/ubuntu/ws_aic/src/aic/aic_utils/aic_gazebo_env/tests) by extension 'colcon_pkg'
[0.184s] Level 1:colcon.colcon_core.package_identification:_identify(/home/ubuntu/ws_aic/src/aic/aic_utils/aic_gazebo_env/tests) by extensions ['colcon_meta']
[0.184s] Level 1:colcon.colcon_core.package_identification:_identify(/home/ubuntu/ws_aic/src/aic/aic_utils/aic_gazebo_env/tests) by extension 'colcon_meta'
[0.184s] Level 1:colcon.colcon_core.package_identification:_identify(/home/ubuntu/ws_aic/src/aic/aic_utils/aic_gazebo_env/tests) by extensions ['ros']
[0.184s] Level 1:colcon.colcon_core.package_identification:_identify(/home/ubuntu/ws_aic/src/aic/aic_utils/aic_gazebo_env/tests) by extension 'ros'
[0.184s] Level 1:colcon.colcon_core.package_identification:_identify(/home/ubuntu/ws_aic/src/aic/aic_utils/aic_gazebo_env/tests) by extensions ['cmake', 'python']
[0.184s] Level 1:colcon.colcon_core.package_identification:_identify(/home/ubuntu/ws_aic/src/aic/aic_utils/aic_gazebo_env/tests) by extension 'cmake'
[0.184s] Level 1:colcon.colcon_core.package_identification:_identify(/home/ubuntu/ws_aic/src/aic/aic_utils/aic_gazebo_env/tests) by extension 'python'
[0.184s] Level 1:colcon.colcon_core.package_identification:_identify(/home/ubuntu/ws_aic/src/aic/aic_utils/aic_gazebo_env/tests) by extensions ['python_setup_py']
[0.184s] Level 1:colcon.colcon_core.package_identification:_identify(/home/ubuntu/ws_aic/src/aic/aic_utils/aic_gazebo_env/tests) by extension 'python_setup_py'
[0.184s] Level 1:colcon.colcon_core.package_identification:_identify(/home/ubuntu/ws_aic/src/aic/aic_utils/aic_gazebo_transport_bridge) by extensions ['ignore', 'ignore_ament_install']
[0.185s] Level 1:colcon.colcon_core.package_identification:_identify(/home/ubuntu/ws_aic/src/aic/aic_utils/aic_gazebo_transport_bridge) by extension 'ignore'
[0.185s] Level 1:colcon.colcon_core.package_identification:_identify(/home/ubuntu/ws_aic/src/aic/aic_utils/aic_gazebo_transport_bridge) by extension 'ignore_ament_install'
[0.185s] Level 1:colcon.colcon_core.package_identification:_identify(/home/ubuntu/ws_aic/src/aic/aic_utils/aic_gazebo_transport_bridge) by extensions ['colcon_pkg']
[0.185s] Level 1:colcon.colcon_core.package_identification:_identify(/home/ubuntu/ws_aic/src/aic/aic_utils/aic_gazebo_transport_bridge) by extension 'colcon_pkg'
[0.185s] Level 1:colcon.colcon_core.package_identification:_identify(/home/ubuntu/ws_aic/src/aic/aic_utils/aic_gazebo_transport_bridge) by extensions ['colcon_meta']
[0.185s] Level 1:colcon.colcon_core.package_identification:_identify(/home/ubuntu/ws_aic/src/aic/aic_utils/aic_gazebo_transport_bridge) by extension 'colcon_meta'
[0.185s] Level 1:colcon.colcon_core.package_identification:_identify(/home/ubuntu/ws_aic/src/aic/aic_utils/aic_gazebo_transport_bridge) by extensions ['ros']
[0.185s] Level 1:colcon.colcon_core.package_identification:_identify(/home/ubuntu/ws_aic/src/aic/aic_utils/aic_gazebo_transport_bridge) by extension 'ros'
[0.185s] DEBUG:colcon.colcon_core.package_identification:Package '/home/ubuntu/ws_aic/src/aic/aic_utils/aic_gazebo_transport_bridge' with type 'ros.ament_cmake' and name 'aic_gazebo_transport_bridge'
[0.185s] Level 1:colcon.colcon_core.package_identification:_identify(/home/ubuntu/ws_aic/src/aic/aic_utils/aic_isaac) by extensions ['ignore', 'ignore_ament_install']
[0.185s] Level 1:colcon.colcon_core.package_identification:_identify(/home/ubuntu/ws_aic/src/aic/aic_utils/aic_isaac) by extension 'ignore'
[0.185s] Level 1:colcon.colcon_core.package_identification:_identify(/home/ubuntu/ws_aic/src/aic/aic_utils/aic_isaac) by extension 'ignore_ament_install'
[0.185s] Level 1:colcon.colcon_core.package_identification:_identify(/home/ubuntu/ws_aic/src/aic/aic_utils/aic_isaac) by extensions ['colcon_pkg']
[0.185s] Level 1:colcon.colcon_core.package_identification:_identify(/home/ubuntu/ws_aic/src/aic/aic_utils/aic_isaac) by extension 'colcon_pkg'
[0.186s] Level 1:colcon.colcon_core.package_identification:_identify(/home/ubuntu/ws_aic/src/aic/aic_utils/aic_isaac) by extensions ['colcon_meta']
[0.186s] Level 1:colcon.colcon_core.package_identification:_identify(/home/ubuntu/ws_aic/src/aic/aic_utils/aic_isaac) by extension 'colcon_meta'
[0.186s] Level 1:colcon.colcon_core.package_identification:_identify(/home/ubuntu/ws_aic/src/aic/aic_utils/aic_isaac) by extensions ['ros']
[0.186s] Level 1:colcon.colcon_core.package_identification:_identify(/home/ubuntu/ws_aic/src/aic/aic_utils/aic_isaac) by extension 'ros'
[0.186s] Level 1:colcon.colcon_core.package_identification:_identify(/home/ubuntu/ws_aic/src/aic/aic_utils/aic_isaac) by extensions ['cmake', 'python']
[0.186s] Level 1:colcon.colcon_core.package_identification:_identify(/home/ubuntu/ws_aic/src/aic/aic_utils/aic_isaac) by extension 'cmake'
[0.186s] Level 1:colcon.colcon_core.package_identification:_identify(/home/ubuntu/ws_aic/src/aic/aic_utils/aic_isaac) by extension 'python'
[0.186s] Level 1:colcon.colcon_core.package_identification:_identify(/home/ubuntu/ws_aic/src/aic/aic_utils/aic_isaac) by extensions ['python_setup_py']
[0.186s] Level 1:colcon.colcon_core.package_identification:_identify(/home/ubuntu/ws_aic/src/aic/aic_utils/aic_isaac) by extension 'python_setup_py'
[0.186s] Level 1:colcon.colcon_core.package_identification:_identify(/home/ubuntu/ws_aic/src/aic/aic_utils/aic_isaac/aic_isaaclab) by extensions ['ignore', 'ignore_ament_install']
[0.186s] Level 1:colcon.colcon_core.package_identification:_identify(/home/ubuntu/ws_aic/src/aic/aic_utils/aic_isaac/aic_isaaclab) by extension 'ignore'
[0.186s] Level 1:colcon.colcon_core.package_identification:_identify(/home/ubuntu/ws_aic/src/aic/aic_utils/aic_isaac/aic_isaaclab) by extension 'ignore_ament_install'
[0.186s] Level 1:colcon.colcon_core.package_identification:_identify(/home/ubuntu/ws_aic/src/aic/aic_utils/aic_isaac/aic_isaaclab) by extensions ['colcon_pkg']
[0.186s] Level 1:colcon.colcon_core.package_identification:_identify(/home/ubuntu/ws_aic/src/aic/aic_utils/aic_isaac/aic_isaaclab) by extension 'colcon_pkg'
[0.186s] Level 1:colcon.colcon_core.package_identification:_identify(/home/ubuntu/ws_aic/src/aic/aic_utils/aic_isaac/aic_isaaclab) by extensions ['colcon_meta']
[0.186s] Level 1:colcon.colcon_core.package_identification:_identify(/home/ubuntu/ws_aic/src/aic/aic_utils/aic_isaac/aic_isaaclab) by extension 'colcon_meta'
[0.186s] Level 1:colcon.colcon_core.package_identification:_identify(/home/ubuntu/ws_aic/src/aic/aic_utils/aic_isaac/aic_isaaclab) by extensions ['ros']
[0.186s] Level 1:colcon.colcon_core.package_identification:_identify(/home/ubuntu/ws_aic/src/aic/aic_utils/aic_isaac/aic_isaaclab) by extension 'ros'
[0.186s] Level 1:colcon.colcon_core.package_identification:_identify(/home/ubuntu/ws_aic/src/aic/aic_utils/aic_isaac/aic_isaaclab) by extensions ['cmake', 'python']
[0.186s] Level 1:colcon.colcon_core.package_identification:_identify(/home/ubuntu/ws_aic/src/aic/aic_utils/aic_isaac/aic_isaaclab) by extension 'cmake'
[0.186s] Level 1:colcon.colcon_core.package_identification:_identify(/home/ubuntu/ws_aic/src/aic/aic_utils/aic_isaac/aic_isaaclab) by extension 'python'
[0.187s] Level 1:colcon.colcon_core.package_identification:_identify(/home/ubuntu/ws_aic/src/aic/aic_utils/aic_isaac/aic_isaaclab) by extensions ['python_setup_py']
[0.187s] Level 1:colcon.colcon_core.package_identification:_identify(/home/ubuntu/ws_aic/src/aic/aic_utils/aic_isaac/aic_isaaclab) by extension 'python_setup_py'
[0.187s] Level 1:colcon.colcon_core.package_identification:_identify(/home/ubuntu/ws_aic/src/aic/aic_utils/aic_isaac/aic_isaaclab/scripts) by extensions ['ignore', 'ignore_ament_install']
[0.187s] Level 1:colcon.colcon_core.package_identification:_identify(/home/ubuntu/ws_aic/src/aic/aic_utils/aic_isaac/aic_isaaclab/scripts) by extension 'ignore'
[0.187s] Level 1:colcon.colcon_core.package_identification:_identify(/home/ubuntu/ws_aic/src/aic/aic_utils/aic_isaac/aic_isaaclab/scripts) by extension 'ignore_ament_install'
[0.187s] Level 1:colcon.colcon_core.package_identification:_identify(/home/ubuntu/ws_aic/src/aic/aic_utils/aic_isaac/aic_isaaclab/scripts) by extensions ['colcon_pkg']
[0.187s] Level 1:colcon.colcon_core.package_identification:_identify(/home/ubuntu/ws_aic/src/aic/aic_utils/aic_isaac/aic_isaaclab/scripts) by extension 'colcon_pkg'
[0.187s] Level 1:colcon.colcon_core.package_identification:_identify(/home/ubuntu/ws_aic/src/aic/aic_utils/aic_isaac/aic_isaaclab/scripts) by extensions ['colcon_meta']
[0.187s] Level 1:colcon.colcon_core.package_identification:_identify(/home/ubuntu/ws_aic/src/aic/aic_utils/aic_isaac/aic_isaaclab/scripts) by extension 'colcon_meta'
[0.187s] Level 1:colcon.colcon_core.package_identification:_identify(/home/ubuntu/ws_aic/src/aic/aic_utils/aic_isaac/aic_isaaclab/scripts) by extensions ['ros']
[0.187s] Level 1:colcon.colcon_core.package_identification:_identify(/home/ubuntu/ws_aic/src/aic/aic_utils/aic_isaac/aic_isaaclab/scripts) by extension 'ros'
[0.187s] Level 1:colcon.colcon_core.package_identification:_identify(/home/ubuntu/ws_aic/src/aic/aic_utils/aic_isaac/aic_isaaclab/scripts) by extensions ['cmake', 'python']
[0.187s] Level 1:colcon.colcon_core.package_identification:_identify(/home/ubuntu/ws_aic/src/aic/aic_utils/aic_isaac/aic_isaaclab/scripts) by extension 'cmake'
[0.187s] Level 1:colcon.colcon_core.package_identification:_identify(/home/ubuntu/ws_aic/src/aic/aic_utils/aic_isaac/aic_isaaclab/scripts) by extension 'python'
[0.187s] Level 1:colcon.colcon_core.package_identification:_identify(/home/ubuntu/ws_aic/src/aic/aic_utils/aic_isaac/aic_isaaclab/scripts) by extensions ['python_setup_py']
[0.187s] Level 1:colcon.colcon_core.package_identification:_identify(/home/ubuntu/ws_aic/src/aic/aic_utils/aic_isaac/aic_isaaclab/scripts) by extension 'python_setup_py'
[0.187s] Level 1:colcon.colcon_core.package_identification:_identify(/home/ubuntu/ws_aic/src/aic/aic_utils/aic_isaac/aic_isaaclab/scripts/rsl_rl) by extensions ['ignore', 'ignore_ament_install']
[0.187s] Level 1:colcon.colcon_core.package_identification:_identify(/home/ubuntu/ws_aic/src/aic/aic_utils/aic_isaac/aic_isaaclab/scripts/rsl_rl) by extension 'ignore'
[0.187s] Level 1:colcon.colcon_core.package_identification:_identify(/home/ubuntu/ws_aic/src/aic/aic_utils/aic_isaac/aic_isaaclab/scripts/rsl_rl) by extension 'ignore_ament_install'
[0.188s] Level 1:colcon.colcon_core.package_identification:_identify(/home/ubuntu/ws_aic/src/aic/aic_utils/aic_isaac/aic_isaaclab/scripts/rsl_rl) by extensions ['colcon_pkg']
[0.188s] Level 1:colcon.colcon_core.package_identification:_identify(/home/ubuntu/ws_aic/src/aic/aic_utils/aic_isaac/aic_isaaclab/scripts/rsl_rl) by extension 'colcon_pkg'
[0.188s] Level 1:colcon.colcon_core.package_identification:_identify(/home/ubuntu/ws_aic/src/aic/aic_utils/aic_isaac/aic_isaaclab/scripts/rsl_rl) by extensions ['colcon_meta']
[0.188s] Level 1:colcon.colcon_core.package_identification:_identify(/home/ubuntu/ws_aic/src/aic/aic_utils/aic_isaac/aic_isaaclab/scripts/rsl_rl) by extension 'colcon_meta'
[0.188s] Level 1:colcon.colcon_core.package_identification:_identify(/home/ubuntu/ws_aic/src/aic/aic_utils/aic_isaac/aic_isaaclab/scripts/rsl_rl) by extensions ['ros']
[0.188s] Level 1:colcon.colcon_core.package_identification:_identify(/home/ubuntu/ws_aic/src/aic/aic_utils/aic_isaac/aic_isaaclab/scripts/rsl_rl) by extension 'ros'
[0.188s] Level 1:colcon.colcon_core.package_identification:_identify(/home/ubuntu/ws_aic/src/aic/aic_utils/aic_isaac/aic_isaaclab/scripts/rsl_rl) by extensions ['cmake', 'python']
[0.188s] Level 1:colcon.colcon_core.package_identification:_identify(/home/ubuntu/ws_aic/src/aic/aic_utils/aic_isaac/aic_isaaclab/scripts/rsl_rl) by extension 'cmake'
[0.188s] Level 1:colcon.colcon_core.package_identification:_identify(/home/ubuntu/ws_aic/src/aic/aic_utils/aic_isaac/aic_isaaclab/scripts/rsl_rl) by extension 'python'
[0.188s] Level 1:colcon.colcon_core.package_identification:_identify(/home/ubuntu/ws_aic/src/aic/aic_utils/aic_isaac/aic_isaaclab/scripts/rsl_rl) by extensions ['python_setup_py']
[0.188s] Level 1:colcon.colcon_core.package_identification:_identify(/home/ubuntu/ws_aic/src/aic/aic_utils/aic_isaac/aic_isaaclab/scripts/rsl_rl) by extension 'python_setup_py'
[0.188s] Level 1:colcon.colcon_core.package_identification:_identify(/home/ubuntu/ws_aic/src/aic/aic_utils/aic_isaac/aic_isaaclab/source) by extensions ['ignore', 'ignore_ament_install']
[0.188s] Level 1:colcon.colcon_core.package_identification:_identify(/home/ubuntu/ws_aic/src/aic/aic_utils/aic_isaac/aic_isaaclab/source) by extension 'ignore'
[0.188s] Level 1:colcon.colcon_core.package_identification:_identify(/home/ubuntu/ws_aic/src/aic/aic_utils/aic_isaac/aic_isaaclab/source) by extension 'ignore_ament_install'
[0.188s] Level 1:colcon.colcon_core.package_identification:_identify(/home/ubuntu/ws_aic/src/aic/aic_utils/aic_isaac/aic_isaaclab/source) by extensions ['colcon_pkg']
[0.188s] Level 1:colcon.colcon_core.package_identification:_identify(/home/ubuntu/ws_aic/src/aic/aic_utils/aic_isaac/aic_isaaclab/source) by extension 'colcon_pkg'
[0.188s] Level 1:colcon.colcon_core.package_identification:_identify(/home/ubuntu/ws_aic/src/aic/aic_utils/aic_isaac/aic_isaaclab/source) by extensions ['colcon_meta']
[0.188s] Level 1:colcon.colcon_core.package_identification:_identify(/home/ubuntu/ws_aic/src/aic/aic_utils/aic_isaac/aic_isaaclab/source) by extension 'colcon_meta'
[0.188s] Level 1:colcon.colcon_core.package_identification:_identify(/home/ubuntu/ws_aic/src/aic/aic_utils/aic_isaac/aic_isaaclab/source) by extensions ['ros']
[0.188s] Level 1:colcon.colcon_core.package_identification:_identify(/home/ubuntu/ws_aic/src/aic/aic_utils/aic_isaac/aic_isaaclab/source) by extension 'ros'
[0.188s] Level 1:colcon.colcon_core.package_identification:_identify(/home/ubuntu/ws_aic/src/aic/aic_utils/aic_isaac/aic_isaaclab/source) by extensions ['cmake', 'python']
[0.189s] Level 1:colcon.colcon_core.package_identification:_identify(/home/ubuntu/ws_aic/src/aic/aic_utils/aic_isaac/aic_isaaclab/source) by extension 'cmake'
[0.189s] Level 1:colcon.colcon_core.package_identification:_identify(/home/ubuntu/ws_aic/src/aic/aic_utils/aic_isaac/aic_isaaclab/source) by extension 'python'
[0.189s] Level 1:colcon.colcon_core.package_identification:_identify(/home/ubuntu/ws_aic/src/aic/aic_utils/aic_isaac/aic_isaaclab/source) by extensions ['python_setup_py']
[0.189s] Level 1:colcon.colcon_core.package_identification:_identify(/home/ubuntu/ws_aic/src/aic/aic_utils/aic_isaac/aic_isaaclab/source) by extension 'python_setup_py'
[0.189s] Level 1:colcon.colcon_core.package_identification:_identify(/home/ubuntu/ws_aic/src/aic/aic_utils/aic_isaac/aic_isaaclab/source/aic_task) by extensions ['ignore', 'ignore_ament_install']
[0.189s] Level 1:colcon.colcon_core.package_identification:_identify(/home/ubuntu/ws_aic/src/aic/aic_utils/aic_isaac/aic_isaaclab/source/aic_task) by extension 'ignore'
[0.189s] Level 1:colcon.colcon_core.package_identification:_identify(/home/ubuntu/ws_aic/src/aic/aic_utils/aic_isaac/aic_isaaclab/source/aic_task) by extension 'ignore_ament_install'
[0.189s] Level 1:colcon.colcon_core.package_identification:_identify(/home/ubuntu/ws_aic/src/aic/aic_utils/aic_isaac/aic_isaaclab/source/aic_task) by extensions ['colcon_pkg']
[0.189s] Level 1:colcon.colcon_core.package_identification:_identify(/home/ubuntu/ws_aic/src/aic/aic_utils/aic_isaac/aic_isaaclab/source/aic_task) by extension 'colcon_pkg'
[0.189s] Level 1:colcon.colcon_core.package_identification:_identify(/home/ubuntu/ws_aic/src/aic/aic_utils/aic_isaac/aic_isaaclab/source/aic_task) by extensions ['colcon_meta']
[0.189s] Level 1:colcon.colcon_core.package_identification:_identify(/home/ubuntu/ws_aic/src/aic/aic_utils/aic_isaac/aic_isaaclab/source/aic_task) by extension 'colcon_meta'
[0.189s] Level 1:colcon.colcon_core.package_identification:_identify(/home/ubuntu/ws_aic/src/aic/aic_utils/aic_isaac/aic_isaaclab/source/aic_task) by extensions ['ros']
[0.189s] Level 1:colcon.colcon_core.package_identification:_identify(/home/ubuntu/ws_aic/src/aic/aic_utils/aic_isaac/aic_isaaclab/source/aic_task) by extension 'ros'
[0.189s] Level 1:colcon.colcon_core.package_identification:_identify(/home/ubuntu/ws_aic/src/aic/aic_utils/aic_isaac/aic_isaaclab/source/aic_task) by extensions ['cmake', 'python']
[0.189s] Level 1:colcon.colcon_core.package_identification:_identify(/home/ubuntu/ws_aic/src/aic/aic_utils/aic_isaac/aic_isaaclab/source/aic_task) by extension 'cmake'
[0.189s] Level 1:colcon.colcon_core.package_identification:_identify(/home/ubuntu/ws_aic/src/aic/aic_utils/aic_isaac/aic_isaaclab/source/aic_task) by extension 'python'
[0.189s] Level 1:colcon.colcon_core.package_identification:_identify(/home/ubuntu/ws_aic/src/aic/aic_utils/aic_isaac/aic_isaaclab/source/aic_task) by extensions ['python_setup_py']
[0.189s] Level 1:colcon.colcon_core.package_identification:_identify(/home/ubuntu/ws_aic/src/aic/aic_utils/aic_isaac/aic_isaaclab/source/aic_task) by extension 'python_setup_py'
[0.373s] DEBUG:colcon.colcon_core.package_identification:Package '/home/ubuntu/ws_aic/src/aic/aic_utils/aic_isaac/aic_isaaclab/source/aic_task' with type 'python' and name 'aic_task'
[0.373s] Level 1:colcon.colcon_core.package_identification:_identify(/home/ubuntu/ws_aic/src/aic/aic_utils/aic_mujoco) by extensions ['ignore', 'ignore_ament_install']
[0.373s] Level 1:colcon.colcon_core.package_identification:_identify(/home/ubuntu/ws_aic/src/aic/aic_utils/aic_mujoco) by extension 'ignore'
[0.373s] Level 1:colcon.colcon_core.package_identification:_identify(/home/ubuntu/ws_aic/src/aic/aic_utils/aic_mujoco) by extension 'ignore_ament_install'
[0.373s] Level 1:colcon.colcon_core.package_identification:_identify(/home/ubuntu/ws_aic/src/aic/aic_utils/aic_mujoco) by extensions ['colcon_pkg']
[0.373s] Level 1:colcon.colcon_core.package_identification:_identify(/home/ubuntu/ws_aic/src/aic/aic_utils/aic_mujoco) by extension 'colcon_pkg'
[0.373s] Level 1:colcon.colcon_core.package_identification:_identify(/home/ubuntu/ws_aic/src/aic/aic_utils/aic_mujoco) by extensions ['colcon_meta']
[0.374s] Level 1:colcon.colcon_core.package_identification:_identify(/home/ubuntu/ws_aic/src/aic/aic_utils/aic_mujoco) by extension 'colcon_meta'
[0.374s] Level 1:colcon.colcon_core.package_identification:_identify(/home/ubuntu/ws_aic/src/aic/aic_utils/aic_mujoco) by extensions ['ros']
[0.374s] Level 1:colcon.colcon_core.package_identification:_identify(/home/ubuntu/ws_aic/src/aic/aic_utils/aic_mujoco) by extension 'ros'
[0.374s] DEBUG:colcon.colcon_core.package_identification:Package '/home/ubuntu/ws_aic/src/aic/aic_utils/aic_mujoco' with type 'ros.ament_cmake' and name 'aic_mujoco'
[0.374s] Level 1:colcon.colcon_core.package_identification:_identify(/home/ubuntu/ws_aic/src/aic/aic_utils/aic_teleoperation) by extensions ['ignore', 'ignore_ament_install']
[0.374s] Level 1:colcon.colcon_core.package_identification:_identify(/home/ubuntu/ws_aic/src/aic/aic_utils/aic_teleoperation) by extension 'ignore'
[0.374s] Level 1:colcon.colcon_core.package_identification:_identify(/home/ubuntu/ws_aic/src/aic/aic_utils/aic_teleoperation) by extension 'ignore_ament_install'
[0.374s] Level 1:colcon.colcon_core.package_identification:_identify(/home/ubuntu/ws_aic/src/aic/aic_utils/aic_teleoperation) by extensions ['colcon_pkg']
[0.374s] Level 1:colcon.colcon_core.package_identification:_identify(/home/ubuntu/ws_aic/src/aic/aic_utils/aic_teleoperation) by extension 'colcon_pkg'
[0.374s] Level 1:colcon.colcon_core.package_identification:_identify(/home/ubuntu/ws_aic/src/aic/aic_utils/aic_teleoperation) by extensions ['colcon_meta']
[0.374s] Level 1:colcon.colcon_core.package_identification:_identify(/home/ubuntu/ws_aic/src/aic/aic_utils/aic_teleoperation) by extension 'colcon_meta'
[0.375s] Level 1:colcon.colcon_core.package_identification:_identify(/home/ubuntu/ws_aic/src/aic/aic_utils/aic_teleoperation) by extensions ['ros']
[0.375s] Level 1:colcon.colcon_core.package_identification:_identify(/home/ubuntu/ws_aic/src/aic/aic_utils/aic_teleoperation) by extension 'ros'
[0.375s] DEBUG:colcon.colcon_core.package_identification:Package '/home/ubuntu/ws_aic/src/aic/aic_utils/aic_teleoperation' with type 'ros.ament_python' and name 'aic_teleoperation'
[0.375s] Level 1:colcon.colcon_core.package_identification:_identify(/home/ubuntu/ws_aic/src/aic/aic_utils/lerobot_robot_aic) by extensions ['ignore', 'ignore_ament_install']
[0.375s] Level 1:colcon.colcon_core.package_identification:_identify(/home/ubuntu/ws_aic/src/aic/aic_utils/lerobot_robot_aic) by extension 'ignore'
[0.375s] Level 1:colcon.colcon_core.package_identification:_identify(/home/ubuntu/ws_aic/src/aic/aic_utils/lerobot_robot_aic) by extension 'ignore_ament_install'
[0.375s] Level 1:colcon.colcon_core.package_identification:_identify(/home/ubuntu/ws_aic/src/aic/aic_utils/lerobot_robot_aic) by extensions ['colcon_pkg']
[0.375s] Level 1:colcon.colcon_core.package_identification:_identify(/home/ubuntu/ws_aic/src/aic/aic_utils/lerobot_robot_aic) by extension 'colcon_pkg'
[0.375s] Level 1:colcon.colcon_core.package_identification:_identify(/home/ubuntu/ws_aic/src/aic/aic_utils/lerobot_robot_aic) by extensions ['colcon_meta']
[0.375s] Level 1:colcon.colcon_core.package_identification:_identify(/home/ubuntu/ws_aic/src/aic/aic_utils/lerobot_robot_aic) by extension 'colcon_meta'
[0.375s] Level 1:colcon.colcon_core.package_identification:_identify(/home/ubuntu/ws_aic/src/aic/aic_utils/lerobot_robot_aic) by extensions ['ros']
[0.375s] Level 1:colcon.colcon_core.package_identification:_identify(/home/ubuntu/ws_aic/src/aic/aic_utils/lerobot_robot_aic) by extension 'ros'
[0.376s] DEBUG:colcon.colcon_core.package_identification:Package '/home/ubuntu/ws_aic/src/aic/aic_utils/lerobot_robot_aic' with type 'ros.ament_python' and name 'lerobot_robot_aic'
[0.376s] Level 1:colcon.colcon_core.package_identification:_identify(/home/ubuntu/ws_aic/src/aic/build) by extensions ['ignore', 'ignore_ament_install']
[0.376s] Level 1:colcon.colcon_core.package_identification:_identify(/home/ubuntu/ws_aic/src/aic/build) by extension 'ignore'
[0.376s] Level 1:colcon.colcon_core.package_identification:_identify(/home/ubuntu/ws_aic/src/aic/build) ignored
[0.376s] Level 1:colcon.colcon_core.package_identification:_identify(/home/ubuntu/ws_aic/src/aic/docker) by extensions ['ignore', 'ignore_ament_install']
[0.376s] Level 1:colcon.colcon_core.package_identification:_identify(/home/ubuntu/ws_aic/src/aic/docker) by extension 'ignore'
[0.376s] Level 1:colcon.colcon_core.package_identification:_identify(/home/ubuntu/ws_aic/src/aic/docker) by extension 'ignore_ament_install'
[0.376s] Level 1:colcon.colcon_core.package_identification:_identify(/home/ubuntu/ws_aic/src/aic/docker) by extensions ['colcon_pkg']
[0.376s] Level 1:colcon.colcon_core.package_identification:_identify(/home/ubuntu/ws_aic/src/aic/docker) by extension 'colcon_pkg'
[0.376s] Level 1:colcon.colcon_core.package_identification:_identify(/home/ubuntu/ws_aic/src/aic/docker) by extensions ['colcon_meta']
[0.376s] Level 1:colcon.colcon_core.package_identification:_identify(/home/ubuntu/ws_aic/src/aic/docker) by extension 'colcon_meta'
[0.376s] Level 1:colcon.colcon_core.package_identification:_identify(/home/ubuntu/ws_aic/src/aic/docker) by extensions ['ros']
[0.376s] Level 1:colcon.colcon_core.package_identification:_identify(/home/ubuntu/ws_aic/src/aic/docker) by extension 'ros'
[0.376s] Level 1:colcon.colcon_core.package_identification:_identify(/home/ubuntu/ws_aic/src/aic/docker) by extensions ['cmake', 'python']
[0.376s] Level 1:colcon.colcon_core.package_identification:_identify(/home/ubuntu/ws_aic/src/aic/docker) by extension 'cmake'
[0.377s] Level 1:colcon.colcon_core.package_identification:_identify(/home/ubuntu/ws_aic/src/aic/docker) by extension 'python'
[0.377s] Level 1:colcon.colcon_core.package_identification:_identify(/home/ubuntu/ws_aic/src/aic/docker) by extensions ['python_setup_py']
[0.377s] Level 1:colcon.colcon_core.package_identification:_identify(/home/ubuntu/ws_aic/src/aic/docker) by extension 'python_setup_py'
[0.377s] Level 1:colcon.colcon_core.package_identification:_identify(/home/ubuntu/ws_aic/src/aic/docker/aic_eval) by extensions ['ignore', 'ignore_ament_install']
[0.377s] Level 1:colcon.colcon_core.package_identification:_identify(/home/ubuntu/ws_aic/src/aic/docker/aic_eval) by extension 'ignore'
[0.377s] Level 1:colcon.colcon_core.package_identification:_identify(/home/ubuntu/ws_aic/src/aic/docker/aic_eval) by extension 'ignore_ament_install'
[0.377s] Level 1:colcon.colcon_core.package_identification:_identify(/home/ubuntu/ws_aic/src/aic/docker/aic_eval) by extensions ['colcon_pkg']
[0.377s] Level 1:colcon.colcon_core.package_identification:_identify(/home/ubuntu/ws_aic/src/aic/docker/aic_eval) by extension 'colcon_pkg'
[0.377s] Level 1:colcon.colcon_core.package_identification:_identify(/home/ubuntu/ws_aic/src/aic/docker/aic_eval) by extensions ['colcon_meta']
[0.377s] Level 1:colcon.colcon_core.package_identification:_identify(/home/ubuntu/ws_aic/src/aic/docker/aic_eval) by extension 'colcon_meta'
[0.377s] Level 1:colcon.colcon_core.package_identification:_identify(/home/ubuntu/ws_aic/src/aic/docker/aic_eval) by extensions ['ros']
[0.377s] Level 1:colcon.colcon_core.package_identification:_identify(/home/ubuntu/ws_aic/src/aic/docker/aic_eval) by extension 'ros'
[0.377s] Level 1:colcon.colcon_core.package_identification:_identify(/home/ubuntu/ws_aic/src/aic/docker/aic_eval) by extensions ['cmake', 'python']
[0.377s] Level 1:colcon.colcon_core.package_identification:_identify(/home/ubuntu/ws_aic/src/aic/docker/aic_eval) by extension 'cmake'
[0.377s] Level 1:colcon.colcon_core.package_identification:_identify(/home/ubuntu/ws_aic/src/aic/docker/aic_eval) by extension 'python'
[0.377s] Level 1:colcon.colcon_core.package_identification:_identify(/home/ubuntu/ws_aic/src/aic/docker/aic_eval) by extensions ['python_setup_py']
[0.377s] Level 1:colcon.colcon_core.package_identification:_identify(/home/ubuntu/ws_aic/src/aic/docker/aic_eval) by extension 'python_setup_py'
[0.377s] Level 1:colcon.colcon_core.package_identification:_identify(/home/ubuntu/ws_aic/src/aic/docker/aic_model) by extensions ['ignore', 'ignore_ament_install']
[0.377s] Level 1:colcon.colcon_core.package_identification:_identify(/home/ubuntu/ws_aic/src/aic/docker/aic_model) by extension 'ignore'
[0.378s] Level 1:colcon.colcon_core.package_identification:_identify(/home/ubuntu/ws_aic/src/aic/docker/aic_model) by extension 'ignore_ament_install'
[0.378s] Level 1:colcon.colcon_core.package_identification:_identify(/home/ubuntu/ws_aic/src/aic/docker/aic_model) by extensions ['colcon_pkg']
[0.378s] Level 1:colcon.colcon_core.package_identification:_identify(/home/ubuntu/ws_aic/src/aic/docker/aic_model) by extension 'colcon_pkg'
[0.378s] Level 1:colcon.colcon_core.package_identification:_identify(/home/ubuntu/ws_aic/src/aic/docker/aic_model) by extensions ['colcon_meta']
[0.378s] Level 1:colcon.colcon_core.package_identification:_identify(/home/ubuntu/ws_aic/src/aic/docker/aic_model) by extension 'colcon_meta'
[0.378s] Level 1:colcon.colcon_core.package_identification:_identify(/home/ubuntu/ws_aic/src/aic/docker/aic_model) by extensions ['ros']
[0.378s] Level 1:colcon.colcon_core.package_identification:_identify(/home/ubuntu/ws_aic/src/aic/docker/aic_model) by extension 'ros'
[0.378s] Level 1:colcon.colcon_core.package_identification:_identify(/home/ubuntu/ws_aic/src/aic/docker/aic_model) by extensions ['cmake', 'python']
[0.378s] Level 1:colcon.colcon_core.package_identification:_identify(/home/ubuntu/ws_aic/src/aic/docker/aic_model) by extension 'cmake'
[0.378s] Level 1:colcon.colcon_core.package_identification:_identify(/home/ubuntu/ws_aic/src/aic/docker/aic_model) by extension 'python'
[0.378s] Level 1:colcon.colcon_core.package_identification:_identify(/home/ubuntu/ws_aic/src/aic/docker/aic_model) by extensions ['python_setup_py']
[0.378s] Level 1:colcon.colcon_core.package_identification:_identify(/home/ubuntu/ws_aic/src/aic/docker/aic_model) by extension 'python_setup_py'
[0.378s] Level 1:colcon.colcon_core.package_identification:_identify(/home/ubuntu/ws_aic/src/aic/docker/rmw_zenohd) by extensions ['ignore', 'ignore_ament_install']
[0.378s] Level 1:colcon.colcon_core.package_identification:_identify(/home/ubuntu/ws_aic/src/aic/docker/rmw_zenohd) by extension 'ignore'
[0.378s] Level 1:colcon.colcon_core.package_identification:_identify(/home/ubuntu/ws_aic/src/aic/docker/rmw_zenohd) by extension 'ignore_ament_install'
[0.378s] Level 1:colcon.colcon_core.package_identification:_identify(/home/ubuntu/ws_aic/src/aic/docker/rmw_zenohd) by extensions ['colcon_pkg']
[0.378s] Level 1:colcon.colcon_core.package_identification:_identify(/home/ubuntu/ws_aic/src/aic/docker/rmw_zenohd) by extension 'colcon_pkg'
[0.378s] Level 1:colcon.colcon_core.package_identification:_identify(/home/ubuntu/ws_aic/src/aic/docker/rmw_zenohd) by extensions ['colcon_meta']
[0.378s] Level 1:colcon.colcon_core.package_identification:_identify(/home/ubuntu/ws_aic/src/aic/docker/rmw_zenohd) by extension 'colcon_meta'
[0.378s] Level 1:colcon.colcon_core.package_identification:_identify(/home/ubuntu/ws_aic/src/aic/docker/rmw_zenohd) by extensions ['ros']
[0.378s] Level 1:colcon.colcon_core.package_identification:_identify(/home/ubuntu/ws_aic/src/aic/docker/rmw_zenohd) by extension 'ros'
[0.379s] Level 1:colcon.colcon_core.package_identification:_identify(/home/ubuntu/ws_aic/src/aic/docker/rmw_zenohd) by extensions ['cmake', 'python']
[0.379s] Level 1:colcon.colcon_core.package_identification:_identify(/home/ubuntu/ws_aic/src/aic/docker/rmw_zenohd) by extension 'cmake'
[0.379s] Level 1:colcon.colcon_core.package_identification:_identify(/home/ubuntu/ws_aic/src/aic/docker/rmw_zenohd) by extension 'python'
[0.379s] Level 1:colcon.colcon_core.package_identification:_identify(/home/ubuntu/ws_aic/src/aic/docker/rmw_zenohd) by extensions ['python_setup_py']
[0.379s] Level 1:colcon.colcon_core.package_identification:_identify(/home/ubuntu/ws_aic/src/aic/docker/rmw_zenohd) by extension 'python_setup_py'
[0.379s] Level 1:colcon.colcon_core.package_identification:_identify(/home/ubuntu/ws_aic/src/aic/docs) by extensions ['ignore', 'ignore_ament_install']
[0.379s] Level 1:colcon.colcon_core.package_identification:_identify(/home/ubuntu/ws_aic/src/aic/docs) by extension 'ignore'
[0.379s] Level 1:colcon.colcon_core.package_identification:_identify(/home/ubuntu/ws_aic/src/aic/docs) by extension 'ignore_ament_install'
[0.379s] Level 1:colcon.colcon_core.package_identification:_identify(/home/ubuntu/ws_aic/src/aic/docs) by extensions ['colcon_pkg']
[0.379s] Level 1:colcon.colcon_core.package_identification:_identify(/home/ubuntu/ws_aic/src/aic/docs) by extension 'colcon_pkg'
[0.379s] Level 1:colcon.colcon_core.package_identification:_identify(/home/ubuntu/ws_aic/src/aic/docs) by extensions ['colcon_meta']
[0.379s] Level 1:colcon.colcon_core.package_identification:_identify(/home/ubuntu/ws_aic/src/aic/docs) by extension 'colcon_meta'
[0.379s] Level 1:colcon.colcon_core.package_identification:_identify(/home/ubuntu/ws_aic/src/aic/docs) by extensions ['ros']
[0.379s] Level 1:colcon.colcon_core.package_identification:_identify(/home/ubuntu/ws_aic/src/aic/docs) by extension 'ros'
[0.379s] Level 1:colcon.colcon_core.package_identification:_identify(/home/ubuntu/ws_aic/src/aic/docs) by extensions ['cmake', 'python']
[0.379s] Level 1:colcon.colcon_core.package_identification:_identify(/home/ubuntu/ws_aic/src/aic/docs) by extension 'cmake'
[0.379s] Level 1:colcon.colcon_core.package_identification:_identify(/home/ubuntu/ws_aic/src/aic/docs) by extension 'python'
[0.379s] Level 1:colcon.colcon_core.package_identification:_identify(/home/ubuntu/ws_aic/src/aic/docs) by extensions ['python_setup_py']
[0.379s] Level 1:colcon.colcon_core.package_identification:_identify(/home/ubuntu/ws_aic/src/aic/docs) by extension 'python_setup_py'
[0.379s] Level 1:colcon.colcon_core.package_identification:_identify(/home/ubuntu/ws_aic/src/aic/install) by extensions ['ignore', 'ignore_ament_install']
[0.379s] Level 1:colcon.colcon_core.package_identification:_identify(/home/ubuntu/ws_aic/src/aic/install) by extension 'ignore'
[0.379s] Level 1:colcon.colcon_core.package_identification:_identify(/home/ubuntu/ws_aic/src/aic/install) ignored
[0.380s] Level 1:colcon.colcon_core.package_identification:_identify(/home/ubuntu/ws_aic/src/aic/log) by extensions ['ignore', 'ignore_ament_install']
[0.380s] Level 1:colcon.colcon_core.package_identification:_identify(/home/ubuntu/ws_aic/src/aic/log) by extension 'ignore'
[0.380s] Level 1:colcon.colcon_core.package_identification:_identify(/home/ubuntu/ws_aic/src/aic/log) ignored
[0.380s] Level 1:colcon.colcon_core.package_discovery:discover_packages(recursive) using defaults
[0.401s] INFO:colcon.colcon_core.package_selection:Skipping not selected package 'aic_assets' in '/home/ubuntu/ws_aic/src/aic/aic_assets'
[0.401s] INFO:colcon.colcon_core.package_selection:Skipping not selected package 'aic_control_interfaces' in '/home/ubuntu/ws_aic/src/aic/aic_interfaces/aic_control_interfaces'
[0.401s] INFO:colcon.colcon_core.package_selection:Skipping not selected package 'aic_engine_interfaces' in '/home/ubuntu/ws_aic/src/aic/aic_interfaces/aic_engine_interfaces'
[0.401s] INFO:colcon.colcon_core.package_selection:Skipping not selected package 'aic_task' in '/home/ubuntu/ws_aic/src/aic/aic_utils/aic_isaac/aic_isaaclab/source/aic_task'
[0.401s] INFO:colcon.colcon_core.package_selection:Skipping not selected package 'aic_task_interfaces' in '/home/ubuntu/ws_aic/src/aic/aic_interfaces/aic_task_interfaces'
[0.401s] INFO:colcon.colcon_core.package_selection:Skipping not selected package 'aic_controller' in '/home/ubuntu/ws_aic/src/aic/aic_controller'
[0.401s] INFO:colcon.colcon_core.package_selection:Skipping not selected package 'aic_gazebo' in '/home/ubuntu/ws_aic/src/aic/aic_gazebo'
[0.401s] INFO:colcon.colcon_core.package_selection:Skipping not selected package 'aic_model_interfaces' in '/home/ubuntu/ws_aic/src/aic/aic_interfaces/aic_model_interfaces'
[0.401s] INFO:colcon.colcon_core.package_selection:Skipping not selected package 'aic_scoring' in '/home/ubuntu/ws_aic/src/aic/aic_scoring'
[0.401s] INFO:colcon.colcon_core.package_selection:Skipping not selected package 'aic_teleoperation' in '/home/ubuntu/ws_aic/src/aic/aic_utils/aic_teleoperation'
[0.401s] INFO:colcon.colcon_core.package_selection:Skipping not selected package 'lerobot_robot_aic' in '/home/ubuntu/ws_aic/src/aic/aic_utils/lerobot_robot_aic'
[0.401s] INFO:colcon.colcon_core.package_selection:Skipping not selected package 'aic_adapter' in '/home/ubuntu/ws_aic/src/aic/aic_adapter'
[0.401s] INFO:colcon.colcon_core.package_selection:Skipping not selected package 'aic_description' in '/home/ubuntu/ws_aic/src/aic/aic_description'
[0.401s] INFO:colcon.colcon_core.package_selection:Skipping not selected package 'aic_engine' in '/home/ubuntu/ws_aic/src/aic/aic_engine'
[0.401s] INFO:colcon.colcon_core.package_selection:Skipping not selected package 'aic_model' in '/home/ubuntu/ws_aic/src/aic/aic_model'
[0.401s] INFO:colcon.colcon_core.package_selection:Skipping not selected package 'aic_bringup' in '/home/ubuntu/ws_aic/src/aic/aic_bringup'
[0.401s] INFO:colcon.colcon_core.package_selection:Skipping not selected package 'aic_example_policies' in '/home/ubuntu/ws_aic/src/aic/aic_example_policies'
[0.401s] INFO:colcon.colcon_core.package_selection:Skipping not selected package 'aic_mujoco' in '/home/ubuntu/ws_aic/src/aic/aic_utils/aic_mujoco'
[0.401s] Level 5:colcon.colcon_core.verb:set package 'aic_gazebo_transport_bridge' build argument 'cmake_args' from command line to 'None'
[0.401s] Level 5:colcon.colcon_core.verb:set package 'aic_gazebo_transport_bridge' build argument 'cmake_target' from command line to 'None'
[0.401s] Level 5:colcon.colcon_core.verb:set package 'aic_gazebo_transport_bridge' build argument 'cmake_target_skip_unavailable' from command line to 'False'
[0.401s] Level 5:colcon.colcon_core.verb:set package 'aic_gazebo_transport_bridge' build argument 'cmake_clean_cache' from command line to 'False'
[0.401s] Level 5:colcon.colcon_core.verb:set package 'aic_gazebo_transport_bridge' build argument 'cmake_clean_first' from command line to 'False'
[0.401s] Level 5:colcon.colcon_core.verb:set package 'aic_gazebo_transport_bridge' build argument 'cmake_force_configure' from command line to 'False'
[0.401s] Level 5:colcon.colcon_core.verb:set package 'aic_gazebo_transport_bridge' build argument 'ament_cmake_args' from command line to 'None'
[0.401s] Level 5:colcon.colcon_core.verb:set package 'aic_gazebo_transport_bridge' build argument 'catkin_cmake_args' from command line to 'None'
[0.401s] Level 5:colcon.colcon_core.verb:set package 'aic_gazebo_transport_bridge' build argument 'catkin_skip_building_tests' from command line to 'False'
[0.401s] DEBUG:colcon.colcon_core.verb:Building package 'aic_gazebo_transport_bridge' with the following arguments: {'ament_cmake_args': None, 'build_base': '/home/ubuntu/ws_aic/src/aic/build/aic_gazebo_transport_bridge', 'catkin_cmake_args': None, 'catkin_skip_building_tests': False, 'cmake_args': None, 'cmake_clean_cache': False, 'cmake_clean_first': False, 'cmake_force_configure': False, 'cmake_target': None, 'cmake_target_skip_unavailable': False, 'install_base': '/home/ubuntu/ws_aic/src/aic/install', 'merge_install': True, 'path': '/home/ubuntu/ws_aic/src/aic/aic_utils/aic_gazebo_transport_bridge', 'symlink_install': False, 'test_result_base': None}
[0.401s] INFO:colcon.colcon_core.executor:Executing jobs using 'parallel' executor
[0.402s] DEBUG:colcon.colcon_parallel_executor.executor.parallel:run_until_complete
[0.403s] INFO:colcon.colcon_ros.task.ament_cmake.build:Building ROS package in '/home/ubuntu/ws_aic/src/aic/aic_utils/aic_gazebo_transport_bridge' with build type 'ament_cmake'
[0.403s] INFO:colcon.colcon_cmake.task.cmake.build:Building CMake package in '/home/ubuntu/ws_aic/src/aic/aic_utils/aic_gazebo_transport_bridge'
[0.405s] INFO:colcon.colcon_core.plugin_system:Skipping extension 'colcon_core.shell.bat': Not used on non-Windows systems
[0.405s] INFO:colcon.colcon_core.shell:Skip shell extension 'powershell' for command environment: Not usable outside of PowerShell
[0.405s] DEBUG:colcon.colcon_core.shell:Skip shell extension 'dsv' for command environment
[0.415s] DEBUG:colcon.colcon_core.event_handler.log_command:Invoking command in '/home/ubuntu/ws_aic/src/aic/build/aic_gazebo_transport_bridge': CMAKE_PREFIX_PATH=${CMAKE_PREFIX_PATH}:/opt/ros/kilted /usr/bin/cmake /home/ubuntu/ws_aic/src/aic/aic_utils/aic_gazebo_transport_bridge -DCMAKE_INSTALL_PREFIX=/home/ubuntu/ws_aic/src/aic/install
[1.101s] DEBUG:colcon.colcon_core.event_handler.log_command:Invoked command in '/home/ubuntu/ws_aic/src/aic/build/aic_gazebo_transport_bridge' returned '0': CMAKE_PREFIX_PATH=${CMAKE_PREFIX_PATH}:/opt/ros/kilted /usr/bin/cmake /home/ubuntu/ws_aic/src/aic/aic_utils/aic_gazebo_transport_bridge -DCMAKE_INSTALL_PREFIX=/home/ubuntu/ws_aic/src/aic/install
[1.103s] DEBUG:colcon.colcon_core.event_handler.log_command:Invoking command in '/home/ubuntu/ws_aic/src/aic/build/aic_gazebo_transport_bridge': CMAKE_PREFIX_PATH=${CMAKE_PREFIX_PATH}:/opt/ros/kilted /usr/bin/cmake --build /home/ubuntu/ws_aic/src/aic/build/aic_gazebo_transport_bridge -- -j8 -l8
[3.178s] DEBUG:colcon.colcon_core.event_handler.log_command:Invoked command in '/home/ubuntu/ws_aic/src/aic/build/aic_gazebo_transport_bridge' returned '0': CMAKE_PREFIX_PATH=${CMAKE_PREFIX_PATH}:/opt/ros/kilted /usr/bin/cmake --build /home/ubuntu/ws_aic/src/aic/build/aic_gazebo_transport_bridge -- -j8 -l8
[3.187s] DEBUG:colcon.colcon_core.event_handler.log_command:Invoking command in '/home/ubuntu/ws_aic/src/aic/build/aic_gazebo_transport_bridge': CMAKE_PREFIX_PATH=${CMAKE_PREFIX_PATH}:/opt/ros/kilted /usr/bin/cmake --install /home/ubuntu/ws_aic/src/aic/build/aic_gazebo_transport_bridge
[3.200s] Level 1:colcon.colcon_core.environment:create_environment_scripts_only(aic_gazebo_transport_bridge)
[3.200s] DEBUG:colcon.colcon_core.event_handler.log_command:Invoked command in '/home/ubuntu/ws_aic/src/aic/build/aic_gazebo_transport_bridge' returned '0': CMAKE_PREFIX_PATH=${CMAKE_PREFIX_PATH}:/opt/ros/kilted /usr/bin/cmake --install /home/ubuntu/ws_aic/src/aic/build/aic_gazebo_transport_bridge
[3.202s] Level 1:colcon.colcon_core.environment:checking '/home/ubuntu/ws_aic/src/aic/install' for CMake module files
[3.203s] Level 1:colcon.colcon_core.environment:checking '/home/ubuntu/ws_aic/src/aic/install' for CMake config files
[3.203s] Level 1:colcon.colcon_core.shell:create_environment_hook('aic_gazebo_transport_bridge', 'cmake_prefix_path')
[3.203s] INFO:colcon.colcon_core.shell:Creating environment hook '/home/ubuntu/ws_aic/src/aic/install/share/aic_gazebo_transport_bridge/hook/cmake_prefix_path.ps1'
[3.204s] INFO:colcon.colcon_core.shell:Creating environment descriptor '/home/ubuntu/ws_aic/src/aic/install/share/aic_gazebo_transport_bridge/hook/cmake_prefix_path.dsv'
[3.204s] INFO:colcon.colcon_core.shell:Creating environment hook '/home/ubuntu/ws_aic/src/aic/install/share/aic_gazebo_transport_bridge/hook/cmake_prefix_path.sh'
[3.205s] Level 1:colcon.colcon_core.environment:checking '/home/ubuntu/ws_aic/src/aic/install/lib'
[3.205s] Level 1:colcon.colcon_core.environment:checking '/home/ubuntu/ws_aic/src/aic/install/bin'
[3.205s] Level 1:colcon.colcon_core.environment:checking '/home/ubuntu/ws_aic/src/aic/install/lib/pkgconfig/aic_gazebo_transport_bridge.pc'
[3.206s] Level 1:colcon.colcon_core.environment:checking '/home/ubuntu/ws_aic/src/aic/install/lib/python3.12/site-packages'
[3.207s] Level 1:colcon.colcon_core.environment:checking '/home/ubuntu/ws_aic/src/aic/install/bin'
[3.207s] INFO:colcon.colcon_core.shell:Creating package script '/home/ubuntu/ws_aic/src/aic/install/share/aic_gazebo_transport_bridge/package.ps1'
[3.207s] INFO:colcon.colcon_core.shell:Creating package descriptor '/home/ubuntu/ws_aic/src/aic/install/share/aic_gazebo_transport_bridge/package.dsv'
[3.208s] INFO:colcon.colcon_core.shell:Creating package script '/home/ubuntu/ws_aic/src/aic/install/share/aic_gazebo_transport_bridge/package.sh'
[3.208s] INFO:colcon.colcon_core.shell:Creating package script '/home/ubuntu/ws_aic/src/aic/install/share/aic_gazebo_transport_bridge/package.bash'
[3.209s] INFO:colcon.colcon_core.shell:Creating package script '/home/ubuntu/ws_aic/src/aic/install/share/aic_gazebo_transport_bridge/package.zsh'
[3.209s] Level 1:colcon.colcon_core.environment:create_file_with_runtime_dependencies(/home/ubuntu/ws_aic/src/aic/install/share/colcon-core/packages/aic_gazebo_transport_bridge)
[3.210s] Level 1:colcon.colcon_core.environment:create_environment_scripts_only(aic_gazebo_transport_bridge)
[3.210s] Level 1:colcon.colcon_core.environment:checking '/home/ubuntu/ws_aic/src/aic/install' for CMake module files
[3.210s] Level 1:colcon.colcon_core.environment:checking '/home/ubuntu/ws_aic/src/aic/install' for CMake config files
[3.211s] Level 1:colcon.colcon_core.shell:create_environment_hook('aic_gazebo_transport_bridge', 'cmake_prefix_path')
[3.211s] INFO:colcon.colcon_core.shell:Creating environment hook '/home/ubuntu/ws_aic/src/aic/install/share/aic_gazebo_transport_bridge/hook/cmake_prefix_path.ps1'
[3.211s] INFO:colcon.colcon_core.shell:Creating environment descriptor '/home/ubuntu/ws_aic/src/aic/install/share/aic_gazebo_transport_bridge/hook/cmake_prefix_path.dsv'
[3.211s] INFO:colcon.colcon_core.shell:Creating environment hook '/home/ubuntu/ws_aic/src/aic/install/share/aic_gazebo_transport_bridge/hook/cmake_prefix_path.sh'
[3.212s] Level 1:colcon.colcon_core.environment:checking '/home/ubuntu/ws_aic/src/aic/install/lib'
[3.212s] Level 1:colcon.colcon_core.environment:checking '/home/ubuntu/ws_aic/src/aic/install/bin'
[3.212s] Level 1:colcon.colcon_core.environment:checking '/home/ubuntu/ws_aic/src/aic/install/lib/pkgconfig/aic_gazebo_transport_bridge.pc'
[3.212s] Level 1:colcon.colcon_core.environment:checking '/home/ubuntu/ws_aic/src/aic/install/lib/python3.12/site-packages'
[3.212s] Level 1:colcon.colcon_core.environment:checking '/home/ubuntu/ws_aic/src/aic/install/bin'
[3.213s] INFO:colcon.colcon_core.shell:Creating package script '/home/ubuntu/ws_aic/src/aic/install/share/aic_gazebo_transport_bridge/package.ps1'
[3.213s] INFO:colcon.colcon_core.shell:Creating package descriptor '/home/ubuntu/ws_aic/src/aic/install/share/aic_gazebo_transport_bridge/package.dsv'
[3.213s] INFO:colcon.colcon_core.shell:Creating package script '/home/ubuntu/ws_aic/src/aic/install/share/aic_gazebo_transport_bridge/package.sh'
[3.214s] INFO:colcon.colcon_core.shell:Creating package script '/home/ubuntu/ws_aic/src/aic/install/share/aic_gazebo_transport_bridge/package.bash'
[3.214s] INFO:colcon.colcon_core.shell:Creating package script '/home/ubuntu/ws_aic/src/aic/install/share/aic_gazebo_transport_bridge/package.zsh'
[3.215s] Level 1:colcon.colcon_core.environment:create_file_with_runtime_dependencies(/home/ubuntu/ws_aic/src/aic/install/share/colcon-core/packages/aic_gazebo_transport_bridge)
[3.215s] DEBUG:colcon.colcon_parallel_executor.executor.parallel:closing loop
[3.215s] DEBUG:colcon.colcon_parallel_executor.executor.parallel:loop closed
[3.215s] DEBUG:colcon.colcon_parallel_executor.executor.parallel:run_until_complete finished with '0'
[3.215s] DEBUG:colcon.colcon_core.event_reactor:joining thread
[3.221s] INFO:colcon.colcon_core.plugin_system:Skipping extension 'colcon_notification.desktop_notification.notify_send': Could not find 'notify-send'
[3.221s] INFO:colcon.colcon_core.plugin_system:Skipping extension 'colcon_notification.desktop_notification.terminal_notifier': Not used on non-Darwin systems
[3.221s] INFO:colcon.colcon_core.plugin_system:Skipping extension 'colcon_notification.desktop_notification.win32': Not used on non-Windows systems
[3.221s] INFO:colcon.colcon_notification.desktop_notification:Sending desktop notification using 'notify2'
[3.221s] DEBUG:colcon.colcon_notification.desktop_notification.notify2:Failed to initialize notify2: org.freedesktop.DBus.Error.NotSupported: Unable to autolaunch a dbus-daemon without a $DISPLAY for X11
[3.221s] DEBUG:colcon.colcon_core.event_reactor:joined thread
[3.221s] INFO:colcon.colcon_core.shell:Creating prefix script '/home/ubuntu/ws_aic/src/aic/install/local_setup.ps1'
[3.222s] INFO:colcon.colcon_core.shell:Creating prefix util module '/home/ubuntu/ws_aic/src/aic/install/_local_setup_util_ps1.py'
[3.223s] INFO:colcon.colcon_core.shell:Creating prefix chain script '/home/ubuntu/ws_aic/src/aic/install/setup.ps1'
[3.224s] INFO:colcon.colcon_core.shell:Creating prefix script '/home/ubuntu/ws_aic/src/aic/install/local_setup.sh'
[3.224s] INFO:colcon.colcon_core.shell:Creating prefix util module '/home/ubuntu/ws_aic/src/aic/install/_local_setup_util_sh.py'
[3.225s] INFO:colcon.colcon_core.shell:Creating prefix chain script '/home/ubuntu/ws_aic/src/aic/install/setup.sh'
[3.226s] INFO:colcon.colcon_core.shell:Creating prefix script '/home/ubuntu/ws_aic/src/aic/install/local_setup.bash'
[3.226s] INFO:colcon.colcon_core.shell:Creating prefix chain script '/home/ubuntu/ws_aic/src/aic/install/setup.bash'
[3.227s] INFO:colcon.colcon_core.shell:Creating prefix script '/home/ubuntu/ws_aic/src/aic/install/local_setup.zsh'
[3.227s] INFO:colcon.colcon_core.shell:Creating prefix chain script '/home/ubuntu/ws_aic/src/aic/install/setup.zsh'
