[0.015s] Invoking command in '/workspace/ws_aic/src/aic/build/aic_description': CMAKE_PREFIX_PATH=${CMAKE_PREFIX_PATH}:/opt/ros/kilted /usr/bin/cmake /workspace/ws_aic/src/aic/aic_description -DCMAKE_INSTALL_PREFIX=/workspace/ws_aic/install_live
[0.075s] -- The C compiler identification is GNU 13.3.0
[0.136s] -- The CXX compiler identification is GNU 13.3.0
[0.153s] -- Detecting C compiler ABI info
[0.245s] -- Detecting C compiler ABI info - done
[0.253s] -- Check for working C compiler: /usr/bin/cc - skipped
[0.254s] -- Detecting C compile features
[0.254s] -- Detecting C compile features - done
[0.264s] -- Detecting CXX compiler ABI info
[0.366s] -- Detecting CXX compiler ABI info - done
[0.375s] -- Check for working CXX compiler: /usr/bin/c++ - skipped
[0.375s] -- Detecting CXX compile features
[0.375s] -- Detecting CXX compile features - done
[0.381s] -- Found ament_cmake: 2.7.5 (/opt/ros/kilted/share/ament_cmake/cmake)
[0.530s] -- Found Python3: /usr/bin/python3 (found version "3.12.3") found components: Interpreter 
[0.740s] -- Configuring done (0.7s)
[0.744s] -- Generating done (0.0s)
[0.745s] -- Build files have been written to: /workspace/ws_aic/src/aic/build/aic_description
[0.751s] Invoked command in '/workspace/ws_aic/src/aic/build/aic_description' returned '0': CMAKE_PREFIX_PATH=${CMAKE_PREFIX_PATH}:/opt/ros/kilted /usr/bin/cmake /workspace/ws_aic/src/aic/aic_description -DCMAKE_INSTALL_PREFIX=/workspace/ws_aic/install_live
[0.752s] Invoking command in '/workspace/ws_aic/src/aic/build/aic_description': CMAKE_PREFIX_PATH=${CMAKE_PREFIX_PATH}:/opt/ros/kilted /usr/bin/cmake --build /workspace/ws_aic/src/aic/build/aic_description -- -j8 -l8
[0.799s] Invoked command in '/workspace/ws_aic/src/aic/build/aic_description' returned '0': CMAKE_PREFIX_PATH=${CMAKE_PREFIX_PATH}:/opt/ros/kilted /usr/bin/cmake --build /workspace/ws_aic/src/aic/build/aic_description -- -j8 -l8
[0.810s] Invoking command in '/workspace/ws_aic/src/aic/build/aic_description': CMAKE_PREFIX_PATH=${CMAKE_PREFIX_PATH}:/opt/ros/kilted /usr/bin/cmake --install /workspace/ws_aic/src/aic/build/aic_description
[0.820s] -- Install configuration: ""
[0.820s] -- Up-to-date: /workspace/ws_aic/install_live/share/aic_description/urdf
[0.820s] -- Up-to-date: /workspace/ws_aic/install_live/share/aic_description/urdf/task_board.urdf.xacro
[0.821s] -- Up-to-date: /workspace/ws_aic/install_live/share/aic_description/urdf/cable.sdf.xacro
[0.821s] -- Up-to-date: /workspace/ws_aic/install_live/share/aic_description/urdf/ur_gz.urdf.xacro
[0.821s] -- Up-to-date: /workspace/ws_aic/install_live/share/aic_description/world
[0.821s] -- Up-to-date: /workspace/ws_aic/install_live/share/aic_description/world/aic.sdf
[0.821s] -- Installing: /workspace/ws_aic/install_live/share/ament_index/resource_index/package_run_dependencies/aic_description
[0.821s] -- Installing: /workspace/ws_aic/install_live/share/ament_index/resource_index/parent_prefix_path/aic_description
[0.821s] -- Up-to-date: /workspace/ws_aic/install_live/share/aic_description/environment/ament_prefix_path.sh
[0.821s] -- Installing: /workspace/ws_aic/install_live/share/aic_description/environment/ament_prefix_path.dsv
[0.822s] -- Up-to-date: /workspace/ws_aic/install_live/share/aic_description/environment/path.sh
[0.822s] -- Installing: /workspace/ws_aic/install_live/share/aic_description/environment/path.dsv
[0.822s] -- Installing: /workspace/ws_aic/install_live/share/aic_description/local_setup.bash
[0.822s] -- Installing: /workspace/ws_aic/install_live/share/aic_description/local_setup.sh
[0.822s] -- Installing: /workspace/ws_aic/install_live/share/aic_description/local_setup.zsh
[0.822s] -- Installing: /workspace/ws_aic/install_live/share/aic_description/local_setup.dsv
[0.822s] -- Installing: /workspace/ws_aic/install_live/share/aic_description/package.dsv
[0.823s] -- Installing: /workspace/ws_aic/install_live/share/ament_index/resource_index/packages/aic_description
[0.823s] -- Installing: /workspace/ws_aic/install_live/share/aic_description/cmake/aic_descriptionConfig.cmake
[0.823s] -- Installing: /workspace/ws_aic/install_live/share/aic_description/cmake/aic_descriptionConfig-version.cmake
[0.823s] -- Up-to-date: /workspace/ws_aic/install_live/share/aic_description/package.xml
[0.825s] Invoked command in '/workspace/ws_aic/src/aic/build/aic_description' returned '0': CMAKE_PREFIX_PATH=${CMAKE_PREFIX_PATH}:/opt/ros/kilted /usr/bin/cmake --install /workspace/ws_aic/src/aic/build/aic_description
