[0.000000] (-) TimerEvent: {}
[0.002262] (-) JobUnselected: {'identifier': 'aic_adapter'}
[0.002322] (-) JobUnselected: {'identifier': 'aic_assets'}
[0.002350] (-) JobUnselected: {'identifier': 'aic_bringup'}
[0.002368] (-) JobUnselected: {'identifier': 'aic_control_interfaces'}
[0.002385] (-) JobUnselected: {'identifier': 'aic_controller'}
[0.002402] (-) JobUnselected: {'identifier': 'aic_description'}
[0.002418] (-) JobUnselected: {'identifier': 'aic_engine'}
[0.002433] (-) JobUnselected: {'identifier': 'aic_engine_interfaces'}
[0.002447] (-) JobUnselected: {'identifier': 'aic_example_policies'}
[0.002462] (-) JobUnselected: {'identifier': 'aic_gazebo'}
[0.002478] (-) JobUnselected: {'identifier': 'aic_model'}
[0.002496] (-) JobUnselected: {'identifier': 'aic_model_interfaces'}
[0.002512] (-) JobUnselected: {'identifier': 'aic_mujoco'}
[0.002527] (-) JobUnselected: {'identifier': 'aic_scoring'}
[0.002541] (-) JobUnselected: {'identifier': 'aic_task_interfaces'}
[0.002556] (-) JobUnselected: {'identifier': 'aic_teleoperation'}
[0.002570] (-) JobUnselected: {'identifier': 'lerobot_robot_aic'}
[0.002587] (aic_gazebo_transport_bridge) JobQueued: {'identifier': 'aic_gazebo_transport_bridge', 'dependencies': OrderedDict()}
[0.002607] (aic_gazebo_transport_bridge) JobStarted: {'identifier': 'aic_gazebo_transport_bridge'}
[0.054267] (aic_gazebo_transport_bridge) JobProgress: {'identifier': 'aic_gazebo_transport_bridge', 'progress': 'cmake'}
[0.054915] (aic_gazebo_transport_bridge) Command: {'cmd': ['/usr/bin/cmake', '/home/ubuntu/ws_aic/src/aic/aic_utils/aic_gazebo_transport_bridge', '-DCMAKE_INSTALL_PREFIX=/home/ubuntu/ws_aic/src/aic/install/aic_gazebo_transport_bridge'], 'cwd': '/home/ubuntu/ws_aic/src/aic/build/aic_gazebo_transport_bridge', 'env': OrderedDict({'GZ_SIM_SYSTEM_PLUGIN_PATH': '/ws_aic/install/lib/aic_gazebo/', 'GZ_SIM_RESOURCE_PATH': '/ws_aic/install/share/aic_assets/models:/ws_aic/install/share', 'GZ_CONFIG_PATH': '/ws_aic/install/share/gz:/opt/ros/kilted/opt/sdformat_vendor/share/gz', 'HOSTNAME': 'aic_eval.ip-172-31-41-145', 'ROS_PACKAGE_PATH': '/ws_aic/install', 'SHLVL': '0', 'LD_LIBRARY_PATH': '/ws_aic/install/lib:/opt/ros/kilted/opt/zenoh_cpp_vendor/lib:/opt/ros/kilted/opt/sdformat_vendor/lib:/opt/ros/kilted/opt/gz_math_vendor/lib:/opt/ros/kilted/opt/gz_utils_vendor/lib:/opt/ros/kilted/opt/rviz_ogre_vendor/lib:/opt/ros/kilted/lib/x86_64-linux-gnu:/opt/ros/kilted/opt/gz_tools_vendor/lib:/opt/ros/kilted/opt/gz_ogre_next_vendor/lib:/opt/ros/kilted/opt/gz_dartsim_vendor/lib:/opt/ros/kilted/opt/gz_cmake_vendor/lib:/opt/ros/kilted/lib', 'HOME': '/home/ubuntu', 'OLDPWD': '/home/ubuntu/ws_aic/src/aic', 'ROS_PYTHON_VERSION': '3', 'container': 'sudo docker', 'COLCON_PREFIX_PATH': '/home/ubuntu/ws_aic/src/aic/install:/ws_aic/install', 'ROS_DISTRO': 'kilted', '_': '/usr/bin/colcon', 'ROS_VERSION': '2', 'PKG_CONFIG_PATH': '/ws_aic/install/lib/x86_64-linux-gnu/pkgconfig:/ws_aic/install/lib/pkgconfig', 'TERMINFO_DIRS': '/usr/share/terminfo:/run/host/usr/share/terminfo', 'PATH': '/ws_aic/install/bin:/opt/ros/kilted/opt/gz_tools_vendor/bin:/opt/ros/kilted/opt/gz_ogre_next_vendor/bin:/opt/ros/kilted/bin:/usr/local/sbin:/usr/local/bin:/usr/sbin:/usr/bin:/sbin:/bin', 'LANG': 'C.UTF-8', 'AMENT_PREFIX_PATH': '/home/ubuntu/ws_aic/src/aic/install/aic_gazebo_transport_bridge:/ws_aic/install:/opt/ros/kilted', 'SHELL': 'zsh', 'ROS_AUTOMATIC_DISCOVERY_RANGE': 'SUBNET', 'PWD': '/home/ubuntu/ws_aic/src/aic/build/aic_gazebo_transport_bridge', 'LC_ALL': 'C.UTF-8', 'PYTHONPATH': '/ws_aic/install/lib/python3.12/site-packages:/opt/ros/kilted/lib/python3.12/site-packages', 'COLCON': '1', 'CMAKE_PREFIX_PATH': '/home/ubuntu/ws_aic/src/aic/install/aic_gazebo_transport_bridge:/ws_aic/install:/opt/ros/kilted/opt/sdformat_vendor:/opt/ros/kilted/opt/gz_math_vendor:/opt/ros/kilted/opt/gz_utils_vendor:/opt/ros/kilted/opt/gz_tools_vendor:/opt/ros/kilted/opt/gz_ogre_next_vendor:/opt/ros/kilted/opt/gz_dartsim_vendor:/opt/ros/kilted/opt/gz_cmake_vendor:/opt/ros/kilted'}), 'shell': False}
[0.099978] (-) TimerEvent: {}
[0.200108] (-) TimerEvent: {}
[0.300246] (-) TimerEvent: {}
[0.400440] (-) TimerEvent: {}
[0.500934] (-) TimerEvent: {}
[0.601064] (-) TimerEvent: {}
[0.701196] (-) TimerEvent: {}
[0.801367] (-) TimerEvent: {}
[0.901516] (-) TimerEvent: {}
[1.001655] (-) TimerEvent: {}
[1.101799] (-) TimerEvent: {}
[1.201932] (-) TimerEvent: {}
[1.302078] (-) TimerEvent: {}
[1.402229] (-) TimerEvent: {}
[1.502451] (-) TimerEvent: {}
[1.602936] (-) TimerEvent: {}
[1.703084] (-) TimerEvent: {}
[1.803355] (-) TimerEvent: {}
[1.903538] (-) TimerEvent: {}
[2.003943] (-) TimerEvent: {}
[2.104096] (-) TimerEvent: {}
[2.204252] (-) TimerEvent: {}
[2.304478] (-) TimerEvent: {}
[2.404943] (-) TimerEvent: {}
[2.505101] (-) TimerEvent: {}
[2.605357] (-) TimerEvent: {}
[2.705930] (-) TimerEvent: {}
[2.806082] (-) TimerEvent: {}
[2.906241] (-) TimerEvent: {}
[3.006359] (-) TimerEvent: {}
[3.111616] (-) TimerEvent: {}
[3.451738] (-) TimerEvent: {}
[3.555021] (-) TimerEvent: {}
[3.661127] (-) TimerEvent: {}
[3.764541] (-) TimerEvent: {}
[3.864800] (-) TimerEvent: {}
[3.970509] (-) TimerEvent: {}
[4.159644] (-) TimerEvent: {}
[4.266579] (-) TimerEvent: {}
[4.377636] (-) TimerEvent: {}
[4.489081] (-) TimerEvent: {}
[4.591034] (-) TimerEvent: {}
[4.734703] (-) TimerEvent: {}
[4.835179] (-) TimerEvent: {}
[4.935368] (-) TimerEvent: {}
[5.035633] (-) TimerEvent: {}
[5.135793] (-) TimerEvent: {}
[5.235902] (-) TimerEvent: {}
[5.336191] (-) TimerEvent: {}
[5.436346] (-) TimerEvent: {}
[5.536723] (-) TimerEvent: {}
[5.709047] (-) TimerEvent: {}
[7.800410] (aic_gazebo_transport_bridge) StdoutLine: {'line': b'-- The C compiler identification is GNU 13.3.0\n'}
[7.800732] (-) TimerEvent: {}
[7.900855] (-) TimerEvent: {}
[8.001013] (-) TimerEvent: {}
[8.101189] (-) TimerEvent: {}
[8.201531] (-) TimerEvent: {}
[8.301742] (-) TimerEvent: {}
[8.401907] (-) TimerEvent: {}
[8.502069] (-) TimerEvent: {}
[8.581560] (aic_gazebo_transport_bridge) StdoutLine: {'line': b'-- The CXX compiler identification is GNU 13.3.0\n'}
[8.602150] (-) TimerEvent: {}
[8.702297] (-) TimerEvent: {}
[8.802471] (-) TimerEvent: {}
[8.902631] (-) TimerEvent: {}
[9.002812] (-) TimerEvent: {}
[9.102940] (-) TimerEvent: {}
[9.203089] (-) TimerEvent: {}
[9.303250] (-) TimerEvent: {}
[9.403457] (-) TimerEvent: {}
[9.503600] (-) TimerEvent: {}
[9.603739] (-) TimerEvent: {}
[9.703883] (-) TimerEvent: {}
[9.804041] (-) TimerEvent: {}
[9.906441] (-) TimerEvent: {}
[9.914118] (aic_gazebo_transport_bridge) StdoutLine: {'line': b'-- Detecting C compiler ABI info\n'}
[10.008090] (-) TimerEvent: {}
[10.109261] (-) TimerEvent: {}
[10.210469] (-) TimerEvent: {}
[10.310641] (-) TimerEvent: {}
[10.411384] (-) TimerEvent: {}
[10.511572] (-) TimerEvent: {}
[10.611751] (-) TimerEvent: {}
[10.713391] (-) TimerEvent: {}
[10.815439] (-) TimerEvent: {}
[10.916956] (-) TimerEvent: {}
[11.018614] (-) TimerEvent: {}
[11.120621] (-) TimerEvent: {}
[11.199511] (aic_gazebo_transport_bridge) StdoutLine: {'line': b'-- Detecting C compiler ABI info - done\n'}
[11.220713] (-) TimerEvent: {}
[11.321606] (aic_gazebo_transport_bridge) StdoutLine: {'line': b'-- Check for working C compiler: /usr/bin/cc - skipped\n'}
[11.321820] (-) TimerEvent: {}
[11.321841] (aic_gazebo_transport_bridge) StdoutLine: {'line': b'-- Detecting C compile features\n'}
[11.327002] (aic_gazebo_transport_bridge) StdoutLine: {'line': b'-- Detecting C compile features - done\n'}
[11.377719] (aic_gazebo_transport_bridge) StdoutLine: {'line': b'-- Detecting CXX compiler ABI info\n'}
[11.423359] (-) TimerEvent: {}
[12.206820] (-) TimerEvent: {}
[12.441458] (-) TimerEvent: {}
[12.542006] (-) TimerEvent: {}
[12.780441] (-) TimerEvent: {}
[12.903217] (-) TimerEvent: {}
[13.007031] (-) TimerEvent: {}
[13.107981] (-) TimerEvent: {}
[13.208444] (-) TimerEvent: {}
[13.308619] (-) TimerEvent: {}
[13.410213] (-) TimerEvent: {}
[13.511239] (-) TimerEvent: {}
[13.615471] (-) TimerEvent: {}
[14.226212] (-) TimerEvent: {}
[15.422081] (-) TimerEvent: {}
[15.524462] (-) TimerEvent: {}
[15.624598] (-) TimerEvent: {}
[15.727648] (-) TimerEvent: {}
[15.881364] (-) TimerEvent: {}
[15.998011] (-) TimerEvent: {}
[16.100563] (-) TimerEvent: {}
[16.202353] (-) TimerEvent: {}
[16.308421] (-) TimerEvent: {}
[16.418801] (-) TimerEvent: {}
[16.520519] (-) TimerEvent: {}
[16.623094] (-) TimerEvent: {}
[16.725372] (-) TimerEvent: {}
[16.827987] (-) TimerEvent: {}
[16.929381] (-) TimerEvent: {}
[17.030381] (-) TimerEvent: {}
[17.131294] (-) TimerEvent: {}
[17.234351] (-) TimerEvent: {}
[17.336225] (-) TimerEvent: {}
[17.436814] (-) TimerEvent: {}
[17.541334] (-) TimerEvent: {}
[17.643387] (-) TimerEvent: {}
[17.743536] (-) TimerEvent: {}
[17.844204] (-) TimerEvent: {}
[17.945091] (-) TimerEvent: {}
[18.047935] (-) TimerEvent: {}
[18.149356] (-) TimerEvent: {}
[18.257512] (-) TimerEvent: {}
[18.360361] (-) TimerEvent: {}
[18.463003] (-) TimerEvent: {}
[18.575523] (-) TimerEvent: {}
[18.681176] (-) TimerEvent: {}
[18.793906] (-) TimerEvent: {}
[18.905002] (-) TimerEvent: {}
[19.006932] (-) TimerEvent: {}
[19.107074] (-) TimerEvent: {}
[19.221372] (-) TimerEvent: {}
[19.325584] (-) TimerEvent: {}
[19.427376] (-) TimerEvent: {}
[19.543366] (-) TimerEvent: {}
[19.655957] (-) TimerEvent: {}
[19.719768] (aic_gazebo_transport_bridge) StdoutLine: {'line': b'-- Detecting CXX compiler ABI info - done\n'}
[19.756006] (-) TimerEvent: {}
[19.857758] (-) TimerEvent: {}
[19.932192] (aic_gazebo_transport_bridge) StdoutLine: {'line': b'-- Check for working CXX compiler: /usr/bin/c++ - skipped\n'}
[19.942281] (aic_gazebo_transport_bridge) StdoutLine: {'line': b'-- Detecting CXX compile features\n'}
[19.953269] (aic_gazebo_transport_bridge) StdoutLine: {'line': b'-- Detecting CXX compile features - done\n'}
[19.957425] (-) TimerEvent: {}
[20.064354] (-) TimerEvent: {}
[20.165355] (-) TimerEvent: {}
[20.212684] (aic_gazebo_transport_bridge) StdoutLine: {'line': b'-- Found ament_cmake: 2.7.5 (/opt/ros/kilted/share/ament_cmake/cmake)\n'}
[20.267359] (-) TimerEvent: {}
[20.424848] (-) TimerEvent: {}
[20.526954] (-) TimerEvent: {}
[20.627463] (-) TimerEvent: {}
[20.728589] (-) TimerEvent: {}
[21.132417] (-) TimerEvent: {}
[21.965495] (-) TimerEvent: {}
[22.069574] (-) TimerEvent: {}
[22.172379] (-) TimerEvent: {}
[22.272542] (-) TimerEvent: {}
[22.373451] (-) TimerEvent: {}
[22.476358] (-) TimerEvent: {}
[22.584867] (-) TimerEvent: {}
[22.691112] (-) TimerEvent: {}
[22.805947] (-) TimerEvent: {}
[22.906976] (-) TimerEvent: {}
[23.007467] (-) TimerEvent: {}
[23.107974] (-) TimerEvent: {}
[23.215904] (-) TimerEvent: {}
[23.317013] (-) TimerEvent: {}
[23.436368] (-) TimerEvent: {}
[23.565283] (-) TimerEvent: {}
[23.694175] (-) TimerEvent: {}
[23.794366] (-) TimerEvent: {}
[23.896164] (-) TimerEvent: {}
[23.996896] (-) TimerEvent: {}
[24.101514] (-) TimerEvent: {}
[24.206953] (-) TimerEvent: {}
[24.307155] (-) TimerEvent: {}
[24.412462] (-) TimerEvent: {}
[24.532677] (-) TimerEvent: {}
[24.633088] (-) TimerEvent: {}
[24.733919] (-) TimerEvent: {}
[24.834118] (-) TimerEvent: {}
[24.944505] (-) TimerEvent: {}
[25.051620] (-) TimerEvent: {}
[25.162818] (-) TimerEvent: {}
[25.263367] (-) TimerEvent: {}
[25.363490] (-) TimerEvent: {}
[25.477133] (-) TimerEvent: {}
[25.580064] (-) TimerEvent: {}
[25.681359] (-) TimerEvent: {}
[25.781909] (-) TimerEvent: {}
[25.884423] (-) TimerEvent: {}
[25.984922] (-) TimerEvent: {}
[26.085742] (-) TimerEvent: {}
[26.187094] (-) TimerEvent: {}
[26.295362] (-) TimerEvent: {}
[26.401827] (-) TimerEvent: {}
[26.503684] (-) TimerEvent: {}
[26.605572] (-) TimerEvent: {}
[26.705771] (-) TimerEvent: {}
[26.809984] (-) TimerEvent: {}
[26.970495] (-) TimerEvent: {}
[27.081819] (-) TimerEvent: {}
[27.218129] (-) TimerEvent: {}
[27.318992] (-) TimerEvent: {}
[27.420358] (-) TimerEvent: {}
[27.524262] (-) TimerEvent: {}
[27.631768] (-) TimerEvent: {}
[27.733294] (-) TimerEvent: {}
[27.842616] (-) TimerEvent: {}
[27.946524] (-) TimerEvent: {}
[28.048125] (-) TimerEvent: {}
[28.148719] (-) TimerEvent: {}
[28.251289] (-) TimerEvent: {}
[28.354255] (-) TimerEvent: {}
[28.454854] (-) TimerEvent: {}
[28.556269] (-) TimerEvent: {}
[28.661143] (-) TimerEvent: {}
[28.761282] (-) TimerEvent: {}
[28.863013] (-) TimerEvent: {}
[28.965160] (-) TimerEvent: {}
[29.067514] (-) TimerEvent: {}
[29.175040] (-) TimerEvent: {}
[29.277020] (-) TimerEvent: {}
[29.378515] (-) TimerEvent: {}
[29.478834] (-) TimerEvent: {}
[29.579290] (-) TimerEvent: {}
[29.679815] (-) TimerEvent: {}
[29.782688] (-) TimerEvent: {}
[29.883370] (-) TimerEvent: {}
[30.043231] (-) TimerEvent: {}
[30.163285] (-) TimerEvent: {}
[30.263452] (-) TimerEvent: {}
[30.363908] (-) TimerEvent: {}
[30.476366] (-) TimerEvent: {}
[30.577076] (-) TimerEvent: {}
[30.677221] (-) TimerEvent: {}
[30.778369] (-) TimerEvent: {}
[30.881044] (-) TimerEvent: {}
[30.981721] (-) TimerEvent: {}
[31.083155] (-) TimerEvent: {}
[31.183902] (-) TimerEvent: {}
[31.292527] (-) TimerEvent: {}
[31.392970] (-) TimerEvent: {}
[31.514007] (-) TimerEvent: {}
[31.614223] (-) TimerEvent: {}
[31.717365] (-) TimerEvent: {}
[31.817592] (-) TimerEvent: {}
[31.918162] (-) TimerEvent: {}
[32.018691] (-) TimerEvent: {}
[32.120245] (-) TimerEvent: {}
[32.219467] (aic_gazebo_transport_bridge) StdoutLine: {'line': b'-- Found Python3: /usr/bin/python3 (found version "3.12.3") found components: Interpreter \n'}
[32.220332] (-) TimerEvent: {}
[32.320489] (-) TimerEvent: {}
[32.425823] (-) TimerEvent: {}
[32.528274] (-) TimerEvent: {}
[32.629559] (-) TimerEvent: {}
[32.890756] (-) TimerEvent: {}
[32.991937] (-) TimerEvent: {}
[33.092900] (-) TimerEvent: {}
[33.195389] (-) TimerEvent: {}
[33.300362] (-) TimerEvent: {}
[33.400542] (-) TimerEvent: {}
[33.500723] (-) TimerEvent: {}
[33.604400] (-) TimerEvent: {}
[33.711158] (-) TimerEvent: {}
[33.812109] (-) TimerEvent: {}
[33.912260] (-) TimerEvent: {}
[34.014018] (-) TimerEvent: {}
[34.114751] (-) TimerEvent: {}
[34.214921] (-) TimerEvent: {}
[34.315100] (-) TimerEvent: {}
[34.520350] (-) TimerEvent: {}
[34.623410] (-) TimerEvent: {}
[34.735365] (-) TimerEvent: {}
[34.838466] (-) TimerEvent: {}
[34.939129] (-) TimerEvent: {}
[35.041010] (-) TimerEvent: {}
[35.141514] (-) TimerEvent: {}
[35.242621] (-) TimerEvent: {}
[35.391614] (-) TimerEvent: {}
[35.491972] (-) TimerEvent: {}
[35.592111] (-) TimerEvent: {}
[35.710015] (-) TimerEvent: {}
[35.810755] (-) TimerEvent: {}
[35.910859] (-) TimerEvent: {}
[36.405544] (-) TimerEvent: {}
[36.508037] (-) TimerEvent: {}
[36.611782] (-) TimerEvent: {}
[36.717620] (-) TimerEvent: {}
[36.818218] (-) TimerEvent: {}
[36.920862] (-) TimerEvent: {}
[37.025331] (-) TimerEvent: {}
[37.134281] (-) TimerEvent: {}
[37.242457] (-) TimerEvent: {}
[37.342969] (-) TimerEvent: {}
[37.640280] (-) TimerEvent: {}
[37.742553] (-) TimerEvent: {}
[37.846400] (-) TimerEvent: {}
[37.947398] (-) TimerEvent: {}
[38.054475] (-) TimerEvent: {}
[38.155420] (-) TimerEvent: {}
[38.259586] (-) TimerEvent: {}
[38.359843] (-) TimerEvent: {}
[38.461382] (-) TimerEvent: {}
[38.787457] (-) TimerEvent: {}
[38.899672] (-) TimerEvent: {}
[39.001950] (-) TimerEvent: {}
[39.102430] (-) TimerEvent: {}
[39.202964] (-) TimerEvent: {}
[39.303589] (-) TimerEvent: {}
[39.406025] (-) TimerEvent: {}
[39.506375] (-) TimerEvent: {}
[39.608371] (-) TimerEvent: {}
[39.712182] (-) TimerEvent: {}
[39.842043] (-) TimerEvent: {}
[39.943672] (-) TimerEvent: {}
[40.045838] (-) TimerEvent: {}
[40.150073] (-) TimerEvent: {}
[40.260091] (-) TimerEvent: {}
[40.362572] (-) TimerEvent: {}
[40.463357] (-) TimerEvent: {}
[40.567162] (-) TimerEvent: {}
[40.667868] (-) TimerEvent: {}
[40.772849] (-) TimerEvent: {}
[40.873077] (-) TimerEvent: {}
[40.981354] (-) TimerEvent: {}
[41.083358] (-) TimerEvent: {}
[41.184856] (-) TimerEvent: {}
[41.289262] (-) TimerEvent: {}
[41.393097] (-) TimerEvent: {}
[41.494739] (-) TimerEvent: {}
[41.595887] (-) TimerEvent: {}
[41.698135] (-) TimerEvent: {}
[41.800846] (-) TimerEvent: {}
[41.905366] (-) TimerEvent: {}
[42.005752] (-) TimerEvent: {}
[42.105928] (-) TimerEvent: {}
[42.206879] (-) TimerEvent: {}
[42.230670] (aic_gazebo_transport_bridge) StdoutLine: {'line': b'-- Found gz_transport_vendor: 0.2.4 (/ws_aic/install/share/gz_transport_vendor/cmake)\n'}
[42.322447] (-) TimerEvent: {}
[42.422613] (-) TimerEvent: {}
[42.522940] (-) TimerEvent: {}
[42.623089] (-) TimerEvent: {}
[42.723236] (-) TimerEvent: {}
[42.823476] (-) TimerEvent: {}
[42.837830] (aic_gazebo_transport_bridge) StdoutLine: {'line': b'-- Looking for gz-transport14 -- found version 14.2.0\n'}
[42.927430] (-) TimerEvent: {}
[43.033921] (-) TimerEvent: {}
[43.140447] (-) TimerEvent: {}
[43.242940] (-) TimerEvent: {}
[43.354958] (-) TimerEvent: {}
[43.434947] (aic_gazebo_transport_bridge) StdoutLine: {'line': b'-- Searching for dependencies of gz-transport14\n'}
[43.482927] (-) TimerEvent: {}
[43.585223] (-) TimerEvent: {}
[43.701479] (-) TimerEvent: {}
[43.801653] (-) TimerEvent: {}
[43.901796] (-) TimerEvent: {}
[44.002947] (-) TimerEvent: {}
[44.117446] (-) TimerEvent: {}
[44.225212] (-) TimerEvent: {}
[44.365442] (-) TimerEvent: {}
[44.467026] (-) TimerEvent: {}
[44.574531] (-) TimerEvent: {}
[44.684433] (-) TimerEvent: {}
[45.758786] (-) TimerEvent: {}
[45.859471] (-) TimerEvent: {}
[45.959640] (-) TimerEvent: {}
[46.061359] (-) TimerEvent: {}
[46.164361] (-) TimerEvent: {}
[46.272154] (-) TimerEvent: {}
[46.373737] (-) TimerEvent: {}
[46.475069] (-) TimerEvent: {}
[47.187459] (-) TimerEvent: {}
[47.376359] (-) TimerEvent: {}
[47.477587] (-) TimerEvent: {}
[47.578162] (-) TimerEvent: {}
[47.680340] (-) TimerEvent: {}
[47.785931] (-) TimerEvent: {}
[47.886735] (-) TimerEvent: {}
[47.988435] (-) TimerEvent: {}
[48.093736] (-) TimerEvent: {}
[48.197536] (-) TimerEvent: {}
[48.298001] (-) TimerEvent: {}
[48.401914] (-) TimerEvent: {}
[48.503004] (-) TimerEvent: {}
[48.609762] (-) TimerEvent: {}
[48.712215] (-) TimerEvent: {}
[48.812761] (-) TimerEvent: {}
[48.919260] (-) TimerEvent: {}
[49.027990] (-) TimerEvent: {}
[49.139973] (-) TimerEvent: {}
[49.345193] (-) TimerEvent: {}
[49.448126] (-) TimerEvent: {}
[49.548386] (-) TimerEvent: {}
[49.649125] (-) TimerEvent: {}
[49.751071] (-) TimerEvent: {}
[49.853092] (-) TimerEvent: {}
[50.687385] (-) TimerEvent: {}
[50.791288] (-) TimerEvent: {}
[50.892789] (-) TimerEvent: {}
[51.000391] (-) TimerEvent: {}
[51.101843] (-) TimerEvent: {}
[51.205261] (-) TimerEvent: {}
[51.309051] (-) TimerEvent: {}
[51.409230] (-) TimerEvent: {}
[51.622107] (-) TimerEvent: {}
[51.724508] (-) TimerEvent: {}
[51.826731] (-) TimerEvent: {}
[51.934636] (-) TimerEvent: {}
[52.035119] (-) TimerEvent: {}
[52.135283] (-) TimerEvent: {}
[52.235578] (-) TimerEvent: {}
[52.342177] (-) TimerEvent: {}
[52.444221] (-) TimerEvent: {}
[52.547868] (-) TimerEvent: {}
[52.650138] (-) TimerEvent: {}
[52.755641] (-) TimerEvent: {}
[52.859487] (-) TimerEvent: {}
[52.964034] (-) TimerEvent: {}
[53.064241] (-) TimerEvent: {}
[53.166441] (-) TimerEvent: {}
[53.177504] (aic_gazebo_transport_bridge) StdoutLine: {'line': b'-- Found Protobuf: /usr/lib/x86_64-linux-gnu/libprotobuf.so (found version "3.21.12") \n'}
[53.266690] (-) TimerEvent: {}
[53.508438] (-) TimerEvent: {}
[53.608615] (-) TimerEvent: {}
[53.708813] (-) TimerEvent: {}
[53.808981] (-) TimerEvent: {}
[53.909160] (-) TimerEvent: {}
[54.009385] (-) TimerEvent: {}
[54.142468] (-) TimerEvent: {}
[54.242638] (-) TimerEvent: {}
[54.318132] (aic_gazebo_transport_bridge) StdoutLine: {'line': b'-- Config-file not installed for ZeroMQ -- checking for pkg-config\n'}
[54.342720] (-) TimerEvent: {}
[54.432558] (aic_gazebo_transport_bridge) StdoutLine: {'line': b"-- Checking for module 'libzmq >= 4'\n"}
[54.443432] (-) TimerEvent: {}
[54.543634] (-) TimerEvent: {}
[54.643553] (aic_gazebo_transport_bridge) StdoutLine: {'line': b'--   Found libzmq, version 4.3.5\n'}
[54.643828] (-) TimerEvent: {}
[54.743982] (-) TimerEvent: {}
[54.844182] (-) TimerEvent: {}
[54.944363] (-) TimerEvent: {}
[55.044517] (-) TimerEvent: {}
[55.144651] (-) TimerEvent: {}
[55.244816] (-) TimerEvent: {}
[55.345044] (-) TimerEvent: {}
[55.445246] (-) TimerEvent: {}
[55.545476] (-) TimerEvent: {}
[55.645672] (-) TimerEvent: {}
[55.745865] (-) TimerEvent: {}
[55.846087] (-) TimerEvent: {}
[55.946466] (-) TimerEvent: {}
[56.046642] (-) TimerEvent: {}
[56.146812] (-) TimerEvent: {}
[56.247028] (-) TimerEvent: {}
[56.347201] (-) TimerEvent: {}
[56.993517] (-) TimerEvent: {}
[57.190417] (-) TimerEvent: {}
[57.290627] (-) TimerEvent: {}
[57.391895] (-) TimerEvent: {}
[57.492376] (-) TimerEvent: {}
[57.636543] (-) TimerEvent: {}
[57.736713] (-) TimerEvent: {}
[57.836877] (-) TimerEvent: {}
[57.872926] (aic_gazebo_transport_bridge) StdoutLine: {'line': b'-- Found ZeroMQ: TRUE (Required is at least version "4") \n'}
[57.952935] (-) TimerEvent: {}
[58.061448] (-) TimerEvent: {}
[58.173958] (-) TimerEvent: {}
[58.276440] (-) TimerEvent: {}
[58.376584] (-) TimerEvent: {}
[58.490945] (-) TimerEvent: {}
[58.597442] (-) TimerEvent: {}
[58.702284] (-) TimerEvent: {}
[58.814433] (-) TimerEvent: {}
[58.858342] (aic_gazebo_transport_bridge) StdoutLine: {'line': b"-- Checking for module 'uuid'\n"}
[58.921929] (-) TimerEvent: {}
[59.039380] (-) TimerEvent: {}
[59.172359] (-) TimerEvent: {}
[59.275930] (-) TimerEvent: {}
[59.380461] (-) TimerEvent: {}
[59.480640] (-) TimerEvent: {}
[59.592356] (-) TimerEvent: {}
[59.698443] (-) TimerEvent: {}
[59.798938] (-) TimerEvent: {}
[59.902368] (-) TimerEvent: {}
[60.002960] (-) TimerEvent: {}
[60.105094] (-) TimerEvent: {}
[60.220947] (-) TimerEvent: {}
[60.325437] (-) TimerEvent: {}
[60.427378] (-) TimerEvent: {}
[60.530465] (-) TimerEvent: {}
[60.630491] (aic_gazebo_transport_bridge) StdoutLine: {'line': b'--   Found uuid, version 2.39.3\n'}
[60.630717] (-) TimerEvent: {}
[60.736939] (-) TimerEvent: {}
[60.848942] (-) TimerEvent: {}
[60.949945] (-) TimerEvent: {}
[61.011360] (aic_gazebo_transport_bridge) StdoutLine: {'line': b'-- Found UUID: TRUE  \n'}
[61.050084] (-) TimerEvent: {}
[61.735955] (-) TimerEvent: {}
[61.861646] (-) TimerEvent: {}
[61.961799] (-) TimerEvent: {}
[62.080964] (-) TimerEvent: {}
[62.181120] (-) TimerEvent: {}
[62.286395] (-) TimerEvent: {}
[62.386725] (-) TimerEvent: {}
[62.486866] (-) TimerEvent: {}
[62.596627] (-) TimerEvent: {}
[62.786226] (aic_gazebo_transport_bridge) StdoutLine: {'line': b'-- Looking for gz-utils3 -- found version 3.1.1\n'}
[62.788290] (-) TimerEvent: {}
[62.792689] (aic_gazebo_transport_bridge) StdoutLine: {'line': b'-- Searching for dependencies of gz-utils3\n'}
[62.792836] (aic_gazebo_transport_bridge) StdoutLine: {'line': b'-- Searching for <gz-utils3> component [cli]\n'}
[62.925928] (-) TimerEvent: {}
[63.026138] (-) TimerEvent: {}
[63.126714] (-) TimerEvent: {}
[63.228002] (-) TimerEvent: {}
[63.264148] (aic_gazebo_transport_bridge) StdoutLine: {'line': b'-- Looking for gz-utils3-cli -- found version 3.1.1\n'}
[63.264399] (aic_gazebo_transport_bridge) StdoutLine: {'line': b'-- Searching for dependencies of gz-utils3-cli\n'}
[63.285586] (aic_gazebo_transport_bridge) StdoutLine: {'line': b'-- Looking for gz-msgs11 -- found version 11.1.0\n'}
[63.287000] (aic_gazebo_transport_bridge) StdoutLine: {'line': b'-- Searching for dependencies of gz-msgs11\n'}
[63.864171] (-) TimerEvent: {}
[63.964649] (-) TimerEvent: {}
[64.065461] (-) TimerEvent: {}
[64.189968] (-) TimerEvent: {}
[64.300455] (-) TimerEvent: {}
[64.405714] (-) TimerEvent: {}
[64.561403] (-) TimerEvent: {}
[64.696373] (-) TimerEvent: {}
[64.802919] (-) TimerEvent: {}
[64.903079] (-) TimerEvent: {}
[65.006947] (-) TimerEvent: {}
[65.113962] (-) TimerEvent: {}
[65.224436] (-) TimerEvent: {}
[65.327927] (-) TimerEvent: {}
[65.455933] (-) TimerEvent: {}
[65.556086] (-) TimerEvent: {}
[65.656217] (-) TimerEvent: {}
[65.781358] (-) TimerEvent: {}
[65.881544] (-) TimerEvent: {}
[65.984445] (-) TimerEvent: {}
[66.085453] (-) TimerEvent: {}
[66.186529] (-) TimerEvent: {}
[66.286805] (-) TimerEvent: {}
[66.393454] (-) TimerEvent: {}
[66.499351] (-) TimerEvent: {}
[66.601342] (-) TimerEvent: {}
[66.701460] (-) TimerEvent: {}
[66.801576] (-) TimerEvent: {}
[66.901919] (-) TimerEvent: {}
[67.005046] (-) TimerEvent: {}
[67.105628] (-) TimerEvent: {}
[67.206048] (-) TimerEvent: {}
[67.306886] (-) TimerEvent: {}
[67.410509] (-) TimerEvent: {}
[67.517359] (-) TimerEvent: {}
[67.633366] (-) TimerEvent: {}
[67.733825] (-) TimerEvent: {}
[67.844964] (-) TimerEvent: {}
[67.945231] (-) TimerEvent: {}
[68.048464] (-) TimerEvent: {}
[68.164571] (-) TimerEvent: {}
[68.265837] (-) TimerEvent: {}
[68.394554] (-) TimerEvent: {}
[68.495626] (-) TimerEvent: {}
[68.595945] (-) TimerEvent: {}
[68.696989] (-) TimerEvent: {}
[68.798467] (-) TimerEvent: {}
[68.900077] (-) TimerEvent: {}
[69.000850] (-) TimerEvent: {}
[69.104022] (-) TimerEvent: {}
[69.204159] (-) TimerEvent: {}
[69.305450] (-) TimerEvent: {}
[69.405731] (-) TimerEvent: {}
[69.506339] (-) TimerEvent: {}
[69.611726] (-) TimerEvent: {}
[69.712457] (-) TimerEvent: {}
[69.812958] (-) TimerEvent: {}
[69.915163] (-) TimerEvent: {}
[70.015725] (-) TimerEvent: {}
[70.115901] (-) TimerEvent: {}
[70.216632] (-) TimerEvent: {}
[70.317463] (-) TimerEvent: {}
[70.426124] (-) TimerEvent: {}
[70.526638] (-) TimerEvent: {}
[70.627754] (-) TimerEvent: {}
[70.728559] (-) TimerEvent: {}
[70.829836] (-) TimerEvent: {}
[70.930022] (-) TimerEvent: {}
[70.942933] (aic_gazebo_transport_bridge) StdoutLine: {'line': b'-- Looking for gz-utils3 -- found version 3.1.1\n'}
[70.943975] (aic_gazebo_transport_bridge) StdoutLine: {'line': b'-- Looking for gz-math8 -- found version 8.2.0\n'}
[70.944106] (aic_gazebo_transport_bridge) StdoutLine: {'line': b'-- Searching for dependencies of gz-math8\n'}
[70.944214] (aic_gazebo_transport_bridge) StdoutLine: {'line': b'-- Looking for gz-utils3 -- found version 3.1.1\n'}
[70.944332] (aic_gazebo_transport_bridge) StdoutLine: {'line': b"-- Checking for module 'tinyxml2'\n"}
[70.961413] (aic_gazebo_transport_bridge) StdoutLine: {'line': b'--   Found tinyxml2, version 10.0.0\n'}
[71.725403] (-) TimerEvent: {}
[71.894405] (-) TimerEvent: {}
[72.015457] (-) TimerEvent: {}
[72.054269] (aic_gazebo_transport_bridge) StdoutLine: {'line': b'-- Looking for gz-msgs11 -- found version 11.1.0\n'}
[72.085169] (aic_gazebo_transport_bridge) StdoutLine: {'line': b'-- Found ament_lint_auto: 0.19.2 (/opt/ros/kilted/share/ament_lint_auto/cmake)\n'}
[72.115540] (-) TimerEvent: {}
[72.215965] (-) TimerEvent: {}
[72.316133] (-) TimerEvent: {}
[72.416303] (-) TimerEvent: {}
[72.516966] (-) TimerEvent: {}
[72.617143] (-) TimerEvent: {}
[72.669741] (aic_gazebo_transport_bridge) StdoutLine: {'line': b'-- Configuring done (72.6s)\n'}
[72.718131] (-) TimerEvent: {}
[72.741038] (aic_gazebo_transport_bridge) StdoutLine: {'line': b'-- Generating done (0.0s)\n'}
[72.763584] (aic_gazebo_transport_bridge) StdoutLine: {'line': b'-- Build files have been written to: /home/ubuntu/ws_aic/src/aic/build/aic_gazebo_transport_bridge\n'}
[72.818231] (-) TimerEvent: {}
[72.837338] (aic_gazebo_transport_bridge) CommandEnded: {'returncode': 0}
[72.842013] (aic_gazebo_transport_bridge) JobProgress: {'identifier': 'aic_gazebo_transport_bridge', 'progress': 'build'}
[72.848941] (aic_gazebo_transport_bridge) Command: {'cmd': ['/usr/bin/cmake', '--build', '/home/ubuntu/ws_aic/src/aic/build/aic_gazebo_transport_bridge', '--', '-j8', '-l8'], 'cwd': '/home/ubuntu/ws_aic/src/aic/build/aic_gazebo_transport_bridge', 'env': OrderedDict({'GZ_SIM_SYSTEM_PLUGIN_PATH': '/ws_aic/install/lib/aic_gazebo/', 'GZ_SIM_RESOURCE_PATH': '/ws_aic/install/share/aic_assets/models:/ws_aic/install/share', 'GZ_CONFIG_PATH': '/ws_aic/install/share/gz:/opt/ros/kilted/opt/sdformat_vendor/share/gz', 'HOSTNAME': 'aic_eval.ip-172-31-41-145', 'ROS_PACKAGE_PATH': '/ws_aic/install', 'SHLVL': '0', 'LD_LIBRARY_PATH': '/ws_aic/install/lib:/opt/ros/kilted/opt/zenoh_cpp_vendor/lib:/opt/ros/kilted/opt/sdformat_vendor/lib:/opt/ros/kilted/opt/gz_math_vendor/lib:/opt/ros/kilted/opt/gz_utils_vendor/lib:/opt/ros/kilted/opt/rviz_ogre_vendor/lib:/opt/ros/kilted/lib/x86_64-linux-gnu:/opt/ros/kilted/opt/gz_tools_vendor/lib:/opt/ros/kilted/opt/gz_ogre_next_vendor/lib:/opt/ros/kilted/opt/gz_dartsim_vendor/lib:/opt/ros/kilted/opt/gz_cmake_vendor/lib:/opt/ros/kilted/lib', 'HOME': '/home/ubuntu', 'OLDPWD': '/home/ubuntu/ws_aic/src/aic', 'ROS_PYTHON_VERSION': '3', 'container': 'sudo docker', 'COLCON_PREFIX_PATH': '/home/ubuntu/ws_aic/src/aic/install:/ws_aic/install', 'ROS_DISTRO': 'kilted', '_': '/usr/bin/colcon', 'ROS_VERSION': '2', 'PKG_CONFIG_PATH': '/ws_aic/install/lib/x86_64-linux-gnu/pkgconfig:/ws_aic/install/lib/pkgconfig', 'TERMINFO_DIRS': '/usr/share/terminfo:/run/host/usr/share/terminfo', 'PATH': '/ws_aic/install/bin:/opt/ros/kilted/opt/gz_tools_vendor/bin:/opt/ros/kilted/opt/gz_ogre_next_vendor/bin:/opt/ros/kilted/bin:/usr/local/sbin:/usr/local/bin:/usr/sbin:/usr/bin:/sbin:/bin', 'LANG': 'C.UTF-8', 'AMENT_PREFIX_PATH': '/home/ubuntu/ws_aic/src/aic/install/aic_gazebo_transport_bridge:/ws_aic/install:/opt/ros/kilted', 'SHELL': 'zsh', 'ROS_AUTOMATIC_DISCOVERY_RANGE': 'SUBNET', 'PWD': '/home/ubuntu/ws_aic/src/aic/build/aic_gazebo_transport_bridge', 'LC_ALL': 'C.UTF-8', 'PYTHONPATH': '/ws_aic/install/lib/python3.12/site-packages:/opt/ros/kilted/lib/python3.12/site-packages', 'COLCON': '1', 'CMAKE_PREFIX_PATH': '/home/ubuntu/ws_aic/src/aic/install/aic_gazebo_transport_bridge:/ws_aic/install:/opt/ros/kilted/opt/sdformat_vendor:/opt/ros/kilted/opt/gz_math_vendor:/opt/ros/kilted/opt/gz_utils_vendor:/opt/ros/kilted/opt/gz_tools_vendor:/opt/ros/kilted/opt/gz_ogre_next_vendor:/opt/ros/kilted/opt/gz_dartsim_vendor:/opt/ros/kilted/opt/gz_cmake_vendor:/opt/ros/kilted'}), 'shell': False}
[72.922070] (-) TimerEvent: {}
[73.022633] (-) TimerEvent: {}
[73.125737] (-) TimerEvent: {}
[73.226887] (-) TimerEvent: {}
[73.327088] (-) TimerEvent: {}
[73.429256] (-) TimerEvent: {}
[73.529452] (-) TimerEvent: {}
[73.630393] (-) TimerEvent: {}
[73.731388] (-) TimerEvent: {}
[73.831590] (-) TimerEvent: {}
[73.931949] (-) TimerEvent: {}
[74.033380] (-) TimerEvent: {}
[74.073134] (aic_gazebo_transport_bridge) StdoutLine: {'line': b'[ 50%] Building CXX object CMakeFiles/aic_gz_transport_bridge.dir/src/aic_gz_transport_bridge.cc.o\n'}
[74.133434] (-) TimerEvent: {}
[74.233626] (-) TimerEvent: {}
[74.336604] (-) TimerEvent: {}
[74.436728] (-) TimerEvent: {}
[74.537361] (-) TimerEvent: {}
[74.648375] (-) TimerEvent: {}
[74.750367] (-) TimerEvent: {}
[74.851112] (-) TimerEvent: {}
[74.951288] (-) TimerEvent: {}
[75.051478] (-) TimerEvent: {}
[75.152380] (-) TimerEvent: {}
[75.253519] (-) TimerEvent: {}
[75.354470] (-) TimerEvent: {}
[75.461807] (-) TimerEvent: {}
[75.562936] (-) TimerEvent: {}
[75.672055] (-) TimerEvent: {}
[75.780430] (-) TimerEvent: {}
[75.881357] (-) TimerEvent: {}
[75.983617] (-) TimerEvent: {}
[76.130528] (-) TimerEvent: {}
[76.239261] (-) TimerEvent: {}
[76.344368] (-) TimerEvent: {}
[76.444556] (-) TimerEvent: {}
[76.633095] (-) TimerEvent: {}
[76.737020] (-) TimerEvent: {}
[76.841056] (-) TimerEvent: {}
[76.945817] (-) TimerEvent: {}
[77.052504] (-) TimerEvent: {}
[78.339504] (-) TimerEvent: {}
[78.439674] (-) TimerEvent: {}
[78.539832] (-) TimerEvent: {}
[78.639956] (-) TimerEvent: {}
[78.740120] (-) TimerEvent: {}
[78.841962] (-) TimerEvent: {}
[79.105989] (-) TimerEvent: {}
[79.217513] (-) TimerEvent: {}
[79.327620] (-) TimerEvent: {}
[79.436691] (-) TimerEvent: {}
[79.541361] (-) TimerEvent: {}
[79.657597] (-) TimerEvent: {}
[79.759356] (-) TimerEvent: {}
[79.867539] (-) TimerEvent: {}
[79.971966] (-) TimerEvent: {}
[80.072356] (-) TimerEvent: {}
[80.172524] (-) TimerEvent: {}
[80.276226] (-) TimerEvent: {}
[80.376968] (-) TimerEvent: {}
[80.478091] (-) TimerEvent: {}
[80.578409] (-) TimerEvent: {}
[80.683884] (-) TimerEvent: {}
[80.803037] (-) TimerEvent: {}
[80.905947] (-) TimerEvent: {}
[81.012992] (-) TimerEvent: {}
[81.113487] (-) TimerEvent: {}
[81.213871] (-) TimerEvent: {}
[81.314051] (-) TimerEvent: {}
[81.414230] (-) TimerEvent: {}
[81.514431] (-) TimerEvent: {}
[81.615265] (-) TimerEvent: {}
[81.716748] (-) TimerEvent: {}
[82.233046] (-) TimerEvent: {}
[82.336459] (-) TimerEvent: {}
[82.443463] (-) TimerEvent: {}
[82.558526] (-) TimerEvent: {}
[82.660213] (-) TimerEvent: {}
[82.762186] (-) TimerEvent: {}
[82.864463] (-) TimerEvent: {}
[82.965476] (-) TimerEvent: {}
[83.070296] (-) TimerEvent: {}
[83.175185] (-) TimerEvent: {}
[83.276730] (-) TimerEvent: {}
[83.377942] (-) TimerEvent: {}
[83.478519] (-) TimerEvent: {}
[83.585726] (-) TimerEvent: {}
[83.686004] (-) TimerEvent: {}
[83.787938] (-) TimerEvent: {}
[83.891369] (-) TimerEvent: {}
[83.996687] (-) TimerEvent: {}
[84.133464] (-) TimerEvent: {}
[84.266211] (-) TimerEvent: {}
[84.369371] (-) TimerEvent: {}
[84.471079] (-) TimerEvent: {}
[84.571256] (-) TimerEvent: {}
[84.674362] (-) TimerEvent: {}
[85.777477] (-) TimerEvent: {}
[85.936687] (-) TimerEvent: {}
[86.037678] (-) TimerEvent: {}
[86.138613] (-) TimerEvent: {}
[86.756103] (-) TimerEvent: {}
[86.857637] (-) TimerEvent: {}
[86.964208] (-) TimerEvent: {}
[87.065976] (-) TimerEvent: {}
[87.166097] (-) TimerEvent: {}
[87.325094] (-) TimerEvent: {}
[87.429292] (-) TimerEvent: {}
[87.532559] (-) TimerEvent: {}
[87.634568] (-) TimerEvent: {}
[87.742821] (-) TimerEvent: {}
[87.843466] (-) TimerEvent: {}
[87.945966] (-) TimerEvent: {}
[88.054869] (-) TimerEvent: {}
[88.161883] (-) TimerEvent: {}
[88.264468] (-) TimerEvent: {}
[88.373464] (-) TimerEvent: {}
[88.824662] (-) TimerEvent: {}
[88.930671] (-) TimerEvent: {}
[89.034290] (-) TimerEvent: {}
[89.136193] (-) TimerEvent: {}
[89.272298] (-) TimerEvent: {}
[89.372913] (-) TimerEvent: {}
[89.473601] (-) TimerEvent: {}
[89.580442] (-) TimerEvent: {}
[89.692414] (-) TimerEvent: {}
[89.794832] (-) TimerEvent: {}
[89.905917] (-) TimerEvent: {}
[90.056048] (-) TimerEvent: {}
[90.166368] (-) TimerEvent: {}
[90.276995] (-) TimerEvent: {}
[90.377141] (-) TimerEvent: {}
[90.478134] (-) TimerEvent: {}
[90.583274] (-) TimerEvent: {}
[90.695795] (-) TimerEvent: {}
[90.795923] (-) TimerEvent: {}
[90.925702] (-) TimerEvent: {}
[91.026294] (-) TimerEvent: {}
[91.128388] (-) TimerEvent: {}
[91.230531] (-) TimerEvent: {}
[91.332143] (-) TimerEvent: {}
[91.449705] (-) TimerEvent: {}
[93.534434] (-) TimerEvent: {}
[93.644449] (-) TimerEvent: {}
[93.823406] (-) TimerEvent: {}
[94.378839] (-) TimerEvent: {}
[94.481412] (-) TimerEvent: {}
[94.622235] (-) TimerEvent: {}
[94.722457] (-) TimerEvent: {}
[94.831482] (-) TimerEvent: {}
[94.931679] (-) TimerEvent: {}
[95.034953] (-) TimerEvent: {}
[95.151777] (-) TimerEvent: {}
[95.255100] (-) TimerEvent: {}
[95.359042] (-) TimerEvent: {}
[95.460377] (-) TimerEvent: {}
[95.562045] (-) TimerEvent: {}
[95.662715] (-) TimerEvent: {}
[95.763198] (-) TimerEvent: {}
[96.544426] (-) TimerEvent: {}
[96.644605] (-) TimerEvent: {}
[96.745112] (-) TimerEvent: {}
[96.903477] (-) TimerEvent: {}
[97.025377] (-) TimerEvent: {}
[98.500460] (-) TimerEvent: {}
[98.609920] (-) TimerEvent: {}
[98.742386] (-) TimerEvent: {}
[98.854436] (-) TimerEvent: {}
[98.959399] (-) TimerEvent: {}
[99.062586] (-) TimerEvent: {}
[99.162713] (-) TimerEvent: {}
[99.263240] (-) TimerEvent: {}
[99.369270] (-) TimerEvent: {}
[99.471829] (-) TimerEvent: {}
[99.572573] (-) TimerEvent: {}
[99.674619] (-) TimerEvent: {}
[99.775517] (-) TimerEvent: {}
[99.876146] (-) TimerEvent: {}
[99.977573] (-) TimerEvent: {}
[100.251917] (-) TimerEvent: {}
[100.352121] (-) TimerEvent: {}
[100.490959] (-) TimerEvent: {}
[100.592599] (-) TimerEvent: {}
[102.601457] (-) TimerEvent: {}
[102.702926] (-) TimerEvent: {}
[102.804008] (-) TimerEvent: {}
[102.906940] (-) TimerEvent: {}
[103.009962] (-) TimerEvent: {}
[103.113857] (-) TimerEvent: {}
[103.214984] (-) TimerEvent: {}
[103.315164] (-) TimerEvent: {}
[103.415343] (-) TimerEvent: {}
[103.515521] (-) TimerEvent: {}
[103.615691] (-) TimerEvent: {}
[103.715849] (-) TimerEvent: {}
[103.816031] (-) TimerEvent: {}
[103.916203] (-) TimerEvent: {}
[104.021485] (-) TimerEvent: {}
[104.122679] (-) TimerEvent: {}
[104.223980] (-) TimerEvent: {}
[104.326469] (-) TimerEvent: {}
[104.438361] (-) TimerEvent: {}
[104.538959] (-) TimerEvent: {}
[104.639885] (-) TimerEvent: {}
[104.742531] (-) TimerEvent: {}
[104.842981] (-) TimerEvent: {}
[104.943608] (-) TimerEvent: {}
[105.043773] (-) TimerEvent: {}
[105.146255] (-) TimerEvent: {}
[105.247367] (-) TimerEvent: {}
[105.347573] (-) TimerEvent: {}
[105.452358] (-) TimerEvent: {}
[105.553485] (-) TimerEvent: {}
[105.657430] (-) TimerEvent: {}
[105.763438] (-) TimerEvent: {}
[105.863621] (-) TimerEvent: {}
[105.963797] (-) TimerEvent: {}
[106.063950] (-) TimerEvent: {}
[106.164121] (-) TimerEvent: {}
[106.264370] (-) TimerEvent: {}
[106.364618] (-) TimerEvent: {}
[106.465105] (-) TimerEvent: {}
[106.565275] (-) TimerEvent: {}
[106.665614] (-) TimerEvent: {}
[106.765784] (-) TimerEvent: {}
[106.866114] (-) TimerEvent: {}
[106.966283] (-) TimerEvent: {}
[107.066733] (-) TimerEvent: {}
[107.167117] (-) TimerEvent: {}
[107.267292] (-) TimerEvent: {}
[107.367727] (-) TimerEvent: {}
[107.467895] (-) TimerEvent: {}
[107.568356] (-) TimerEvent: {}
[107.668527] (-) TimerEvent: {}
[107.768923] (-) TimerEvent: {}
[107.869071] (-) TimerEvent: {}
[107.969352] (-) TimerEvent: {}
[108.070419] (-) TimerEvent: {}
[108.170569] (-) TimerEvent: {}
[108.517392] (-) TimerEvent: {}
[108.618450] (-) TimerEvent: {}
[108.770513] (-) TimerEvent: {}
[108.870905] (-) TimerEvent: {}
[108.971131] (-) TimerEvent: {}
[109.071547] (-) TimerEvent: {}
[109.230857] (-) TimerEvent: {}
[109.560460] (-) TimerEvent: {}
[109.681956] (-) TimerEvent: {}
[109.782152] (-) TimerEvent: {}
[109.885537] (-) TimerEvent: {}
[109.991220] (-) TimerEvent: {}
[110.094005] (-) TimerEvent: {}
[110.263400] (-) TimerEvent: {}
[110.387274] (-) TimerEvent: {}
[110.488625] (-) TimerEvent: {}
[110.643273] (-) TimerEvent: {}
[110.746462] (-) TimerEvent: {}
[112.270874] (aic_gazebo_transport_bridge) StdoutLine: {'line': b'[100%] Linking CXX executable aic_gz_transport_bridge\n'}
[112.276813] (-) TimerEvent: {}
[112.380041] (-) TimerEvent: {}
[112.782601] (-) TimerEvent: {}
[114.554365] (-) TimerEvent: {}
[114.655294] (-) TimerEvent: {}
[114.755917] (-) TimerEvent: {}
[114.856095] (-) TimerEvent: {}
[114.956675] (-) TimerEvent: {}
[115.062303] (-) TimerEvent: {}
[115.162991] (-) TimerEvent: {}
[115.264953] (-) TimerEvent: {}
[115.365892] (-) TimerEvent: {}
[115.466570] (-) TimerEvent: {}
[115.569407] (-) TimerEvent: {}
[115.679057] (-) TimerEvent: {}
[115.781127] (-) TimerEvent: {}
[115.881395] (-) TimerEvent: {}
[115.985950] (-) TimerEvent: {}
[116.091772] (-) TimerEvent: {}
[116.671482] (-) TimerEvent: {}
[116.772780] (-) TimerEvent: {}
[116.872950] (-) TimerEvent: {}
[116.973070] (-) TimerEvent: {}
[117.073439] (-) TimerEvent: {}
[117.174936] (-) TimerEvent: {}
[117.275077] (-) TimerEvent: {}
[117.375342] (-) TimerEvent: {}
[117.475921] (-) TimerEvent: {}
[117.576355] (-) TimerEvent: {}
[117.676536] (-) TimerEvent: {}
[117.779390] (-) TimerEvent: {}
[117.880015] (-) TimerEvent: {}
[117.980367] (-) TimerEvent: {}
[118.046530] (aic_gazebo_transport_bridge) StdoutLine: {'line': b'[100%] Built target aic_gz_transport_bridge\n'}
[118.080618] (-) TimerEvent: {}
[118.181377] (-) TimerEvent: {}
[118.283097] (-) TimerEvent: {}
[118.383255] (-) TimerEvent: {}
[118.483432] (-) TimerEvent: {}
[118.583596] (-) TimerEvent: {}
[118.683745] (-) TimerEvent: {}
[118.784350] (-) TimerEvent: {}
[118.884804] (-) TimerEvent: {}
[118.985348] (-) TimerEvent: {}
[119.086355] (-) TimerEvent: {}
[119.191896] (-) TimerEvent: {}
[119.405626] (-) TimerEvent: {}
[119.505807] (-) TimerEvent: {}
[119.605941] (-) TimerEvent: {}
[119.706473] (-) TimerEvent: {}
[119.807440] (-) TimerEvent: {}
[119.908364] (-) TimerEvent: {}
[120.008512] (-) TimerEvent: {}
[120.108662] (-) TimerEvent: {}
[120.209513] (-) TimerEvent: {}
[120.310586] (-) TimerEvent: {}
[120.410725] (-) TimerEvent: {}
[120.511090] (-) TimerEvent: {}
[120.611581] (-) TimerEvent: {}
[120.712366] (-) TimerEvent: {}
[120.812531] (-) TimerEvent: {}
[120.923034] (-) TimerEvent: {}
[121.037928] (-) TimerEvent: {}
[121.138428] (-) TimerEvent: {}
[121.220345] (aic_gazebo_transport_bridge) CommandEnded: {'returncode': 0}
[121.827367] (-) TimerEvent: {}
[121.827406] (aic_gazebo_transport_bridge) JobProgress: {'identifier': 'aic_gazebo_transport_bridge', 'progress': 'install'}
[121.827430] (aic_gazebo_transport_bridge) Command: {'cmd': ['/usr/bin/cmake', '--install', '/home/ubuntu/ws_aic/src/aic/build/aic_gazebo_transport_bridge'], 'cwd': '/home/ubuntu/ws_aic/src/aic/build/aic_gazebo_transport_bridge', 'env': OrderedDict({'GZ_SIM_SYSTEM_PLUGIN_PATH': '/ws_aic/install/lib/aic_gazebo/', 'GZ_SIM_RESOURCE_PATH': '/ws_aic/install/share/aic_assets/models:/ws_aic/install/share', 'GZ_CONFIG_PATH': '/ws_aic/install/share/gz:/opt/ros/kilted/opt/sdformat_vendor/share/gz', 'HOSTNAME': 'aic_eval.ip-172-31-41-145', 'ROS_PACKAGE_PATH': '/ws_aic/install', 'SHLVL': '0', 'LD_LIBRARY_PATH': '/ws_aic/install/lib:/opt/ros/kilted/opt/zenoh_cpp_vendor/lib:/opt/ros/kilted/opt/sdformat_vendor/lib:/opt/ros/kilted/opt/gz_math_vendor/lib:/opt/ros/kilted/opt/gz_utils_vendor/lib:/opt/ros/kilted/opt/rviz_ogre_vendor/lib:/opt/ros/kilted/lib/x86_64-linux-gnu:/opt/ros/kilted/opt/gz_tools_vendor/lib:/opt/ros/kilted/opt/gz_ogre_next_vendor/lib:/opt/ros/kilted/opt/gz_dartsim_vendor/lib:/opt/ros/kilted/opt/gz_cmake_vendor/lib:/opt/ros/kilted/lib', 'HOME': '/home/ubuntu', 'OLDPWD': '/home/ubuntu/ws_aic/src/aic', 'ROS_PYTHON_VERSION': '3', 'container': 'sudo docker', 'COLCON_PREFIX_PATH': '/home/ubuntu/ws_aic/src/aic/install:/ws_aic/install', 'ROS_DISTRO': 'kilted', '_': '/usr/bin/colcon', 'ROS_VERSION': '2', 'PKG_CONFIG_PATH': '/ws_aic/install/lib/x86_64-linux-gnu/pkgconfig:/ws_aic/install/lib/pkgconfig', 'TERMINFO_DIRS': '/usr/share/terminfo:/run/host/usr/share/terminfo', 'PATH': '/ws_aic/install/bin:/opt/ros/kilted/opt/gz_tools_vendor/bin:/opt/ros/kilted/opt/gz_ogre_next_vendor/bin:/opt/ros/kilted/bin:/usr/local/sbin:/usr/local/bin:/usr/sbin:/usr/bin:/sbin:/bin', 'LANG': 'C.UTF-8', 'AMENT_PREFIX_PATH': '/home/ubuntu/ws_aic/src/aic/install/aic_gazebo_transport_bridge:/ws_aic/install:/opt/ros/kilted', 'SHELL': 'zsh', 'ROS_AUTOMATIC_DISCOVERY_RANGE': 'SUBNET', 'PWD': '/home/ubuntu/ws_aic/src/aic/build/aic_gazebo_transport_bridge', 'LC_ALL': 'C.UTF-8', 'PYTHONPATH': '/ws_aic/install/lib/python3.12/site-packages:/opt/ros/kilted/lib/python3.12/site-packages', 'COLCON': '1', 'CMAKE_PREFIX_PATH': '/home/ubuntu/ws_aic/src/aic/install/aic_gazebo_transport_bridge:/ws_aic/install:/opt/ros/kilted/opt/sdformat_vendor:/opt/ros/kilted/opt/gz_math_vendor:/opt/ros/kilted/opt/gz_utils_vendor:/opt/ros/kilted/opt/gz_tools_vendor:/opt/ros/kilted/opt/gz_ogre_next_vendor:/opt/ros/kilted/opt/gz_dartsim_vendor:/opt/ros/kilted/opt/gz_cmake_vendor:/opt/ros/kilted'}), 'shell': False}
[121.935453] (-) TimerEvent: {}
[122.083589] (-) TimerEvent: {}
[122.185106] (-) TimerEvent: {}
[122.285327] (-) TimerEvent: {}
[122.389251] (-) TimerEvent: {}
[122.472984] (aic_gazebo_transport_bridge) StdoutLine: {'line': b'-- Install configuration: ""\n'}
[122.475229] (aic_gazebo_transport_bridge) StdoutLine: {'line': b'-- Installing: /home/ubuntu/ws_aic/src/aic/install/aic_gazebo_transport_bridge/lib/aic_gazebo_transport_bridge/aic_gz_transport_bridge\n'}
[123.312617] (-) TimerEvent: {}
[123.316912] (aic_gazebo_transport_bridge) StdoutLine: {'line': b'-- Set non-toolchain portion of runtime path of "/home/ubuntu/ws_aic/src/aic/install/aic_gazebo_transport_bridge/lib/aic_gazebo_transport_bridge/aic_gz_transport_bridge" to ""\n'}
[123.318264] (aic_gazebo_transport_bridge) StdoutLine: {'line': b'-- Installing: /home/ubuntu/ws_aic/src/aic/install/aic_gazebo_transport_bridge/share/ament_index/resource_index/package_run_dependencies/aic_gazebo_transport_bridge\n'}
[123.319907] (aic_gazebo_transport_bridge) StdoutLine: {'line': b'-- Installing: /home/ubuntu/ws_aic/src/aic/install/aic_gazebo_transport_bridge/share/ament_index/resource_index/parent_prefix_path/aic_gazebo_transport_bridge\n'}
[123.321685] (aic_gazebo_transport_bridge) StdoutLine: {'line': b'-- Installing: /home/ubuntu/ws_aic/src/aic/install/aic_gazebo_transport_bridge/share/aic_gazebo_transport_bridge/environment/ament_prefix_path.sh\n'}
[123.325349] (aic_gazebo_transport_bridge) StdoutLine: {'line': b'-- Installing: /home/ubuntu/ws_aic/src/aic/install/aic_gazebo_transport_bridge/share/aic_gazebo_transport_bridge/environment/ament_prefix_path.dsv\n'}
[123.325870] (aic_gazebo_transport_bridge) StdoutLine: {'line': b'-- Installing: /home/ubuntu/ws_aic/src/aic/install/aic_gazebo_transport_bridge/share/aic_gazebo_transport_bridge/environment/path.sh\n'}
[123.326758] (aic_gazebo_transport_bridge) StdoutLine: {'line': b'-- Installing: /home/ubuntu/ws_aic/src/aic/install/aic_gazebo_transport_bridge/share/aic_gazebo_transport_bridge/environment/path.dsv\n'}
[123.327678] (aic_gazebo_transport_bridge) StdoutLine: {'line': b'-- Installing: /home/ubuntu/ws_aic/src/aic/install/aic_gazebo_transport_bridge/share/aic_gazebo_transport_bridge/local_setup.bash\n'}
[123.328502] (aic_gazebo_transport_bridge) StdoutLine: {'line': b'-- Installing: /home/ubuntu/ws_aic/src/aic/install/aic_gazebo_transport_bridge/share/aic_gazebo_transport_bridge/local_setup.sh\n'}
[123.329637] (aic_gazebo_transport_bridge) StdoutLine: {'line': b'-- Installing: /home/ubuntu/ws_aic/src/aic/install/aic_gazebo_transport_bridge/share/aic_gazebo_transport_bridge/local_setup.zsh\n'}
[123.331304] (aic_gazebo_transport_bridge) StdoutLine: {'line': b'-- Installing: /home/ubuntu/ws_aic/src/aic/install/aic_gazebo_transport_bridge/share/aic_gazebo_transport_bridge/local_setup.dsv\n'}
[123.332469] (aic_gazebo_transport_bridge) StdoutLine: {'line': b'-- Installing: /home/ubuntu/ws_aic/src/aic/install/aic_gazebo_transport_bridge/share/aic_gazebo_transport_bridge/package.dsv\n'}
[123.334847] (aic_gazebo_transport_bridge) StdoutLine: {'line': b'-- Installing: /home/ubuntu/ws_aic/src/aic/install/aic_gazebo_transport_bridge/share/ament_index/resource_index/packages/aic_gazebo_transport_bridge\n'}
[123.335010] (aic_gazebo_transport_bridge) StdoutLine: {'line': b'-- Installing: /home/ubuntu/ws_aic/src/aic/install/aic_gazebo_transport_bridge/share/aic_gazebo_transport_bridge/cmake/aic_gazebo_transport_bridgeConfig.cmake\n'}
[123.335595] (aic_gazebo_transport_bridge) StdoutLine: {'line': b'-- Installing: /home/ubuntu/ws_aic/src/aic/install/aic_gazebo_transport_bridge/share/aic_gazebo_transport_bridge/cmake/aic_gazebo_transport_bridgeConfig-version.cmake\n'}
[123.336626] (aic_gazebo_transport_bridge) StdoutLine: {'line': b'-- Installing: /home/ubuntu/ws_aic/src/aic/install/aic_gazebo_transport_bridge/share/aic_gazebo_transport_bridge/package.xml\n'}
[123.343368] (aic_gazebo_transport_bridge) CommandEnded: {'returncode': 0}
[123.407971] (aic_gazebo_transport_bridge) JobEnded: {'identifier': 'aic_gazebo_transport_bridge', 'rc': 0}
[123.410381] (-) EventReactorShutdown: {}
