[0.000000] (-) TimerEvent: {}
[0.000157] (aic_gazebo_transport_bridge) JobQueued: {'identifier': 'aic_gazebo_transport_bridge', 'dependencies': OrderedDict()}
[0.004291] (aic_gazebo_transport_bridge) JobStarted: {'identifier': 'aic_gazebo_transport_bridge'}
[0.089320] (-) TimerEvent: {}
[0.194004] (-) TimerEvent: {}
[0.291417] (aic_gazebo_transport_bridge) JobProgress: {'identifier': 'aic_gazebo_transport_bridge', 'progress': 'cmake'}
[0.298617] (aic_gazebo_transport_bridge) Command: {'cmd': ['/usr/bin/cmake', '/home/ubuntu/ws_aic/src/aic/aic_utils/aic_gazebo_transport_bridge', '-DCMAKE_INSTALL_PREFIX=/home/ubuntu/ws_aic/src/aic/install/aic_gazebo_transport_bridge'], 'cwd': '/home/ubuntu/ws_aic/src/aic/build/aic_gazebo_transport_bridge', 'env': OrderedDict({'GZ_SIM_SYSTEM_PLUGIN_PATH': '/ws_aic/install/lib/aic_gazebo/', 'GZ_SIM_RESOURCE_PATH': '/ws_aic/install/share/aic_assets/models:/ws_aic/install/share', 'GZ_CONFIG_PATH': '/ws_aic/install/share/gz:/opt/ros/kilted/opt/sdformat_vendor/share/gz', 'HOSTNAME': 'c71740de18c2', 'ROS_PACKAGE_PATH': '/ws_aic/install', 'SHLVL': '0', 'LD_LIBRARY_PATH': '/ws_aic/install/lib:/opt/ros/kilted/opt/zenoh_cpp_vendor/lib:/opt/ros/kilted/opt/sdformat_vendor/lib:/opt/ros/kilted/opt/gz_math_vendor/lib:/opt/ros/kilted/opt/gz_utils_vendor/lib:/opt/ros/kilted/opt/rviz_ogre_vendor/lib:/opt/ros/kilted/lib/x86_64-linux-gnu:/opt/ros/kilted/opt/gz_tools_vendor/lib:/opt/ros/kilted/opt/gz_ogre_next_vendor/lib:/opt/ros/kilted/opt/gz_dartsim_vendor/lib:/opt/ros/kilted/opt/gz_cmake_vendor/lib:/opt/ros/kilted/lib', 'HOME': '/root', 'OLDPWD': '/home/ubuntu/ws_aic/src/aic', 'ROS_PYTHON_VERSION': '3', 'COLCON_PREFIX_PATH': '/home/ubuntu/ws_aic/src/aic/install:/ws_aic/install', 'ROS_DISTRO': 'kilted', '_': '/usr/bin/colcon', 'ROS_VERSION': '2', 'PKG_CONFIG_PATH': '/ws_aic/install/lib/x86_64-linux-gnu/pkgconfig:/ws_aic/install/lib/pkgconfig', 'PATH': '/ws_aic/install/bin:/opt/ros/kilted/opt/gz_tools_vendor/bin:/opt/ros/kilted/opt/gz_ogre_next_vendor/bin:/opt/ros/kilted/bin:/usr/local/sbin:/usr/local/bin:/usr/sbin:/usr/bin:/sbin:/bin', 'LANG': 'C.UTF-8', 'AMENT_PREFIX_PATH': '/home/ubuntu/ws_aic/src/aic/install/aic_gazebo_transport_bridge:/ws_aic/install:/opt/ros/kilted', 'ROS_AUTOMATIC_DISCOVERY_RANGE': 'SUBNET', 'PWD': '/home/ubuntu/ws_aic/src/aic/build/aic_gazebo_transport_bridge', 'LC_ALL': 'C.UTF-8', 'PYTHONPATH': '/ws_aic/install/lib/python3.12/site-packages:/opt/ros/kilted/lib/python3.12/site-packages', 'COLCON': '1', 'CMAKE_PREFIX_PATH': '/home/ubuntu/ws_aic/src/aic/install/aic_gazebo_transport_bridge:/ws_aic/install:/opt/ros/kilted/opt/sdformat_vendor:/opt/ros/kilted/opt/gz_math_vendor:/opt/ros/kilted/opt/gz_utils_vendor:/opt/ros/kilted/opt/gz_tools_vendor:/opt/ros/kilted/opt/gz_ogre_next_vendor:/opt/ros/kilted/opt/gz_dartsim_vendor:/opt/ros/kilted/opt/gz_cmake_vendor:/opt/ros/kilted'}), 'shell': False}
[0.301758] (-) TimerEvent: {}
[0.401882] (-) TimerEvent: {}
[0.504520] (-) TimerEvent: {}
[0.609627] (-) TimerEvent: {}
[0.710996] (-) TimerEvent: {}
[0.818854] (-) TimerEvent: {}
[0.919937] (-) TimerEvent: {}
[1.020249] (-) TimerEvent: {}
[1.120396] (-) TimerEvent: {}
[1.493801] (-) TimerEvent: {}
[1.594306] (-) TimerEvent: {}
[1.694953] (-) TimerEvent: {}
[1.803750] (-) TimerEvent: {}
[1.905845] (-) TimerEvent: {}
[2.010497] (-) TimerEvent: {}
[2.110672] (-) TimerEvent: {}
[2.211069] (-) TimerEvent: {}
[2.312278] (-) TimerEvent: {}
[2.412475] (-) TimerEvent: {}
[2.514144] (-) TimerEvent: {}
[2.615744] (-) TimerEvent: {}
[2.719800] (-) TimerEvent: {}
[2.820427] (-) TimerEvent: {}
[2.920948] (-) TimerEvent: {}
[3.026069] (-) TimerEvent: {}
[3.126376] (-) TimerEvent: {}
[3.150399] (aic_gazebo_transport_bridge) StdoutLine: {'line': b'-- The C compiler identification is GNU 13.3.0\n'}
[3.230023] (-) TimerEvent: {}
[3.330958] (-) TimerEvent: {}
[3.431337] (-) TimerEvent: {}
[3.531514] (-) TimerEvent: {}
[3.633399] (-) TimerEvent: {}
[3.798904] (-) TimerEvent: {}
[3.900604] (-) TimerEvent: {}
[4.010384] (-) TimerEvent: {}
[4.110864] (-) TimerEvent: {}
[4.434812] (-) TimerEvent: {}
[4.579738] (-) TimerEvent: {}
[4.709700] (-) TimerEvent: {}
[4.809856] (-) TimerEvent: {}
[4.910017] (-) TimerEvent: {}
[5.010314] (-) TimerEvent: {}
[5.111795] (-) TimerEvent: {}
[5.211992] (-) TimerEvent: {}
[5.312133] (-) TimerEvent: {}
[5.434138] (-) TimerEvent: {}
[5.548236] (-) TimerEvent: {}
[5.648795] (-) TimerEvent: {}
[5.749610] (-) TimerEvent: {}
[5.850612] (-) TimerEvent: {}
[6.519064] (-) TimerEvent: {}
[6.627644] (-) TimerEvent: {}
[6.727867] (-) TimerEvent: {}
[6.876732] (-) TimerEvent: {}
[6.976905] (-) TimerEvent: {}
[7.077130] (-) TimerEvent: {}
[7.177309] (-) TimerEvent: {}
[7.277642] (-) TimerEvent: {}
[7.685246] (-) TimerEvent: {}
[7.786445] (-) TimerEvent: {}
[7.886678] (-) TimerEvent: {}
[7.986939] (-) TimerEvent: {}
[8.087133] (-) TimerEvent: {}
[8.187308] (-) TimerEvent: {}
[8.287536] (-) TimerEvent: {}
[8.388144] (-) TimerEvent: {}
[8.488307] (-) TimerEvent: {}
[8.588994] (-) TimerEvent: {}
[8.689163] (-) TimerEvent: {}
[8.904982] (-) TimerEvent: {}
[9.005620] (-) TimerEvent: {}
[9.198898] (-) TimerEvent: {}
[9.301486] (-) TimerEvent: {}
[9.411021] (-) TimerEvent: {}
[9.579936] (-) TimerEvent: {}
[9.681718] (-) TimerEvent: {}
[9.955899] (-) TimerEvent: {}
[10.059224] (-) TimerEvent: {}
[10.160186] (-) TimerEvent: {}
[10.261494] (-) TimerEvent: {}
[10.410327] (-) TimerEvent: {}
[10.511089] (-) TimerEvent: {}
[10.536665] (aic_gazebo_transport_bridge) StdoutLine: {'line': b'-- The CXX compiler identification is GNU 13.3.0\n'}
[10.730050] (-) TimerEvent: {}
[11.124447] (-) TimerEvent: {}
[11.224824] (-) TimerEvent: {}
[12.217387] (-) TimerEvent: {}
[12.317565] (-) TimerEvent: {}
[12.417720] (-) TimerEvent: {}
[12.423891] (aic_gazebo_transport_bridge) StdoutLine: {'line': b'-- Detecting C compiler ABI info\n'}
[12.550426] (-) TimerEvent: {}
[12.650705] (-) TimerEvent: {}
[12.753373] (-) TimerEvent: {}
[12.853557] (-) TimerEvent: {}
[12.953736] (-) TimerEvent: {}
[13.053888] (-) TimerEvent: {}
[13.154071] (-) TimerEvent: {}
[16.398010] (-) TimerEvent: {}
[16.500492] (-) TimerEvent: {}
[16.601337] (-) TimerEvent: {}
[16.701513] (-) TimerEvent: {}
[16.805095] (-) TimerEvent: {}
[16.905259] (-) TimerEvent: {}
[17.005445] (-) TimerEvent: {}
[17.105602] (-) TimerEvent: {}
[17.205738] (-) TimerEvent: {}
[17.952443] (-) TimerEvent: {}
[18.052569] (-) TimerEvent: {}
[18.152726] (-) TimerEvent: {}
[18.252885] (-) TimerEvent: {}
[18.353029] (-) TimerEvent: {}
[18.453217] (-) TimerEvent: {}
[18.553633] (-) TimerEvent: {}
[18.653772] (-) TimerEvent: {}
[20.729499] (-) TimerEvent: {}
[20.829737] (-) TimerEvent: {}
[20.929948] (-) TimerEvent: {}
[21.030163] (-) TimerEvent: {}
[21.136488] (-) TimerEvent: {}
[21.237978] (-) TimerEvent: {}
[21.338152] (-) TimerEvent: {}
[21.441897] (-) TimerEvent: {}
[21.542572] (-) TimerEvent: {}
[21.643432] (-) TimerEvent: {}
[21.743597] (-) TimerEvent: {}
[21.848517] (-) TimerEvent: {}
[21.951495] (-) TimerEvent: {}
[22.052105] (-) TimerEvent: {}
[22.154031] (-) TimerEvent: {}
[22.257968] (-) TimerEvent: {}
[22.358124] (-) TimerEvent: {}
[22.464754] (-) TimerEvent: {}
[22.571160] (-) TimerEvent: {}
[22.671306] (-) TimerEvent: {}
[22.798097] (-) TimerEvent: {}
[22.900564] (-) TimerEvent: {}
[23.001291] (-) TimerEvent: {}
[23.101465] (-) TimerEvent: {}
[23.208400] (-) TimerEvent: {}
[23.310493] (-) TimerEvent: {}
[23.410620] (-) TimerEvent: {}
[23.511418] (-) TimerEvent: {}
[23.613797] (-) TimerEvent: {}
[23.714004] (-) TimerEvent: {}
[23.814198] (-) TimerEvent: {}
[23.914558] (-) TimerEvent: {}
[24.014734] (-) TimerEvent: {}
[24.114914] (-) TimerEvent: {}
[24.216400] (-) TimerEvent: {}
[24.327158] (-) TimerEvent: {}
[24.333530] (aic_gazebo_transport_bridge) StdoutLine: {'line': b'-- Detecting C compiler ABI info - done\n'}
[24.334965] (aic_gazebo_transport_bridge) StdoutLine: {'line': b'-- Check for working C compiler: /usr/bin/cc - skipped\n'}
[24.335288] (aic_gazebo_transport_bridge) StdoutLine: {'line': b'-- Detecting C compile features\n'}
[24.335594] (aic_gazebo_transport_bridge) StdoutLine: {'line': b'-- Detecting C compile features - done\n'}
[24.557464] (-) TimerEvent: {}
[24.658283] (-) TimerEvent: {}
[24.759168] (-) TimerEvent: {}
[24.859401] (-) TimerEvent: {}
[24.959594] (-) TimerEvent: {}
[25.059783] (-) TimerEvent: {}
[25.159947] (-) TimerEvent: {}
[25.260084] (-) TimerEvent: {}
[25.360252] (-) TimerEvent: {}
[25.460386] (-) TimerEvent: {}
[25.534217] (aic_gazebo_transport_bridge) StdoutLine: {'line': b'-- Detecting CXX compiler ABI info\n'}
[25.568429] (-) TimerEvent: {}
[25.668570] (-) TimerEvent: {}
[25.768741] (-) TimerEvent: {}
[25.868869] (-) TimerEvent: {}
[25.969012] (-) TimerEvent: {}
[26.069171] (-) TimerEvent: {}
[26.169425] (-) TimerEvent: {}
[26.269588] (-) TimerEvent: {}
[26.369801] (-) TimerEvent: {}
[26.469967] (-) TimerEvent: {}
[26.570233] (-) TimerEvent: {}
[26.670482] (-) TimerEvent: {}
[26.770663] (-) TimerEvent: {}
[26.870833] (-) TimerEvent: {}
[26.971012] (-) TimerEvent: {}
[27.071225] (-) TimerEvent: {}
[27.171387] (-) TimerEvent: {}
[27.271535] (-) TimerEvent: {}
[27.371735] (-) TimerEvent: {}
[27.471882] (-) TimerEvent: {}
[27.571990] (-) TimerEvent: {}
[27.672154] (-) TimerEvent: {}
[27.772323] (-) TimerEvent: {}
[27.872541] (-) TimerEvent: {}
[27.989834] (-) TimerEvent: {}
[28.120826] (-) TimerEvent: {}
[28.221392] (-) TimerEvent: {}
[28.321981] (-) TimerEvent: {}
[28.422415] (-) TimerEvent: {}
[28.522593] (-) TimerEvent: {}
[28.622911] (-) TimerEvent: {}
[28.660860] (aic_gazebo_transport_bridge) StdoutLine: {'line': b'-- Detecting CXX compiler ABI info - done\n'}
[28.667384] (aic_gazebo_transport_bridge) StdoutLine: {'line': b'-- Check for working CXX compiler: /usr/bin/c++ - skipped\n'}
[28.667559] (aic_gazebo_transport_bridge) StdoutLine: {'line': b'-- Detecting CXX compile features\n'}
[28.667682] (aic_gazebo_transport_bridge) StdoutLine: {'line': b'-- Detecting CXX compile features - done\n'}
[28.667799] (aic_gazebo_transport_bridge) StdoutLine: {'line': b'-- Found ament_cmake: 2.7.5 (/opt/ros/kilted/share/ament_cmake/cmake)\n'}
[28.727807] (-) TimerEvent: {}
[28.857466] (-) TimerEvent: {}
[28.957629] (-) TimerEvent: {}
[29.057799] (-) TimerEvent: {}
[29.158020] (-) TimerEvent: {}
[29.258276] (-) TimerEvent: {}
[29.358587] (-) TimerEvent: {}
[29.458880] (-) TimerEvent: {}
[29.560790] (-) TimerEvent: {}
[29.787416] (-) TimerEvent: {}
[29.887641] (-) TimerEvent: {}
[29.987833] (-) TimerEvent: {}
[30.088014] (-) TimerEvent: {}
[30.284266] (-) TimerEvent: {}
[30.384459] (-) TimerEvent: {}
[30.485173] (-) TimerEvent: {}
[30.585400] (-) TimerEvent: {}
[30.685587] (-) TimerEvent: {}
[30.785802] (-) TimerEvent: {}
[30.886052] (-) TimerEvent: {}
[30.986230] (-) TimerEvent: {}
[31.086394] (-) TimerEvent: {}
[31.186601] (-) TimerEvent: {}
[31.286745] (-) TimerEvent: {}
[31.386869] (-) TimerEvent: {}
[31.487031] (-) TimerEvent: {}
[31.587230] (-) TimerEvent: {}
[31.687329] (-) TimerEvent: {}
[31.787508] (-) TimerEvent: {}
[31.887665] (-) TimerEvent: {}
[31.987799] (-) TimerEvent: {}
[32.087970] (-) TimerEvent: {}
[32.188075] (-) TimerEvent: {}
[32.288169] (-) TimerEvent: {}
[32.388442] (-) TimerEvent: {}
[32.488594] (-) TimerEvent: {}
[32.588756] (-) TimerEvent: {}
[32.688922] (-) TimerEvent: {}
[32.789092] (-) TimerEvent: {}
[32.925662] (-) TimerEvent: {}
[33.025830] (-) TimerEvent: {}
[33.126017] (-) TimerEvent: {}
[33.226576] (-) TimerEvent: {}
[33.327111] (-) TimerEvent: {}
[33.427300] (-) TimerEvent: {}
[33.527490] (-) TimerEvent: {}
[33.627643] (-) TimerEvent: {}
[34.090427] (-) TimerEvent: {}
[34.190573] (-) TimerEvent: {}
[34.300388] (-) TimerEvent: {}
[34.400552] (-) TimerEvent: {}
[34.505461] (-) TimerEvent: {}
[34.605658] (-) TimerEvent: {}
[34.736528] (-) TimerEvent: {}
[35.777481] (-) TimerEvent: {}
[37.862359] (-) TimerEvent: {}
[37.966483] (-) TimerEvent: {}
[38.066951] (-) TimerEvent: {}
[38.167293] (-) TimerEvent: {}
[38.195568] (aic_gazebo_transport_bridge) StdoutLine: {'line': b'-- Found Python3: /usr/bin/python3 (found version "3.12.3") found components: Interpreter \n'}
[38.267392] (-) TimerEvent: {}
[38.367575] (-) TimerEvent: {}
[39.018483] (-) TimerEvent: {}
[39.119136] (-) TimerEvent: {}
[39.219310] (-) TimerEvent: {}
[39.320124] (-) TimerEvent: {}
