[9.101s] DEBUG:colcon:Command line arguments: ['/usr/bin/colcon', 'build', '--base-paths', 'aic_utils/aic_gazebo_transport_bridge', '--packages-select', 'aic_gazebo_transport_bridge', '--executor', 'sequential']
[9.101s] DEBUG:colcon:Parsed command line arguments: Namespace(log_base=None, log_level=None, verb_name='build', build_base='build', install_base='install', merge_install=False, symlink_install=False, test_result_base=None, continue_on_error=False, executor='sequential', parallel_workers=8, event_handlers=None, ignore_user_meta=False, metas=['./colcon.meta'], base_paths=['aic_utils/aic_gazebo_transport_bridge'], packages_ignore=None, packages_ignore_regex=None, paths=None, packages_up_to=None, packages_up_to_regex=None, packages_above=None, packages_above_and_dependencies=None, packages_above_depth=None, packages_select_by_dep=None, packages_skip_by_dep=None, packages_skip_up_to=None, packages_select_build_failed=False, packages_skip_build_finished=False, packages_select_test_failures=False, packages_skip_test_passed=False, packages_select=['aic_gazebo_transport_bridge'], packages_skip=None, packages_select_regex=None, packages_skip_regex=None, packages_start=None, packages_end=None, cmake_args=None, cmake_target=None, cmake_target_skip_unavailable=False, cmake_clean_cache=False, cmake_clean_first=False, cmake_force_configure=False, ament_cmake_args=None, catkin_cmake_args=None, catkin_skip_building_tests=False, mixin_files=None, mixin=None, verb_parser=<colcon_mixin.mixin.mixin_argument.MixinArgumentDecorator object at 0x74d46dae8830>, verb_extension=<colcon_core.verb.build.BuildVerb object at 0x74d46dae82f0>, main=<bound method BuildVerb.main of <colcon_core.verb.build.BuildVerb object at 0x74d46dae82f0>>, mixin_verb=('build',))
[11.059s] Level 1:colcon.colcon_core.package_discovery:discover_packages(colcon_meta) check parameters
[11.086s] INFO:colcon.colcon_metadata.package_discovery.colcon_meta:Using configuration from '/root/.colcon/metadata/default/Gazebo.meta'
[11.094s] INFO:colcon.colcon_metadata.package_discovery.colcon_meta:Using configuration from '/root/.colcon/metadata/default/fastdds.meta'
[11.109s] INFO:colcon.colcon_metadata.package_discovery.colcon_meta:Using configuration from '/root/.colcon/metadata/default/fastrtps.meta'
[11.109s] Level 1:colcon.colcon_core.package_discovery:discover_packages(recursive) check parameters
[11.109s] Level 1:colcon.colcon_core.package_discovery:discover_packages(ignore) check parameters
[11.109s] Level 1:colcon.colcon_core.package_discovery:discover_packages(path) check parameters
[11.109s] Level 1:colcon.colcon_core.package_discovery:discover_packages(recursive) discover
[11.111s] INFO:colcon.colcon_core.package_discovery:Crawling recursively for packages in '/home/ubuntu/ws_aic/src/aic/aic_utils/aic_gazebo_transport_bridge'
[11.113s] Level 1:colcon.colcon_core.package_identification:_identify(aic_utils/aic_gazebo_transport_bridge) by extensions ['ignore', 'ignore_ament_install']
[11.113s] Level 1:colcon.colcon_core.package_identification:_identify(aic_utils/aic_gazebo_transport_bridge) by extension 'ignore'
[11.113s] Level 1:colcon.colcon_core.package_identification:_identify(aic_utils/aic_gazebo_transport_bridge) by extension 'ignore_ament_install'
[11.120s] Level 1:colcon.colcon_core.package_identification:_identify(aic_utils/aic_gazebo_transport_bridge) by extensions ['colcon_pkg']
[11.120s] Level 1:colcon.colcon_core.package_identification:_identify(aic_utils/aic_gazebo_transport_bridge) by extension 'colcon_pkg'
[11.120s] Level 1:colcon.colcon_core.package_identification:_identify(aic_utils/aic_gazebo_transport_bridge) by extensions ['colcon_meta']
[11.120s] Level 1:colcon.colcon_core.package_identification:_identify(aic_utils/aic_gazebo_transport_bridge) by extension 'colcon_meta'
[11.121s] Level 1:colcon.colcon_core.package_identification:_identify(aic_utils/aic_gazebo_transport_bridge) by extensions ['ros']
[11.121s] Level 1:colcon.colcon_core.package_identification:_identify(aic_utils/aic_gazebo_transport_bridge) by extension 'ros'
[12.005s] DEBUG:colcon.colcon_core.package_identification:Package 'aic_utils/aic_gazebo_transport_bridge' with type 'ros.ament_cmake' and name 'aic_gazebo_transport_bridge'
[12.015s] Level 1:colcon.colcon_core.package_discovery:discover_packages(recursive) using defaults
[12.999s] Level 5:colcon.colcon_core.verb:set package 'aic_gazebo_transport_bridge' build argument 'cmake_args' from command line to 'None'
[12.999s] Level 5:colcon.colcon_core.verb:set package 'aic_gazebo_transport_bridge' build argument 'cmake_target' from command line to 'None'
[12.999s] Level 5:colcon.colcon_core.verb:set package 'aic_gazebo_transport_bridge' build argument 'cmake_target_skip_unavailable' from command line to 'False'
[12.999s] Level 5:colcon.colcon_core.verb:set package 'aic_gazebo_transport_bridge' build argument 'cmake_clean_cache' from command line to 'False'
[12.999s] Level 5:colcon.colcon_core.verb:set package 'aic_gazebo_transport_bridge' build argument 'cmake_clean_first' from command line to 'False'
[12.999s] Level 5:colcon.colcon_core.verb:set package 'aic_gazebo_transport_bridge' build argument 'cmake_force_configure' from command line to 'False'
[13.019s] Level 5:colcon.colcon_core.verb:set package 'aic_gazebo_transport_bridge' build argument 'ament_cmake_args' from command line to 'None'
[13.019s] Level 5:colcon.colcon_core.verb:set package 'aic_gazebo_transport_bridge' build argument 'catkin_cmake_args' from command line to 'None'
[13.019s] Level 5:colcon.colcon_core.verb:set package 'aic_gazebo_transport_bridge' build argument 'catkin_skip_building_tests' from command line to 'False'
[13.024s] DEBUG:colcon.colcon_core.verb:Building package 'aic_gazebo_transport_bridge' with the following arguments: {'ament_cmake_args': None, 'build_base': '/home/ubuntu/ws_aic/src/aic/build/aic_gazebo_transport_bridge', 'catkin_cmake_args': None, 'catkin_skip_building_tests': False, 'cmake_args': None, 'cmake_clean_cache': False, 'cmake_clean_first': False, 'cmake_force_configure': False, 'cmake_target': None, 'cmake_target_skip_unavailable': False, 'install_base': '/home/ubuntu/ws_aic/src/aic/install/aic_gazebo_transport_bridge', 'merge_install': False, 'path': '/home/ubuntu/ws_aic/src/aic/aic_utils/aic_gazebo_transport_bridge', 'symlink_install': False, 'test_result_base': None}
[13.024s] INFO:colcon.colcon_core.executor:Executing jobs using 'sequential' executor
[13.091s] DEBUG:colcon.colcon_core.executor.sequential:run_until_complete 'aic_gazebo_transport_bridge'
[13.092s] INFO:colcon.colcon_ros.task.ament_cmake.build:Building ROS package in '/home/ubuntu/ws_aic/src/aic/aic_utils/aic_gazebo_transport_bridge' with build type 'ament_cmake'
[13.092s] INFO:colcon.colcon_cmake.task.cmake.build:Building CMake package in '/home/ubuntu/ws_aic/src/aic/aic_utils/aic_gazebo_transport_bridge'
[13.149s] INFO:colcon.colcon_core.plugin_system:Skipping extension 'colcon_core.shell.bat': Not used on non-Windows systems
[13.149s] INFO:colcon.colcon_core.shell:Skip shell extension 'powershell' for command environment: Not usable outside of PowerShell
[13.149s] DEBUG:colcon.colcon_core.shell:Skip shell extension 'dsv' for command environment
[13.172s] WARNING:colcon.colcon_ros.prefix_path.ament:The path '/home/ubuntu/ws_aic/src/aic/install/aic_gazebo_transport_bridge' in the environment variable AMENT_PREFIX_PATH doesn't exist
[13.189s] WARNING:colcon.colcon_ros.prefix_path.catkin:The path '/home/ubuntu/ws_aic/src/aic/install/aic_gazebo_transport_bridge' in the environment variable CMAKE_PREFIX_PATH doesn't exist
[13.393s] DEBUG:colcon.colcon_core.event_handler.log_command:Invoking command in '/home/ubuntu/ws_aic/src/aic/build/aic_gazebo_transport_bridge': CMAKE_PREFIX_PATH=${CMAKE_PREFIX_PATH}:/opt/ros/kilted /usr/bin/cmake /home/ubuntu/ws_aic/src/aic/aic_utils/aic_gazebo_transport_bridge -DCMAKE_INSTALL_PREFIX=/home/ubuntu/ws_aic/src/aic/install/aic_gazebo_transport_bridge
