-- The C compiler identification is GNU 13.3.0
-- The CXX compiler identification is GNU 13.3.0
-- Detecting C compiler ABI info
-- Detecting C compiler ABI info - done
-- Check for working C compiler: /usr/bin/cc - skipped
-- Detecting C compile features
-- Detecting C compile features - done
-- Detecting CXX compiler ABI info
-- Detecting CXX compiler ABI info - done
-- Check for working CXX compiler: /usr/bin/c++ - skipped
-- Detecting CXX compile features
-- Detecting CXX compile features - done
-- Found ament_cmake: 2.7.5 (/opt/ros/kilted/share/ament_cmake/cmake)
-- Found Python3: /usr/bin/python3 (found version "3.12.3") found components: Interpreter 
CMake Error at CMakeLists.txt:10 (find_package):
  By not providing "Findgz_transport_vendor.cmake" in CMAKE_MODULE_PATH this
  project has asked CMake to find a package configuration file provided by
  "gz_transport_vendor", but CMake did not find one.

  Could not find a package configuration file provided by
  "gz_transport_vendor" with any of the following names:

    gz_transport_vendorConfig.cmake
    gz_transport_vendor-config.cmake

  Add the installation prefix of "gz_transport_vendor" to CMAKE_PREFIX_PATH
  or set "gz_transport_vendor_DIR" to a directory containing one of the above
  files.  If "gz_transport_vendor" provides a separate development package or
  SDK, be sure it has been installed.


-- Configuring incomplete, errors occurred!
